2025:07:04 :: 15:00:59::warn::===== http://localhost:8090 =====
2025:07:04 :: 15:00:59::info::===========development===========
2025:07:04 :: 15:00:59::info::===========port:8090=============
2025:07:04 :: 15:00:59::info::=================================
2025:07:04 :: 15:00:59::info::Mongodb is connected to database:oop
2025:07:04 :: 15:01:56::warn::===== http://localhost:8090 =====
2025:07:04 :: 15:01:56::info::===========development===========
2025:07:04 :: 15:01:56::info::===========port:8090=============
2025:07:04 :: 15:01:56::info::=================================
2025:07:04 :: 15:01:56::info::Mongodb is connected to database:oop
2025:07:04 :: 15:02:07::warn::===== http://localhost:8090 =====
2025:07:04 :: 15:02:07::info::===========development===========
2025:07:04 :: 15:02:07::info::===========port:8090=============
2025:07:04 :: 15:02:07::info::=================================
2025:07:04 :: 15:02:07::info::Mongodb is connected to database:oop
2025:07:04 :: 15:02:10::warn::===== http://localhost:8090 =====
2025:07:04 :: 15:02:10::info::===========development===========
2025:07:04 :: 15:02:10::info::===========port:8090=============
2025:07:04 :: 15:02:10::info::=================================
2025:07:04 :: 15:02:10::info::Mongodb is connected to database:oop
2025:07:04 :: 15:02:18::warn::===== http://localhost:8090 =====
2025:07:04 :: 15:02:18::info::===========development===========
2025:07:04 :: 15:02:18::info::===========port:8090=============
2025:07:04 :: 15:02:18::info::=================================
2025:07:04 :: 15:02:18::info::Mongodb is connected to database:oop
2025:07:04 :: 15:02:40::warn::===== http://localhost:8090 =====
2025:07:04 :: 15:02:40::info::===========development===========
2025:07:04 :: 15:02:40::info::===========port:8090=============
2025:07:04 :: 15:02:40::info::=================================
2025:07:04 :: 15:02:40::info::Mongodb is connected to database:oop
2025:07:04 :: 15:02:45::warn::===== http://localhost:8090 =====
2025:07:04 :: 15:02:45::info::===========development===========
2025:07:04 :: 15:02:45::info::===========port:8090=============
2025:07:04 :: 15:02:45::info::=================================
2025:07:04 :: 15:02:45::info::Mongodb is connected to database:oop
2025:07:04 :: 15:02:50::warn::===== http://localhost:8090 =====
2025:07:04 :: 15:02:50::info::===========development===========
2025:07:04 :: 15:02:50::info::===========port:8090=============
2025:07:04 :: 15:02:50::info::=================================
2025:07:04 :: 15:02:50::info::Mongodb is connected to database:oop
2025:07:04 :: 15:03:00::warn::===== http://localhost:8090 =====
2025:07:04 :: 15:03:00::info::===========development===========
2025:07:04 :: 15:03:00::info::===========port:8090=============
2025:07:04 :: 15:03:00::info::=================================
2025:07:04 :: 15:03:00::info::Mongodb is connected to database:oop
2025:07:04 :: 15:03:06::warn::===== http://localhost:8090 =====
2025:07:04 :: 15:03:06::info::===========development===========
2025:07:04 :: 15:03:06::info::===========port:8090=============
2025:07:04 :: 15:03:06::info::=================================
2025:07:04 :: 15:03:06::info::Mongodb is connected to database:oop
2025:07:04 :: 15:03:50::warn::===== http://localhost:8090 =====
2025:07:04 :: 15:03:50::info::===========development===========
2025:07:04 :: 15:03:50::info::===========port:8090=============
2025:07:04 :: 15:03:50::info::=================================
2025:07:04 :: 15:03:50::info::Mongodb is connected to database:oop
2025:07:04 :: 15:03:55::warn::===== http://localhost:8090 =====
2025:07:04 :: 15:03:55::info::===========development===========
2025:07:04 :: 15:03:55::info::===========port:8090=============
2025:07:04 :: 15:03:55::info::=================================
2025:07:04 :: 15:03:55::info::Mongodb is connected to database:oop
2025:07:04 :: 15:03:58::warn::===== http://localhost:8090 =====
2025:07:04 :: 15:03:58::info::===========development===========
2025:07:04 :: 15:03:58::info::===========port:8090=============
2025:07:04 :: 15:03:58::info::=================================
2025:07:04 :: 15:03:58::info::Mongodb is connected to database:oop
2025:07:04 :: 15:04:49::warn::===== http://localhost:8090 =====
2025:07:04 :: 15:04:49::info::===========development===========
2025:07:04 :: 15:04:49::info::===========port:8090=============
2025:07:04 :: 15:04:49::info::=================================
2025:07:04 :: 15:04:49::info::Mongodb is connected to database:oop
2025:07:04 :: 15:04:53::warn::===== http://localhost:8090 =====
2025:07:04 :: 15:04:53::info::===========development===========
2025:07:04 :: 15:04:53::info::===========port:8090=============
2025:07:04 :: 15:04:53::info::=================================
2025:07:04 :: 15:04:53::info::Mongodb is connected to database:oop
2025:07:04 :: 15:10:50::warn::===== http://localhost:8090 =====
2025:07:04 :: 15:10:50::info::===========development===========
2025:07:04 :: 15:10:50::info::===========port:8090=============
2025:07:04 :: 15:10:50::info::=================================
2025:07:04 :: 15:10:50::info::Mongodb is connected to database:oop
2025:07:04 :: 15:10:56::info::[0mGET /api/cars/686524d6dc2fdf3bb73ff4e0 [32m200[0m 14.739 ms - 233[0m
2025:07:04 :: 15:13:43::warn::===== http://localhost:8090 =====
2025:07:04 :: 15:13:43::info::===========development===========
2025:07:04 :: 15:13:43::info::===========port:8090=============
2025:07:04 :: 15:13:43::info::=================================
2025:07:04 :: 15:13:43::info::Mongodb is connected to database:oop
2025:07:04 :: 15:13:58::warn::===== http://localhost:8090 =====
2025:07:04 :: 15:13:58::info::===========development===========
2025:07:04 :: 15:13:58::info::===========port:8090=============
2025:07:04 :: 15:13:58::info::=================================
2025:07:04 :: 15:13:58::info::Mongodb is connected to database:oop
2025:07:04 :: 15:14:14::warn::===== http://localhost:8090 =====
2025:07:04 :: 15:14:14::info::===========development===========
2025:07:04 :: 15:14:14::info::===========port:8090=============
2025:07:04 :: 15:14:14::info::=================================
2025:07:04 :: 15:14:14::info::Mongodb is connected to database:oop
2025:07:04 :: 15:14:23::warn::===== http://localhost:8090 =====
2025:07:04 :: 15:14:23::info::===========development===========
2025:07:04 :: 15:14:23::info::===========port:8090=============
2025:07:04 :: 15:14:23::info::=================================
2025:07:04 :: 15:14:23::info::Mongodb is connected to database:oop
2025:07:04 :: 15:14:39::warn::===== http://localhost:8090 =====
2025:07:04 :: 15:14:39::info::===========development===========
2025:07:04 :: 15:14:39::info::===========port:8090=============
2025:07:04 :: 15:14:39::info::=================================
2025:07:04 :: 15:14:39::info::Mongodb is connected to database:oop
2025:07:04 :: 15:14:50::warn::===== http://localhost:8090 =====
2025:07:04 :: 15:14:50::info::===========development===========
2025:07:04 :: 15:14:50::info::===========port:8090=============
2025:07:04 :: 15:14:50::info::=================================
2025:07:04 :: 15:14:50::info::Mongodb is connected to database:oop
2025:07:04 :: 15:14:59::warn::===== http://localhost:8090 =====
2025:07:04 :: 15:14:59::info::===========development===========
2025:07:04 :: 15:14:59::info::===========port:8090=============
2025:07:04 :: 15:14:59::info::=================================
2025:07:04 :: 15:15:00::info::Mongodb is connected to database:oop
2025:07:04 :: 15:15:08::warn::===== http://localhost:8090 =====
2025:07:04 :: 15:15:08::info::===========development===========
2025:07:04 :: 15:15:08::info::===========port:8090=============
2025:07:04 :: 15:15:08::info::=================================
2025:07:04 :: 15:15:09::info::Mongodb is connected to database:oop
2025:07:04 :: 15:15:17::warn::===== http://localhost:8090 =====
2025:07:04 :: 15:15:17::info::===========development===========
2025:07:04 :: 15:15:17::info::===========port:8090=============
2025:07:04 :: 15:15:17::info::=================================
2025:07:04 :: 15:15:17::info::Mongodb is connected to database:oop
2025:07:04 :: 15:15:19::info::[0mGET /api/cars/686524d6dc2fdf3bb73ff4e0 [32m200[0m 14.912 ms - 233[0m
2025:07:04 :: 16:01:22::info::[0mPOST /api/books [33m404[0m 2.320 ms - 149[0m
2025:07:04 :: 16:01:24::info::[0mPOST /api/books [33m404[0m 1.189 ms - 149[0m
2025:07:04 :: 16:01:39::warn::===== http://localhost:8090 =====
2025:07:04 :: 16:01:39::info::===========development===========
2025:07:04 :: 16:01:39::info::===========port:8090=============
2025:07:04 :: 16:01:40::info::=================================
2025:07:04 :: 16:01:40::info::Mongodb is connected to database:oop
2025:07:04 :: 16:01:42::info::[0mPOST /api/books [33m400[0m 4.773 ms - 141[0m
2025:07:04 :: 16:02:16::info::[0mPOST /api/books [33m400[0m 5.928 ms - 79[0m
2025:07:04 :: 16:02:21::info::[0mPOST /api/books [33m400[0m 29.743 ms - 203[0m
2025:07:04 :: 16:02:34::info::[0mPOST /api/books [32m201[0m 12.802 ms - 233[0m
2025:07:04 :: 16:02:43::info::[0mPOST /api/books [32m201[0m 19.209 ms - 92[0m
2025:07:04 :: 16:02:43::error::Unhandled Error: Cannot set headers after they are sent to the client
2025:07:04 :: 16:03:07::warn::===== http://localhost:8090 =====
2025:07:04 :: 16:03:07::info::===========development===========
2025:07:04 :: 16:03:07::info::===========port:8090=============
2025:07:04 :: 16:03:07::info::=================================
2025:07:04 :: 16:03:07::info::Mongodb is connected to database:oop
2025:07:04 :: 16:03:09::info::[0mPOST /api/books [32m201[0m 32.373 ms - 92[0m
2025:07:04 :: 16:03:30::warn::===== http://localhost:8090 =====
2025:07:04 :: 16:03:30::info::===========development===========
2025:07:04 :: 16:03:30::info::===========port:8090=============
2025:07:04 :: 16:03:30::info::=================================
2025:07:04 :: 16:03:30::info::Mongodb is connected to database:oop
2025:07:04 :: 16:03:35::warn::===== http://localhost:8090 =====
2025:07:04 :: 16:03:35::info::===========development===========
2025:07:04 :: 16:03:35::info::===========port:8090=============
2025:07:04 :: 16:03:35::info::=================================
2025:07:04 :: 16:03:35::info::Mongodb is connected to database:oop
2025:07:04 :: 16:03:37::info::[0mPOST /api/books [32m201[0m 30.301 ms - 292[0m
2025:07:04 :: 16:04:23::warn::===== http://localhost:8090 =====
2025:07:04 :: 16:04:23::info::===========development===========
2025:07:04 :: 16:04:23::info::===========port:8090=============
2025:07:04 :: 16:04:23::info::=================================
2025:07:04 :: 16:04:23::info::Mongodb is connected to database:oop
2025:07:04 :: 16:04:29::warn::===== http://localhost:8090 =====
2025:07:04 :: 16:04:29::info::===========development===========
2025:07:04 :: 16:04:29::info::===========port:8090=============
2025:07:04 :: 16:04:29::info::=================================
2025:07:04 :: 16:04:29::info::Mongodb is connected to database:oop
2025:07:04 :: 16:04:33::warn::===== http://localhost:8090 =====
2025:07:04 :: 16:04:33::info::===========development===========
2025:07:04 :: 16:04:33::info::===========port:8090=============
2025:07:04 :: 16:04:33::info::=================================
2025:07:04 :: 16:04:33::info::Mongodb is connected to database:oop
2025:07:04 :: 16:04:41::warn::===== http://localhost:8090 =====
2025:07:04 :: 16:04:41::info::===========development===========
2025:07:04 :: 16:04:41::info::===========port:8090=============
2025:07:04 :: 16:04:41::info::=================================
2025:07:04 :: 16:04:41::info::Mongodb is connected to database:oop
2025:07:04 :: 16:05:28::warn::===== http://localhost:8090 =====
2025:07:04 :: 16:05:28::info::===========development===========
2025:07:04 :: 16:05:28::info::===========port:8090=============
2025:07:04 :: 16:05:28::info::=================================
2025:07:04 :: 16:05:28::info::Mongodb is connected to database:oop
2025:07:04 :: 16:05:31::warn::===== http://localhost:8090 =====
2025:07:04 :: 16:05:31::info::===========development===========
2025:07:04 :: 16:05:31::info::===========port:8090=============
2025:07:04 :: 16:05:31::info::=================================
2025:07:04 :: 16:05:31::info::Mongodb is connected to database:oop
2025:07:04 :: 16:05:39::warn::===== http://localhost:8090 =====
2025:07:04 :: 16:05:39::info::===========development===========
2025:07:04 :: 16:05:39::info::===========port:8090=============
2025:07:04 :: 16:05:39::info::=================================
2025:07:04 :: 16:05:39::info::Mongodb is connected to database:oop
2025:07:04 :: 16:05:43::warn::===== http://localhost:8090 =====
2025:07:04 :: 16:05:43::info::===========development===========
2025:07:04 :: 16:05:43::info::===========port:8090=============
2025:07:04 :: 16:05:43::info::=================================
2025:07:04 :: 16:05:43::info::Mongodb is connected to database:oop
2025:07:04 :: 16:05:50::warn::===== http://localhost:8090 =====
2025:07:04 :: 16:05:50::info::===========development===========
2025:07:04 :: 16:05:50::info::===========port:8090=============
2025:07:04 :: 16:05:50::info::=================================
2025:07:04 :: 16:05:50::info::Mongodb is connected to database:oop
2025:07:04 :: 16:05:59::warn::===== http://localhost:8090 =====
2025:07:04 :: 16:05:59::info::===========development===========
2025:07:04 :: 16:05:59::info::===========port:8090=============
2025:07:04 :: 16:05:59::info::=================================
2025:07:04 :: 16:05:59::info::Mongodb is connected to database:oop
2025:07:04 :: 16:06:09::warn::===== http://localhost:8090 =====
2025:07:04 :: 16:06:09::info::===========development===========
2025:07:04 :: 16:06:09::info::===========port:8090=============
2025:07:04 :: 16:06:09::info::=================================
2025:07:04 :: 16:06:09::info::Mongodb is connected to database:oop
2025:07:04 :: 16:06:12::warn::===== http://localhost:8090 =====
2025:07:04 :: 16:06:12::info::===========development===========
2025:07:04 :: 16:06:12::info::===========port:8090=============
2025:07:04 :: 16:06:12::info::=================================
2025:07:04 :: 16:06:12::info::Mongodb is connected to database:oop
2025:07:04 :: 16:06:16::warn::===== http://localhost:8090 =====
2025:07:04 :: 16:06:16::info::===========development===========
2025:07:04 :: 16:06:16::info::===========port:8090=============
2025:07:04 :: 16:06:16::info::=================================
2025:07:04 :: 16:06:16::info::Mongodb is connected to database:oop
2025:07:04 :: 16:06:25::warn::===== http://localhost:8090 =====
2025:07:04 :: 16:06:25::info::===========development===========
2025:07:04 :: 16:06:25::info::===========port:8090=============
2025:07:04 :: 16:06:25::info::=================================
2025:07:04 :: 16:06:25::info::Mongodb is connected to database:oop
2025:07:04 :: 16:06:32::warn::===== http://localhost:8090 =====
2025:07:04 :: 16:06:32::info::===========development===========
2025:07:04 :: 16:06:32::info::===========port:8090=============
2025:07:04 :: 16:06:32::info::=================================
2025:07:04 :: 16:06:32::info::Mongodb is connected to database:oop
2025:07:04 :: 16:06:43::warn::===== http://localhost:8090 =====
2025:07:04 :: 16:06:43::info::===========development===========
2025:07:04 :: 16:06:43::info::===========port:8090=============
2025:07:04 :: 16:06:43::info::=================================
2025:07:04 :: 16:06:43::info::Mongodb is connected to database:oop
2025:07:04 :: 16:06:48::warn::===== http://localhost:8090 =====
2025:07:04 :: 16:06:48::info::===========development===========
2025:07:04 :: 16:06:48::info::===========port:8090=============
2025:07:04 :: 16:06:48::info::=================================
2025:07:04 :: 16:06:48::info::Mongodb is connected to database:oop
2025:07:04 :: 16:06:52::info::[0mPOST /api/books [32m201[0m 31.681 ms - 292[0m
2025:07:04 :: 16:06:55::info::[0mPOST /api/books [32m201[0m 7.393 ms - 292[0m
2025:07:04 :: 16:06:58::info::[0mPOST /api/books [32m201[0m 9.403 ms - 290[0m
2025:07:04 :: 16:07:10::info::[0mPOST /api/books [32m201[0m 6.572 ms - 291[0m
2025:07:04 :: 16:22:29::info::[0mPUT /api/books [33m400[0m 1.434 ms - 79[0m
2025:07:04 :: 16:22:51::info::[0mPUT /api/books?title=network%20plus [33m403[0m 3.170 ms - 61[0m
2025:07:04 :: 16:23:15::info::[0mPUT /api/books?title=network%20plus [33m403[0m 2.694 ms - 61[0m
2025:07:04 :: 16:23:17::info::[0mPUT /api/books?title=network%20plus [33m403[0m 2.020 ms - 61[0m
2025:07:04 :: 16:23:26::warn::===== http://localhost:8090 =====
2025:07:04 :: 16:23:26::info::===========development===========
2025:07:04 :: 16:23:26::info::===========port:8090=============
2025:07:04 :: 16:23:26::info::=================================
2025:07:04 :: 16:23:26::info::Mongodb is connected to database:oop
2025:07:04 :: 16:23:27::info::[0mPUT /api/books?title=network%20plus [32m200[0m 22.426 ms - 42[0m
2025:07:04 :: 16:23:31::info::[0mPUT /api/books?title=network%20plus [32m200[0m 8.267 ms - 42[0m
2025:07:04 :: 16:53:38::warn::===== http://localhost:8090 =====
2025:07:04 :: 16:53:38::info::===========development===========
2025:07:04 :: 16:53:38::info::===========port:8090=============
2025:07:04 :: 16:53:38::info::=================================
2025:07:04 :: 16:53:38::info::Mongodb is connected to database:oop
2025:07:04 :: 16:53:44::warn::===== http://localhost:8090 =====
2025:07:04 :: 16:53:44::info::===========development===========
2025:07:04 :: 16:53:44::info::===========port:8090=============
2025:07:04 :: 16:53:44::info::=================================
2025:07:04 :: 16:53:44::info::Mongodb is connected to database:oop
2025:07:04 :: 16:53:47::warn::===== http://localhost:8090 =====
2025:07:04 :: 16:53:47::info::===========development===========
2025:07:04 :: 16:53:47::info::===========port:8090=============
2025:07:04 :: 16:53:47::info::=================================
2025:07:04 :: 16:53:47::info::Mongodb is connected to database:oop
2025:07:04 :: 16:54:06::warn::===== http://localhost:8090 =====
2025:07:04 :: 16:54:06::info::===========development===========
2025:07:04 :: 16:54:06::info::===========port:8090=============
2025:07:04 :: 16:54:06::info::=================================
2025:07:04 :: 16:54:06::info::Mongodb is connected to database:oop
2025:07:04 :: 16:54:16::warn::===== http://localhost:8090 =====
2025:07:04 :: 16:54:16::info::===========development===========
2025:07:04 :: 16:54:16::info::===========port:8090=============
2025:07:04 :: 16:54:16::info::=================================
2025:07:04 :: 16:54:16::info::Mongodb is connected to database:oop
2025:07:04 :: 16:55:01::warn::===== http://localhost:8090 =====
2025:07:04 :: 16:55:01::info::===========development===========
2025:07:04 :: 16:55:01::info::===========port:8090=============
2025:07:04 :: 16:55:01::info::=================================
2025:07:04 :: 16:55:01::info::Mongodb is connected to database:oop
2025:07:04 :: 17:09:31::warn::===== http://localhost:8090 =====
2025:07:04 :: 17:09:31::info::===========development===========
2025:07:04 :: 17:09:31::info::===========port:8090=============
2025:07:04 :: 17:09:31::info::=================================
2025:07:04 :: 17:09:31::info::Mongodb is connected to database:oop
2025:07:04 :: 17:10:26::warn::===== http://localhost:8090 =====
2025:07:04 :: 17:10:26::info::===========development===========
2025:07:04 :: 17:10:26::info::===========port:8090=============
2025:07:04 :: 17:10:26::info::=================================
2025:07:04 :: 17:10:26::info::Mongodb is connected to database:oop
2025:07:04 :: 17:11:37::warn::===== http://localhost:8090 =====
2025:07:04 :: 17:11:37::info::===========development===========
2025:07:04 :: 17:11:37::info::===========port:8090=============
2025:07:04 :: 17:11:38::info::=================================
2025:07:04 :: 17:11:38::info::Mongodb is connected to database:oop
2025:07:04 :: 17:12:05::warn::===== http://localhost:8090 =====
2025:07:04 :: 17:12:05::info::===========development===========
2025:07:04 :: 17:12:05::info::===========port:8090=============
2025:07:04 :: 17:12:05::info::=================================
2025:07:04 :: 17:12:05::info::Mongodb is connected to database:oop
2025:07:04 :: 17:12:09::warn::===== http://localhost:8090 =====
2025:07:04 :: 17:12:09::info::===========development===========
2025:07:04 :: 17:12:09::info::===========port:8090=============
2025:07:04 :: 17:12:09::info::=================================
2025:07:04 :: 17:12:09::info::Mongodb is connected to database:oop
2025:07:04 :: 17:12:45::warn::===== http://localhost:8090 =====
2025:07:04 :: 17:12:45::info::===========development===========
2025:07:04 :: 17:12:45::info::===========port:8090=============
2025:07:04 :: 17:12:45::info::=================================
2025:07:04 :: 17:12:45::info::Mongodb is connected to database:oop
2025:07:04 :: 17:12:52::warn::===== http://localhost:8090 =====
2025:07:04 :: 17:12:52::info::===========development===========
2025:07:04 :: 17:12:52::info::===========port:8090=============
2025:07:04 :: 17:12:52::info::=================================
2025:07:04 :: 17:12:52::info::Mongodb is connected to database:oop
2025:07:04 :: 17:13:17::warn::===== http://localhost:8090 =====
2025:07:04 :: 17:13:17::info::===========development===========
2025:07:04 :: 17:13:17::info::===========port:8090=============
2025:07:04 :: 17:13:17::info::=================================
2025:07:04 :: 17:13:17::info::Mongodb is connected to database:oop
2025:07:04 :: 17:13:40::warn::===== http://localhost:8090 =====
2025:07:04 :: 17:13:40::info::===========development===========
2025:07:04 :: 17:13:40::info::===========port:8090=============
2025:07:04 :: 17:13:40::info::=================================
2025:07:04 :: 17:13:40::info::Mongodb is connected to database:oop
2025:07:04 :: 17:13:49::warn::===== http://localhost:8090 =====
2025:07:04 :: 17:13:49::info::===========development===========
2025:07:04 :: 17:13:49::info::===========port:8090=============
2025:07:04 :: 17:13:49::info::=================================
2025:07:04 :: 17:13:49::info::Mongodb is connected to database:oop
2025:07:04 :: 17:13:58::warn::===== http://localhost:8090 =====
2025:07:04 :: 17:13:58::info::===========development===========
2025:07:04 :: 17:13:58::info::===========port:8090=============
2025:07:04 :: 17:13:58::info::=================================
2025:07:04 :: 17:13:58::info::Mongodb is connected to database:oop
2025:07:04 :: 17:14:11::warn::===== http://localhost:8090 =====
2025:07:04 :: 17:14:11::info::===========development===========
2025:07:04 :: 17:14:11::info::===========port:8090=============
2025:07:04 :: 17:14:11::info::=================================
2025:07:04 :: 17:14:11::info::Mongodb is connected to database:oop
2025:07:04 :: 17:14:17::warn::===== http://localhost:8090 =====
2025:07:04 :: 17:14:17::info::===========development===========
2025:07:04 :: 17:14:17::info::===========port:8090=============
2025:07:04 :: 17:14:17::info::=================================
2025:07:04 :: 17:14:17::info::Mongodb is connected to database:oop
2025:07:04 :: 17:15:06::warn::===== http://localhost:8090 =====
2025:07:04 :: 17:15:06::info::===========development===========
2025:07:04 :: 17:15:06::info::===========port:8090=============
2025:07:04 :: 17:15:06::info::=================================
2025:07:04 :: 17:15:07::info::Mongodb is connected to database:oop
2025:07:04 :: 17:15:36::warn::===== http://localhost:8090 =====
2025:07:04 :: 17:15:36::info::===========development===========
2025:07:04 :: 17:15:36::info::===========port:8090=============
2025:07:04 :: 17:15:36::info::=================================
2025:07:04 :: 17:15:36::info::Mongodb is connected to database:oop
2025:07:04 :: 17:15:40::warn::===== http://localhost:8090 =====
2025:07:04 :: 17:15:40::info::===========development===========
2025:07:04 :: 17:15:40::info::===========port:8090=============
2025:07:04 :: 17:15:40::info::=================================
2025:07:04 :: 17:15:40::info::Mongodb is connected to database:oop
2025:07:04 :: 17:15:54::warn::===== http://localhost:8090 =====
2025:07:04 :: 17:15:54::info::===========development===========
2025:07:04 :: 17:15:54::info::===========port:8090=============
2025:07:04 :: 17:15:54::info::=================================
2025:07:04 :: 17:15:54::info::Mongodb is connected to database:oop
2025:07:04 :: 17:16:25::warn::===== http://localhost:8090 =====
2025:07:04 :: 17:16:25::info::===========development===========
2025:07:04 :: 17:16:25::info::===========port:8090=============
2025:07:04 :: 17:16:25::info::=================================
2025:07:04 :: 17:16:25::info::Mongodb is connected to database:oop
2025:07:04 :: 17:16:36::warn::===== http://localhost:8090 =====
2025:07:04 :: 17:16:36::info::===========development===========
2025:07:04 :: 17:16:36::info::===========port:8090=============
2025:07:04 :: 17:16:36::info::=================================
2025:07:04 :: 17:16:36::info::Mongodb is connected to database:oop
2025:07:04 :: 17:16:43::warn::===== http://localhost:8090 =====
2025:07:04 :: 17:16:43::info::===========development===========
2025:07:04 :: 17:16:43::info::===========port:8090=============
2025:07:04 :: 17:16:43::info::=================================
2025:07:04 :: 17:16:43::info::Mongodb is connected to database:oop
2025:07:04 :: 17:16:51::warn::===== http://localhost:8090 =====
2025:07:04 :: 17:16:51::info::===========development===========
2025:07:04 :: 17:16:51::info::===========port:8090=============
2025:07:04 :: 17:16:51::info::=================================
2025:07:04 :: 17:16:51::info::Mongodb is connected to database:oop
2025:07:04 :: 17:17:10::warn::===== http://localhost:8090 =====
2025:07:04 :: 17:17:10::info::===========development===========
2025:07:04 :: 17:17:10::info::===========port:8090=============
2025:07:04 :: 17:17:10::info::=================================
2025:07:04 :: 17:17:10::info::Mongodb is connected to database:oop
2025:07:04 :: 17:17:16::warn::===== http://localhost:8090 =====
2025:07:04 :: 17:17:16::info::===========development===========
2025:07:04 :: 17:17:16::info::===========port:8090=============
2025:07:04 :: 17:17:16::info::=================================
2025:07:04 :: 17:17:16::info::Mongodb is connected to database:oop
