2025:07:02 :: 13:46:04::warn::===== http://localhost:8090 =====
2025:07:02 :: 13:46:04::info::===========development===========
2025:07:02 :: 13:46:04::info::===========port:8090=============
2025:07:02 :: 13:46:04::info::=================================
2025:07:02 :: 13:46:04::info::Mongodb is connected to database:oop
2025:07:02 :: 13:46:32::info::[0mGET / [33m404[0m 6.308 ms - 139[0m
2025:07:02 :: 13:46:36::info::[0mGET / [33m404[0m 0.638 ms - 139[0m
2025:07:02 :: 13:46:44::info::[0mGET /api [33m404[0m 1.041 ms - 142[0m
2025:07:02 :: 13:47:22::warn::===== http://localhost:8090 =====
2025:07:02 :: 13:47:22::info::===========development===========
2025:07:02 :: 13:47:22::info::===========port:8090=============
2025:07:02 :: 13:47:22::info::=================================
2025:07:02 :: 13:47:22::info::Mongodb is connected to database:oop
2025:07:02 :: 13:47:27::warn::===== http://localhost:8090 =====
2025:07:02 :: 13:47:27::info::===========development===========
2025:07:02 :: 13:47:27::info::===========port:8090=============
2025:07:02 :: 13:47:27::info::=================================
2025:07:02 :: 13:47:28::info::Mongodb is connected to database:oop
2025:07:02 :: 13:47:55::warn::===== http://localhost:8090 =====
2025:07:02 :: 13:47:55::info::===========development===========
2025:07:02 :: 13:47:55::info::===========port:8090=============
2025:07:02 :: 13:47:55::info::=================================
2025:07:02 :: 13:47:55::info::Mongodb is connected to database:oop
2025:07:02 :: 13:47:57::warn::===== http://localhost:8090 =====
2025:07:02 :: 13:47:57::info::===========development===========
2025:07:02 :: 13:47:57::info::===========port:8090=============
2025:07:02 :: 13:47:57::info::=================================
2025:07:02 :: 13:47:57::info::Mongodb is connected to database:oop
2025:07:02 :: 13:48:01::warn::===== http://localhost:8090 =====
2025:07:02 :: 13:48:01::info::===========development===========
2025:07:02 :: 13:48:01::info::===========port:8090=============
2025:07:02 :: 13:48:01::info::=================================
2025:07:02 :: 13:48:02::info::Mongodb is connected to database:oop
2025:07:02 :: 13:48:19::warn::===== http://localhost:8090 =====
2025:07:02 :: 13:48:19::info::===========development===========
2025:07:02 :: 13:48:19::info::===========port:8090=============
2025:07:02 :: 13:48:19::info::=================================
2025:07:02 :: 13:48:19::info::Mongodb is connected to database:oop
2025:07:02 :: 13:48:33::warn::===== http://localhost:8090 =====
2025:07:02 :: 13:48:33::info::===========development===========
2025:07:02 :: 13:48:33::info::===========port:8090=============
2025:07:02 :: 13:48:33::info::=================================
2025:07:02 :: 13:48:33::info::Mongodb is connected to database:oop
2025:07:02 :: 13:49:09::warn::===== http://localhost:8090 =====
2025:07:02 :: 13:49:09::info::===========development===========
2025:07:02 :: 13:49:09::info::===========port:8090=============
2025:07:02 :: 13:49:09::info::=================================
2025:07:02 :: 13:49:09::info::Mongodb is connected to database:oop
2025:07:02 :: 13:49:15::warn::===== http://localhost:8090 =====
2025:07:02 :: 13:49:15::info::===========development===========
2025:07:02 :: 13:49:15::info::===========port:8090=============
2025:07:02 :: 13:49:15::info::=================================
2025:07:02 :: 13:49:15::info::Mongodb is connected to database:oop
2025:07:02 :: 13:49:22::warn::===== http://localhost:8090 =====
2025:07:02 :: 13:49:22::info::===========development===========
2025:07:02 :: 13:49:22::info::===========port:8090=============
2025:07:02 :: 13:49:22::info::=================================
2025:07:02 :: 13:49:22::info::Mongodb is connected to database:oop
2025:07:02 :: 13:49:25::info::[0mGET /api [32m200[0m 3.704 ms - 2[0m
2025:07:02 :: 13:49:25::info::[0mGET /favicon.ico [33m404[0m 2.476 ms - 150[0m
2025:07:02 :: 13:51:38::warn::===== http://localhost:8090 =====
2025:07:02 :: 13:51:38::info::===========development===========
2025:07:02 :: 13:51:38::info::===========port:8090=============
2025:07:02 :: 13:51:38::info::=================================
2025:07:02 :: 13:51:38::info::Mongodb is connected to database:oop
2025:07:02 :: 13:51:46::warn::===== http://localhost:8090 =====
2025:07:02 :: 13:51:46::info::===========development===========
2025:07:02 :: 13:51:46::info::===========port:8090=============
2025:07:02 :: 13:51:46::info::=================================
2025:07:02 :: 13:51:46::info::Mongodb is connected to database:oop
2025:07:02 :: 14:57:48::warn::===== http://localhost:8090 =====
2025:07:02 :: 14:57:48::info::===========development===========
2025:07:02 :: 14:57:48::info::===========port:8090=============
2025:07:02 :: 14:57:48::info::=================================
2025:07:02 :: 14:57:48::info::Mongodb is connected to database:oop
2025:07:02 :: 14:57:55::warn::===== http://localhost:8090 =====
2025:07:02 :: 14:57:55::info::===========development===========
2025:07:02 :: 14:57:55::info::===========port:8090=============
2025:07:02 :: 14:57:55::info::=================================
2025:07:02 :: 14:57:55::info::Mongodb is connected to database:oop
2025:07:02 :: 14:57:58::warn::===== http://localhost:8090 =====
2025:07:02 :: 14:57:58::info::===========development===========
2025:07:02 :: 14:57:58::info::===========port:8090=============
2025:07:02 :: 14:57:58::info::=================================
2025:07:02 :: 14:57:58::info::Mongodb is connected to database:oop
2025:07:02 :: 14:58:10::warn::===== http://localhost:8090 =====
2025:07:02 :: 14:58:10::info::===========development===========
2025:07:02 :: 14:58:10::info::===========port:8090=============
2025:07:02 :: 14:58:10::info::=================================
2025:07:02 :: 14:58:10::info::Mongodb is connected to database:oop
2025:07:02 :: 14:58:17::warn::===== http://localhost:8090 =====
2025:07:02 :: 14:58:17::info::===========development===========
2025:07:02 :: 14:58:17::info::===========port:8090=============
2025:07:02 :: 14:58:17::info::=================================
2025:07:02 :: 14:58:17::info::Mongodb is connected to database:oop
2025:07:02 :: 15:12:34::warn::===== http://localhost:8090 =====
2025:07:02 :: 15:12:34::info::===========development===========
2025:07:02 :: 15:12:34::info::===========port:8090=============
2025:07:02 :: 15:12:34::info::=================================
2025:07:02 :: 15:12:35::info::Mongodb is connected to database:oop
2025:07:02 :: 15:12:54::warn::===== http://localhost:8090 =====
2025:07:02 :: 15:12:54::info::===========development===========
2025:07:02 :: 15:12:54::info::===========port:8090=============
2025:07:02 :: 15:12:54::info::=================================
2025:07:02 :: 15:12:54::info::Mongodb is connected to database:oop
2025:07:02 :: 15:13:42::info::[0mPOST /api/cars [33m400[0m 27.906 ms - 134[0m
2025:07:02 :: 15:14:23::info::[0mPOST /api/cars [33m400[0m 4.819 ms - 117[0m
2025:07:02 :: 15:15:15::warn::===== http://localhost:8090 =====
2025:07:02 :: 15:15:15::info::===========development===========
2025:07:02 :: 15:15:15::info::===========port:8090=============
2025:07:02 :: 15:15:15::info::=================================
2025:07:02 :: 15:15:15::info::Mongodb is connected to database:oop
2025:07:02 :: 15:15:17::warn::===== http://localhost:8090 =====
2025:07:02 :: 15:15:17::info::===========development===========
2025:07:02 :: 15:15:17::info::===========port:8090=============
2025:07:02 :: 15:15:17::info::=================================
2025:07:02 :: 15:15:17::info::Mongodb is connected to database:oop
2025:07:02 :: 15:15:21::warn::===== http://localhost:8090 =====
2025:07:02 :: 15:15:21::info::===========development===========
2025:07:02 :: 15:15:21::info::===========port:8090=============
2025:07:02 :: 15:15:21::info::=================================
2025:07:02 :: 15:15:21::info::Mongodb is connected to database:oop
2025:07:02 :: 15:15:31::warn::===== http://localhost:8090 =====
2025:07:02 :: 15:15:31::info::===========development===========
2025:07:02 :: 15:15:31::info::===========port:8090=============
2025:07:02 :: 15:15:31::info::=================================
2025:07:02 :: 15:15:31::info::Mongodb is connected to database:oop
2025:07:02 :: 15:15:33::warn::===== http://localhost:8090 =====
2025:07:02 :: 15:15:33::info::===========development===========
2025:07:02 :: 15:15:33::info::===========port:8090=============
2025:07:02 :: 15:15:33::info::=================================
2025:07:02 :: 15:15:33::info::Mongodb is connected to database:oop
2025:07:02 :: 15:15:39::warn::===== http://localhost:8090 =====
2025:07:02 :: 15:15:39::info::===========development===========
2025:07:02 :: 15:15:39::info::===========port:8090=============
2025:07:02 :: 15:15:39::info::=================================
2025:07:02 :: 15:15:39::info::Mongodb is connected to database:oop
2025:07:02 :: 15:15:44::warn::===== http://localhost:8090 =====
2025:07:02 :: 15:15:44::info::===========development===========
2025:07:02 :: 15:15:44::info::===========port:8090=============
2025:07:02 :: 15:15:44::info::=================================
2025:07:02 :: 15:15:44::info::Mongodb is connected to database:oop
2025:07:02 :: 15:15:57::warn::===== http://localhost:8090 =====
2025:07:02 :: 15:15:57::info::===========development===========
2025:07:02 :: 15:15:57::info::===========port:8090=============
2025:07:02 :: 15:15:57::info::=================================
2025:07:02 :: 15:15:57::info::Mongodb is connected to database:oop
2025:07:02 :: 15:16:19::warn::===== http://localhost:8090 =====
2025:07:02 :: 15:16:19::info::===========development===========
2025:07:02 :: 15:16:19::info::===========port:8090=============
2025:07:02 :: 15:16:19::info::=================================
2025:07:02 :: 15:16:19::info::Mongodb is connected to database:oop
2025:07:02 :: 15:16:38::info::[0mPOST /api/cars [33m400[0m 8.671 ms - 87[0m
2025:07:02 :: 15:16:59::warn::===== http://localhost:8090 =====
2025:07:02 :: 15:16:59::info::===========development===========
2025:07:02 :: 15:16:59::info::===========port:8090=============
2025:07:02 :: 15:16:59::info::=================================
2025:07:02 :: 15:17:01::warn::===== http://localhost:8090 =====
2025:07:02 :: 15:17:01::info::===========development===========
2025:07:02 :: 15:17:01::info::===========port:8090=============
2025:07:02 :: 15:17:01::info::=================================
2025:07:02 :: 15:17:01::info::Mongodb is connected to database:oop
2025:07:02 :: 15:17:10::warn::===== http://localhost:8090 =====
2025:07:02 :: 15:17:10::info::===========development===========
2025:07:02 :: 15:17:10::info::===========port:8090=============
2025:07:02 :: 15:17:10::info::=================================
2025:07:02 :: 15:17:10::info::Mongodb is connected to database:oop
2025:07:02 :: 15:17:14::warn::===== http://localhost:8090 =====
2025:07:02 :: 15:17:14::info::===========development===========
2025:07:02 :: 15:17:14::info::===========port:8090=============
2025:07:02 :: 15:17:14::info::=================================
2025:07:02 :: 15:17:14::info::Mongodb is connected to database:oop
2025:07:02 :: 15:17:33::warn::===== http://localhost:8090 =====
2025:07:02 :: 15:17:33::info::===========development===========
2025:07:02 :: 15:17:33::info::===========port:8090=============
2025:07:02 :: 15:17:33::info::=================================
2025:07:02 :: 15:17:33::info::Mongodb is connected to database:oop
2025:07:02 :: 15:17:36::warn::===== http://localhost:8090 =====
2025:07:02 :: 15:17:36::info::===========development===========
2025:07:02 :: 15:17:36::info::===========port:8090=============
2025:07:02 :: 15:17:36::info::=================================
2025:07:02 :: 15:17:36::info::Mongodb is connected to database:oop
2025:07:02 :: 15:17:39::warn::===== http://localhost:8090 =====
2025:07:02 :: 15:17:39::info::===========development===========
2025:07:02 :: 15:17:39::info::===========port:8090=============
2025:07:02 :: 15:17:39::info::=================================
2025:07:02 :: 15:17:39::info::Mongodb is connected to database:oop
2025:07:02 :: 15:17:43::warn::===== http://localhost:8090 =====
2025:07:02 :: 15:17:43::info::===========development===========
2025:07:02 :: 15:17:43::info::===========port:8090=============
2025:07:02 :: 15:17:43::info::=================================
2025:07:02 :: 15:17:43::info::Mongodb is connected to database:oop
2025:07:02 :: 15:17:46::warn::===== http://localhost:8090 =====
2025:07:02 :: 15:17:46::info::===========development===========
2025:07:02 :: 15:17:46::info::===========port:8090=============
2025:07:02 :: 15:17:46::info::=================================
2025:07:02 :: 15:17:46::info::Mongodb is connected to database:oop
2025:07:02 :: 15:17:50::warn::===== http://localhost:8090 =====
2025:07:02 :: 15:17:50::info::===========development===========
2025:07:02 :: 15:17:50::info::===========port:8090=============
2025:07:02 :: 15:17:50::info::=================================
2025:07:02 :: 15:17:50::info::Mongodb is connected to database:oop
2025:07:02 :: 15:18:11::info::[0mPOST /api/cars [0m-[0m - ms - -[0m
2025:07:02 :: 15:18:22::info::[0mPOST /api/cars [0m-[0m - ms - -[0m
2025:07:02 :: 15:18:31::warn::===== http://localhost:8090 =====
2025:07:02 :: 15:18:31::info::===========development===========
2025:07:02 :: 15:18:31::info::===========port:8090=============
2025:07:02 :: 15:18:31::info::=================================
2025:07:02 :: 15:18:31::info::Mongodb is connected to database:oop
2025:07:02 :: 15:18:39::warn::===== http://localhost:8090 =====
2025:07:02 :: 15:18:39::info::===========development===========
2025:07:02 :: 15:18:39::info::===========port:8090=============
2025:07:02 :: 15:18:39::info::=================================
2025:07:02 :: 15:18:39::info::Mongodb is connected to database:oop
2025:07:02 :: 15:18:44::warn::===== http://localhost:8090 =====
2025:07:02 :: 15:18:44::info::===========development===========
2025:07:02 :: 15:18:44::info::===========port:8090=============
2025:07:02 :: 15:18:44::info::=================================
2025:07:02 :: 15:18:44::info::Mongodb is connected to database:oop
2025:07:02 :: 15:19:31::info::[0mPOST /api/cars [0m-[0m - ms - -[0m
2025:07:02 :: 15:19:35::info::[0mPOST /api/cars [0m-[0m - ms - -[0m
2025:07:02 :: 15:20:06::info::[0mPOST /api/cars [0m-[0m - ms - -[0m
2025:07:02 :: 15:20:15::info::[0mPOST /api/cars [0m-[0m - ms - -[0m
2025:07:02 :: 15:20:15::info::[0mPOST /api/cars [33m400[0m 4.311 ms - 77[0m
2025:07:02 :: 15:20:48::warn::===== http://localhost:8090 =====
2025:07:02 :: 15:20:48::info::===========development===========
2025:07:02 :: 15:20:48::info::===========port:8090=============
2025:07:02 :: 15:20:48::info::=================================
2025:07:02 :: 15:20:48::info::Mongodb is connected to database:oop
2025:07:02 :: 15:21:04::warn::===== http://localhost:8090 =====
2025:07:02 :: 15:21:04::info::===========development===========
2025:07:02 :: 15:21:04::info::===========port:8090=============
2025:07:02 :: 15:21:04::info::=================================
2025:07:02 :: 15:21:04::info::Mongodb is connected to database:oop
2025:07:02 :: 15:21:07::warn::===== http://localhost:8090 =====
2025:07:02 :: 15:21:07::info::===========development===========
2025:07:02 :: 15:21:07::info::===========port:8090=============
2025:07:02 :: 15:21:07::info::=================================
2025:07:02 :: 15:21:07::info::Mongodb is connected to database:oop
2025:07:02 :: 15:21:11::warn::===== http://localhost:8090 =====
2025:07:02 :: 15:21:11::info::===========development===========
2025:07:02 :: 15:21:11::info::===========port:8090=============
2025:07:02 :: 15:21:11::info::=================================
2025:07:02 :: 15:21:11::info::Mongodb is connected to database:oop
2025:07:02 :: 15:21:20::warn::===== http://localhost:8090 =====
2025:07:02 :: 15:21:20::info::===========development===========
2025:07:02 :: 15:21:20::info::===========port:8090=============
2025:07:02 :: 15:21:20::info::=================================
2025:07:02 :: 15:21:20::info::Mongodb is connected to database:oop
2025:07:02 :: 15:21:26::info::[0mPOST /api/cars [31m500[0m 9.084 ms - 72[0m
2025:07:02 :: 15:21:55::warn::===== http://localhost:8090 =====
2025:07:02 :: 15:21:55::info::===========development===========
2025:07:02 :: 15:21:55::info::===========port:8090=============
2025:07:02 :: 15:21:55::info::=================================
2025:07:02 :: 15:21:55::info::Mongodb is connected to database:oop
2025:07:02 :: 15:22:07::warn::===== http://localhost:8090 =====
2025:07:02 :: 15:22:07::info::===========development===========
2025:07:02 :: 15:22:07::info::===========port:8090=============
2025:07:02 :: 15:22:07::info::=================================
2025:07:02 :: 15:22:07::info::Mongodb is connected to database:oop
2025:07:02 :: 15:22:10::info::[0mPOST /api/cars [31m500[0m 8.724 ms - 72[0m
2025:07:02 :: 15:22:12::info::[0mPOST /api/cars [31m500[0m 1.424 ms - 72[0m
2025:07:02 :: 15:22:30::warn::===== http://localhost:8090 =====
2025:07:02 :: 15:22:30::info::===========development===========
2025:07:02 :: 15:22:30::info::===========port:8090=============
2025:07:02 :: 15:22:30::info::=================================
2025:07:02 :: 15:22:30::info::Mongodb is connected to database:oop
2025:07:02 :: 15:22:33::info::[0mPOST /api/cars [31m500[0m 7.626 ms - 72[0m
2025:07:02 :: 15:22:34::info::[0mPOST /api/cars [31m500[0m 1.505 ms - 72[0m
2025:07:02 :: 15:22:41::warn::===== http://localhost:8090 =====
2025:07:02 :: 15:22:41::info::===========development===========
2025:07:02 :: 15:22:41::info::===========port:8090=============
2025:07:02 :: 15:22:41::info::=================================
2025:07:02 :: 15:22:41::info::Mongodb is connected to database:oop
2025:07:02 :: 15:22:48::warn::===== http://localhost:8090 =====
2025:07:02 :: 15:22:48::info::===========development===========
2025:07:02 :: 15:22:48::info::===========port:8090=============
2025:07:02 :: 15:22:48::info::=================================
2025:07:02 :: 15:22:48::info::Mongodb is connected to database:oop
2025:07:02 :: 15:23:45::warn::===== http://localhost:8090 =====
2025:07:02 :: 15:23:45::info::===========development===========
2025:07:02 :: 15:23:45::info::===========port:8090=============
2025:07:02 :: 15:23:45::info::=================================
2025:07:02 :: 15:23:45::info::Mongodb is connected to database:oop
2025:07:02 :: 15:23:48::warn::===== http://localhost:8090 =====
2025:07:02 :: 15:23:48::info::===========development===========
2025:07:02 :: 15:23:48::info::===========port:8090=============
2025:07:02 :: 15:23:48::info::=================================
2025:07:02 :: 15:23:48::info::Mongodb is connected to database:oop
2025:07:02 :: 15:23:50::info::[0mPOST /api/cars [32m201[0m 25.978 ms - 266[0m
2025:07:02 :: 15:24:14::warn::===== http://localhost:8090 =====
2025:07:02 :: 15:24:14::info::===========development===========
2025:07:02 :: 15:24:14::info::===========port:8090=============
2025:07:02 :: 15:24:14::info::=================================
2025:07:02 :: 15:24:14::info::Mongodb is connected to database:oop
2025:07:02 :: 15:24:51::warn::===== http://localhost:8090 =====
2025:07:02 :: 15:24:51::info::===========development===========
2025:07:02 :: 15:24:51::info::===========port:8090=============
2025:07:02 :: 15:24:51::info::=================================
2025:07:02 :: 15:24:51::info::Mongodb is connected to database:oop
2025:07:02 :: 15:25:06::warn::===== http://localhost:8090 =====
2025:07:02 :: 15:25:06::info::===========development===========
2025:07:02 :: 15:25:06::info::===========port:8090=============
2025:07:02 :: 15:25:06::info::=================================
2025:07:02 :: 15:25:06::info::Mongodb is connected to database:oop
2025:07:02 :: 15:25:09::info::[0mPOST /api/cars [32m201[0m 24.285 ms - 266[0m
2025:07:02 :: 15:26:11::warn::===== http://localhost:8090 =====
2025:07:02 :: 15:26:11::info::===========development===========
2025:07:02 :: 15:26:11::info::===========port:8090=============
2025:07:02 :: 15:26:11::info::=================================
2025:07:02 :: 15:26:11::info::Mongodb is connected to database:oop
2025:07:02 :: 15:26:14::warn::===== http://localhost:8090 =====
2025:07:02 :: 15:26:14::info::===========development===========
2025:07:02 :: 15:26:14::info::===========port:8090=============
2025:07:02 :: 15:26:14::info::=================================
2025:07:02 :: 15:26:14::info::Mongodb is connected to database:oop
2025:07:02 :: 15:26:19::warn::===== http://localhost:8090 =====
2025:07:02 :: 15:26:19::info::===========development===========
2025:07:02 :: 15:26:19::info::===========port:8090=============
2025:07:02 :: 15:26:19::info::=================================
2025:07:02 :: 15:26:19::info::Mongodb is connected to database:oop
2025:07:02 :: 15:26:22::warn::===== http://localhost:8090 =====
2025:07:02 :: 15:26:22::info::===========development===========
2025:07:02 :: 15:26:22::info::===========port:8090=============
2025:07:02 :: 15:26:22::info::=================================
2025:07:02 :: 15:26:22::info::Mongodb is connected to database:oop
2025:07:02 :: 15:26:27::warn::===== http://localhost:8090 =====
2025:07:02 :: 15:26:27::info::===========development===========
2025:07:02 :: 15:26:27::info::===========port:8090=============
2025:07:02 :: 15:26:27::info::=================================
2025:07:02 :: 15:26:27::info::Mongodb is connected to database:oop
2025:07:02 :: 15:26:30::info::[0mPOST /api/cars [31m500[0m 19.505 ms - 33[0m
2025:07:02 :: 15:27:35::warn::===== http://localhost:8090 =====
2025:07:02 :: 15:27:35::info::===========development===========
2025:07:02 :: 15:27:35::info::===========port:8090=============
2025:07:02 :: 15:27:35::info::=================================
2025:07:02 :: 15:27:35::info::Mongodb is connected to database:oop
2025:07:02 :: 15:27:38::warn::===== http://localhost:8090 =====
2025:07:02 :: 15:27:38::info::===========development===========
2025:07:02 :: 15:27:38::info::===========port:8090=============
2025:07:02 :: 15:27:38::info::=================================
2025:07:02 :: 15:27:38::info::Mongodb is connected to database:oop
2025:07:02 :: 15:27:42::info::[0mPOST /api/cars [31m500[0m 19.551 ms - 65[0m
2025:07:02 :: 20:46:40::info::[0mPOST /api/cars [31m500[0m 8.896 ms - 65[0m
2025:07:02 :: 21:01:17::warn::===== http://localhost:8090 =====
2025:07:02 :: 21:01:17::info::===========development===========
2025:07:02 :: 21:01:17::info::===========port:8090=============
2025:07:02 :: 21:01:17::info::=================================
2025:07:02 :: 21:01:17::info::Mongodb is connected to database:oop
2025:07:02 :: 21:01:33::warn::===== http://localhost:8090 =====
2025:07:02 :: 21:01:33::info::===========development===========
2025:07:02 :: 21:01:33::info::===========port:8090=============
2025:07:02 :: 21:01:33::info::=================================
2025:07:02 :: 21:01:33::info::Mongodb is connected to database:oop
2025:07:02 :: 21:02:07::warn::===== http://localhost:8090 =====
2025:07:02 :: 21:02:07::info::===========development===========
2025:07:02 :: 21:02:07::info::===========port:8090=============
2025:07:02 :: 21:02:07::info::=================================
2025:07:02 :: 21:02:07::info::Mongodb is connected to database:oop
2025:07:02 :: 21:02:24::warn::===== http://localhost:8090 =====
2025:07:02 :: 21:02:24::info::===========development===========
2025:07:02 :: 21:02:24::info::===========port:8090=============
2025:07:02 :: 21:02:24::info::=================================
2025:07:02 :: 21:02:24::info::Mongodb is connected to database:oop
2025:07:02 :: 21:02:38::warn::===== http://localhost:8090 =====
2025:07:02 :: 21:02:38::info::===========development===========
2025:07:02 :: 21:02:38::info::===========port:8090=============
2025:07:02 :: 21:02:38::info::=================================
2025:07:02 :: 21:02:38::info::Mongodb is connected to database:oop
2025:07:02 :: 21:02:47::warn::===== http://localhost:8090 =====
2025:07:02 :: 21:02:47::info::===========development===========
2025:07:02 :: 21:02:47::info::===========port:8090=============
2025:07:02 :: 21:02:47::info::=================================
2025:07:02 :: 21:02:47::info::Mongodb is connected to database:oop
2025:07:02 :: 21:02:50::info::[0mPOST /api/cars [33m403[0m 18.288 ms - 65[0m
2025:07:02 :: 21:04:17::info::[0mPOST /api/cars [33m400[0m 2.104 ms - 77[0m
2025:07:02 :: 21:04:22::info::[0mPOST /api/cars [33m403[0m 4.845 ms - 65[0m
2025:07:02 :: 21:06:03::warn::===== http://localhost:8090 =====
2025:07:02 :: 21:06:03::info::===========development===========
2025:07:02 :: 21:06:03::info::===========port:8090=============
2025:07:02 :: 21:06:03::info::=================================
2025:07:02 :: 21:06:03::info::Mongodb is connected to database:oop
2025:07:02 :: 21:06:08::warn::===== http://localhost:8090 =====
2025:07:02 :: 21:06:08::info::===========development===========
2025:07:02 :: 21:06:08::info::===========port:8090=============
2025:07:02 :: 21:06:08::info::=================================
2025:07:02 :: 21:06:08::info::Mongodb is connected to database:oop
2025:07:02 :: 21:06:35::warn::===== http://localhost:8090 =====
2025:07:02 :: 21:06:35::info::===========development===========
2025:07:02 :: 21:06:35::info::===========port:8090=============
2025:07:02 :: 21:06:35::info::=================================
2025:07:02 :: 21:06:35::info::Mongodb is connected to database:oop
2025:07:02 :: 21:06:42::warn::===== http://localhost:8090 =====
2025:07:02 :: 21:06:42::info::===========development===========
2025:07:02 :: 21:06:42::info::===========port:8090=============
2025:07:02 :: 21:06:42::info::=================================
2025:07:02 :: 21:06:42::info::Mongodb is connected to database:oop
2025:07:02 :: 21:06:47::warn::===== http://localhost:8090 =====
2025:07:02 :: 21:06:47::info::===========development===========
2025:07:02 :: 21:06:47::info::===========port:8090=============
2025:07:02 :: 21:06:47::info::=================================
2025:07:02 :: 21:06:47::info::Mongodb is connected to database:oop
2025:07:02 :: 21:06:57::warn::===== http://localhost:8090 =====
2025:07:02 :: 21:06:57::info::===========development===========
2025:07:02 :: 21:06:57::info::===========port:8090=============
2025:07:02 :: 21:06:57::info::=================================
2025:07:02 :: 21:06:57::info::Mongodb is connected to database:oop
2025:07:02 :: 21:07:08::warn::===== http://localhost:8090 =====
2025:07:02 :: 21:07:08::info::===========development===========
2025:07:02 :: 21:07:08::info::===========port:8090=============
2025:07:02 :: 21:07:08::info::=================================
2025:07:02 :: 21:07:08::info::Mongodb is connected to database:oop
2025:07:02 :: 21:07:13::warn::===== http://localhost:8090 =====
2025:07:02 :: 21:07:13::info::===========development===========
2025:07:02 :: 21:07:13::info::===========port:8090=============
2025:07:02 :: 21:07:13::info::=================================
2025:07:02 :: 21:07:13::info::Mongodb is connected to database:oop
2025:07:02 :: 21:07:15::warn::===== http://localhost:8090 =====
2025:07:02 :: 21:07:15::info::===========development===========
2025:07:02 :: 21:07:15::info::===========port:8090=============
2025:07:02 :: 21:07:15::info::=================================
2025:07:02 :: 21:07:15::info::Mongodb is connected to database:oop
2025:07:02 :: 21:09:10::warn::===== http://localhost:8090 =====
2025:07:02 :: 21:09:10::info::===========development===========
2025:07:02 :: 21:09:10::info::===========port:8090=============
2025:07:02 :: 21:09:10::info::=================================
2025:07:02 :: 21:09:10::info::Mongodb is connected to database:oop
2025:07:02 :: 21:09:15::warn::===== http://localhost:8090 =====
2025:07:02 :: 21:09:15::info::===========development===========
2025:07:02 :: 21:09:15::info::===========port:8090=============
2025:07:02 :: 21:09:15::info::=================================
2025:07:02 :: 21:09:15::info::Mongodb is connected to database:oop
2025:07:02 :: 21:09:22::warn::===== http://localhost:8090 =====
2025:07:02 :: 21:09:22::info::===========development===========
2025:07:02 :: 21:09:22::info::===========port:8090=============
2025:07:02 :: 21:09:22::info::=================================
2025:07:02 :: 21:09:22::info::Mongodb is connected to database:oop
2025:07:02 :: 21:09:25::warn::===== http://localhost:8090 =====
2025:07:02 :: 21:09:25::info::===========development===========
2025:07:02 :: 21:09:25::info::===========port:8090=============
2025:07:02 :: 21:09:25::info::=================================
2025:07:02 :: 21:09:25::info::Mongodb is connected to database:oop
2025:07:02 :: 21:09:40::warn::===== http://localhost:8090 =====
2025:07:02 :: 21:09:40::info::===========development===========
2025:07:02 :: 21:09:40::info::===========port:8090=============
2025:07:02 :: 21:09:40::info::=================================
2025:07:02 :: 21:09:40::info::Mongodb is connected to database:oop
2025:07:02 :: 21:10:50::warn::===== http://localhost:8090 =====
2025:07:02 :: 21:10:50::info::===========development===========
2025:07:02 :: 21:10:50::info::===========port:8090=============
2025:07:02 :: 21:10:50::info::=================================
2025:07:02 :: 21:10:50::info::Mongodb is connected to database:oop
2025:07:02 :: 21:12:18::warn::===== http://localhost:8090 =====
2025:07:02 :: 21:12:18::info::===========development===========
2025:07:02 :: 21:12:18::info::===========port:8090=============
2025:07:02 :: 21:12:18::info::=================================
2025:07:02 :: 21:12:18::info::Mongodb is connected to database:oop
2025:07:02 :: 21:12:21::info::[0mPOST /api/cars [33m403[0m 19.912 ms - 65[0m
2025:07:02 :: 21:12:28::warn::===== http://localhost:8090 =====
2025:07:02 :: 21:12:28::info::===========development===========
2025:07:02 :: 21:12:28::info::===========port:8090=============
2025:07:02 :: 21:12:28::info::=================================
2025:07:02 :: 21:12:28::info::Mongodb is connected to database:oop
2025:07:02 :: 21:12:40::warn::===== http://localhost:8090 =====
2025:07:02 :: 21:12:40::info::===========development===========
2025:07:02 :: 21:12:40::info::===========port:8090=============
2025:07:02 :: 21:12:40::info::=================================
2025:07:02 :: 21:12:40::info::Mongodb is connected to database:oop
2025:07:02 :: 21:12:45::warn::===== http://localhost:8090 =====
2025:07:02 :: 21:12:45::info::===========development===========
2025:07:02 :: 21:12:45::info::===========port:8090=============
2025:07:02 :: 21:12:45::info::=================================
2025:07:02 :: 21:12:45::info::Mongodb is connected to database:oop
2025:07:02 :: 21:12:58::warn::===== http://localhost:8090 =====
2025:07:02 :: 21:12:58::info::===========development===========
2025:07:02 :: 21:12:58::info::===========port:8090=============
2025:07:02 :: 21:12:58::info::=================================
2025:07:02 :: 21:12:58::info::Mongodb is connected to database:oop
2025:07:02 :: 21:13:04::warn::===== http://localhost:8090 =====
2025:07:02 :: 21:13:04::info::===========development===========
2025:07:02 :: 21:13:04::info::===========port:8090=============
2025:07:02 :: 21:13:04::info::=================================
2025:07:02 :: 21:13:04::info::Mongodb is connected to database:oop
2025:07:02 :: 21:21:05::warn::===== http://localhost:8090 =====
2025:07:02 :: 21:21:05::info::===========development===========
2025:07:02 :: 21:21:05::info::===========port:8090=============
2025:07:02 :: 21:21:05::info::=================================
2025:07:02 :: 21:21:05::info::Mongodb is connected to database:oop
2025:07:02 :: 21:21:07::warn::===== http://localhost:8090 =====
2025:07:02 :: 21:21:07::info::===========development===========
2025:07:02 :: 21:21:07::info::===========port:8090=============
2025:07:02 :: 21:21:07::info::=================================
2025:07:02 :: 21:21:07::info::Mongodb is connected to database:oop
2025:07:02 :: 21:21:10::warn::===== http://localhost:8090 =====
2025:07:02 :: 21:21:10::info::===========development===========
2025:07:02 :: 21:21:10::info::===========port:8090=============
2025:07:02 :: 21:21:10::info::=================================
2025:07:02 :: 21:21:10::info::Mongodb is connected to database:oop
2025:07:02 :: 21:21:19::warn::===== http://localhost:8090 =====
2025:07:02 :: 21:21:19::info::===========development===========
2025:07:02 :: 21:21:19::info::===========port:8090=============
2025:07:02 :: 21:21:19::info::=================================
2025:07:02 :: 21:21:19::info::Mongodb is connected to database:oop
2025:07:02 :: 21:21:21::warn::===== http://localhost:8090 =====
2025:07:02 :: 21:21:21::info::===========development===========
2025:07:02 :: 21:21:21::info::===========port:8090=============
2025:07:02 :: 21:21:21::info::=================================
2025:07:02 :: 21:21:21::info::Mongodb is connected to database:oop
2025:07:02 :: 21:21:33::warn::===== http://localhost:8090 =====
2025:07:02 :: 21:21:33::info::===========development===========
2025:07:02 :: 21:21:33::info::===========port:8090=============
2025:07:02 :: 21:21:33::info::=================================
2025:07:02 :: 21:21:33::info::Mongodb is connected to database:oop
2025:07:02 :: 21:21:40::warn::===== http://localhost:8090 =====
2025:07:02 :: 21:21:40::info::===========development===========
2025:07:02 :: 21:21:40::info::===========port:8090=============
2025:07:02 :: 21:21:40::info::=================================
2025:07:02 :: 21:21:40::info::Mongodb is connected to database:oop
2025:07:02 :: 21:21:44::warn::===== http://localhost:8090 =====
2025:07:02 :: 21:21:44::info::===========development===========
2025:07:02 :: 21:21:44::info::===========port:8090=============
2025:07:02 :: 21:21:44::info::=================================
2025:07:02 :: 21:21:44::info::Mongodb is connected to database:oop
2025:07:02 :: 21:21:53::warn::===== http://localhost:8090 =====
2025:07:02 :: 21:21:53::info::===========development===========
2025:07:02 :: 21:21:53::info::===========port:8090=============
2025:07:02 :: 21:21:53::info::=================================
2025:07:02 :: 21:21:53::info::Mongodb is connected to database:oop
2025:07:02 :: 21:21:56::warn::===== http://localhost:8090 =====
2025:07:02 :: 21:21:56::info::===========development===========
2025:07:02 :: 21:21:56::info::===========port:8090=============
2025:07:02 :: 21:21:56::info::=================================
2025:07:02 :: 21:21:56::info::Mongodb is connected to database:oop
2025:07:02 :: 21:22:09::warn::===== http://localhost:8090 =====
2025:07:02 :: 21:22:09::info::===========development===========
2025:07:02 :: 21:22:09::info::===========port:8090=============
2025:07:02 :: 21:22:09::info::=================================
2025:07:02 :: 21:22:09::info::Mongodb is connected to database:oop
2025:07:02 :: 21:22:11::info::[0mPOST /api/cars [33m403[0m 22.287 ms - 65[0m
2025:07:02 :: 21:22:18::warn::===== http://localhost:8090 =====
2025:07:02 :: 21:22:18::info::===========development===========
2025:07:02 :: 21:22:18::info::===========port:8090=============
2025:07:02 :: 21:22:18::info::=================================
2025:07:02 :: 21:22:18::info::Mongodb is connected to database:oop
2025:07:02 :: 21:22:24::warn::===== http://localhost:8090 =====
2025:07:02 :: 21:22:24::info::===========development===========
2025:07:02 :: 21:22:24::info::===========port:8090=============
2025:07:02 :: 21:22:24::info::=================================
2025:07:02 :: 21:22:24::info::Mongodb is connected to database:oop
2025:07:02 :: 21:22:29::warn::===== http://localhost:8090 =====
2025:07:02 :: 21:22:29::info::===========development===========
2025:07:02 :: 21:22:29::info::===========port:8090=============
2025:07:02 :: 21:22:29::info::=================================
2025:07:02 :: 21:22:29::info::Mongodb is connected to database:oop
2025:07:02 :: 21:22:36::warn::===== http://localhost:8090 =====
2025:07:02 :: 21:22:36::info::===========development===========
2025:07:02 :: 21:22:36::info::===========port:8090=============
2025:07:02 :: 21:22:36::info::=================================
2025:07:02 :: 21:22:36::info::Mongodb is connected to database:oop
2025:07:02 :: 22:21:32::warn::===== http://localhost:8090 =====
2025:07:02 :: 22:21:32::info::===========development===========
2025:07:02 :: 22:21:32::info::===========port:8090=============
2025:07:02 :: 22:21:32::info::=================================
2025:07:02 :: 22:21:32::info::Mongodb is connected to database:oop
2025:07:02 :: 22:21:36::warn::===== http://localhost:8090 =====
2025:07:02 :: 22:21:36::info::===========development===========
2025:07:02 :: 22:21:36::info::===========port:8090=============
2025:07:02 :: 22:21:36::info::=================================
2025:07:02 :: 22:21:36::info::Mongodb is connected to database:oop
2025:07:02 :: 22:21:39::warn::===== http://localhost:8090 =====
2025:07:02 :: 22:21:39::info::===========development===========
2025:07:02 :: 22:21:39::info::===========port:8090=============
2025:07:02 :: 22:21:39::info::=================================
2025:07:02 :: 22:21:39::info::Mongodb is connected to database:oop
2025:07:02 :: 22:21:48::warn::===== http://localhost:8090 =====
2025:07:02 :: 22:21:48::info::===========development===========
2025:07:02 :: 22:21:48::info::===========port:8090=============
2025:07:02 :: 22:21:48::info::=================================
2025:07:02 :: 22:21:48::info::Mongodb is connected to database:oop
2025:07:02 :: 22:23:50::warn::===== http://localhost:8090 =====
2025:07:02 :: 22:23:50::info::===========development===========
2025:07:02 :: 22:23:50::info::===========port:8090=============
2025:07:02 :: 22:23:50::info::=================================
2025:07:02 :: 22:23:51::info::Mongodb is connected to database:oop
2025:07:02 :: 22:25:11::warn::===== http://localhost:8090 =====
2025:07:02 :: 22:25:11::info::===========development===========
2025:07:02 :: 22:25:11::info::===========port:8090=============
2025:07:02 :: 22:25:11::info::=================================
2025:07:02 :: 22:25:11::info::Mongodb is connected to database:oop
2025:07:02 :: 22:25:16::warn::===== http://localhost:8090 =====
2025:07:02 :: 22:25:16::info::===========development===========
2025:07:02 :: 22:25:16::info::===========port:8090=============
2025:07:02 :: 22:25:16::info::=================================
2025:07:02 :: 22:25:16::info::Mongodb is connected to database:oop
2025:07:02 :: 22:25:29::warn::===== http://localhost:8090 =====
2025:07:02 :: 22:25:29::info::===========development===========
2025:07:02 :: 22:25:29::info::===========port:8090=============
2025:07:02 :: 22:25:29::info::=================================
2025:07:02 :: 22:25:29::info::Mongodb is connected to database:oop
2025:07:02 :: 22:26:01::warn::===== http://localhost:8090 =====
2025:07:02 :: 22:26:01::info::===========development===========
2025:07:02 :: 22:26:01::info::===========port:8090=============
2025:07:02 :: 22:26:01::info::=================================
2025:07:02 :: 22:26:01::info::Mongodb is connected to database:oop
2025:07:02 :: 22:26:04::warn::===== http://localhost:8090 =====
2025:07:02 :: 22:26:04::info::===========development===========
2025:07:02 :: 22:26:04::info::===========port:8090=============
2025:07:02 :: 22:26:04::info::=================================
2025:07:02 :: 22:26:04::info::Mongodb is connected to database:oop
2025:07:02 :: 22:26:53::warn::===== http://localhost:8090 =====
2025:07:02 :: 22:26:53::info::===========development===========
2025:07:02 :: 22:26:53::info::===========port:8090=============
2025:07:02 :: 22:26:53::info::=================================
2025:07:02 :: 22:26:53::info::Mongodb is connected to database:oop
2025:07:02 :: 22:27:03::warn::===== http://localhost:8090 =====
2025:07:02 :: 22:27:03::info::===========development===========
2025:07:02 :: 22:27:03::info::===========port:8090=============
2025:07:02 :: 22:27:03::info::=================================
2025:07:02 :: 22:27:03::info::Mongodb is connected to database:oop
2025:07:02 :: 22:27:16::warn::===== http://localhost:8090 =====
2025:07:02 :: 22:27:16::info::===========development===========
2025:07:02 :: 22:27:16::info::===========port:8090=============
2025:07:02 :: 22:27:16::info::=================================
2025:07:02 :: 22:27:16::info::Mongodb is connected to database:oop
2025:07:02 :: 22:27:19::warn::===== http://localhost:8090 =====
2025:07:02 :: 22:27:19::info::===========development===========
2025:07:02 :: 22:27:19::info::===========port:8090=============
2025:07:02 :: 22:27:19::info::=================================
2025:07:02 :: 22:27:19::info::Mongodb is connected to database:oop
2025:07:02 :: 22:27:24::warn::===== http://localhost:8090 =====
2025:07:02 :: 22:27:24::info::===========development===========
2025:07:02 :: 22:27:24::info::===========port:8090=============
2025:07:02 :: 22:27:24::info::=================================
2025:07:02 :: 22:27:24::info::Mongodb is connected to database:oop
2025:07:02 :: 22:27:28::warn::===== http://localhost:8090 =====
2025:07:02 :: 22:27:28::info::===========development===========
2025:07:02 :: 22:27:28::info::===========port:8090=============
2025:07:02 :: 22:27:28::info::=================================
2025:07:02 :: 22:27:28::info::Mongodb is connected to database:oop
2025:07:02 :: 22:27:30::warn::===== http://localhost:8090 =====
2025:07:02 :: 22:27:30::info::===========development===========
2025:07:02 :: 22:27:30::info::===========port:8090=============
2025:07:02 :: 22:27:30::info::=================================
2025:07:02 :: 22:27:30::info::Mongodb is connected to database:oop
2025:07:02 :: 22:27:39::warn::===== http://localhost:8090 =====
2025:07:02 :: 22:27:39::info::===========development===========
2025:07:02 :: 22:27:39::info::===========port:8090=============
2025:07:02 :: 22:27:39::info::=================================
2025:07:02 :: 22:27:39::info::Mongodb is connected to database:oop
2025:07:02 :: 22:28:18::warn::===== http://localhost:8090 =====
2025:07:02 :: 22:28:18::info::===========development===========
2025:07:02 :: 22:28:18::info::===========port:8090=============
2025:07:02 :: 22:28:18::info::=================================
2025:07:02 :: 22:28:18::info::Mongodb is connected to database:oop
2025:07:02 :: 22:28:26::warn::===== http://localhost:8090 =====
2025:07:02 :: 22:28:26::info::===========development===========
2025:07:02 :: 22:28:26::info::===========port:8090=============
2025:07:02 :: 22:28:26::info::=================================
2025:07:02 :: 22:28:26::info::Mongodb is connected to database:oop
2025:07:02 :: 22:28:33::warn::===== http://localhost:8090 =====
2025:07:02 :: 22:28:33::info::===========development===========
2025:07:02 :: 22:28:33::info::===========port:8090=============
2025:07:02 :: 22:28:33::info::=================================
2025:07:02 :: 22:28:33::info::Mongodb is connected to database:oop
2025:07:02 :: 22:28:37::warn::===== http://localhost:8090 =====
2025:07:02 :: 22:28:37::info::===========development===========
2025:07:02 :: 22:28:37::info::===========port:8090=============
2025:07:02 :: 22:28:37::info::=================================
2025:07:02 :: 22:28:37::info::Mongodb is connected to database:oop
2025:07:02 :: 22:29:26::warn::===== http://localhost:8090 =====
2025:07:02 :: 22:29:26::info::===========development===========
2025:07:02 :: 22:29:26::info::===========port:8090=============
2025:07:02 :: 22:29:26::info::=================================
2025:07:02 :: 22:29:26::info::Mongodb is connected to database:oop
2025:07:02 :: 22:29:30::warn::===== http://localhost:8090 =====
2025:07:02 :: 22:29:30::info::===========development===========
2025:07:02 :: 22:29:30::info::===========port:8090=============
2025:07:02 :: 22:29:30::info::=================================
2025:07:02 :: 22:29:30::info::Mongodb is connected to database:oop
2025:07:02 :: 22:29:34::warn::===== http://localhost:8090 =====
2025:07:02 :: 22:29:34::info::===========development===========
2025:07:02 :: 22:29:34::info::===========port:8090=============
2025:07:02 :: 22:29:34::info::=================================
2025:07:02 :: 22:29:34::info::Mongodb is connected to database:oop
2025:07:02 :: 22:29:41::warn::===== http://localhost:8090 =====
2025:07:02 :: 22:29:41::info::===========development===========
2025:07:02 :: 22:29:41::info::===========port:8090=============
2025:07:02 :: 22:29:41::info::=================================
2025:07:02 :: 22:29:41::info::Mongodb is connected to database:oop
2025:07:02 :: 22:31:24::warn::===== http://localhost:8090 =====
2025:07:02 :: 22:31:24::info::===========development===========
2025:07:02 :: 22:31:24::info::===========port:8090=============
2025:07:02 :: 22:31:24::info::=================================
2025:07:02 :: 22:31:24::info::Mongodb is connected to database:oop
2025:07:02 :: 22:31:28::warn::===== http://localhost:8090 =====
2025:07:02 :: 22:31:28::info::===========development===========
2025:07:02 :: 22:31:28::info::===========port:8090=============
2025:07:02 :: 22:31:28::info::=================================
2025:07:02 :: 22:31:28::info::Mongodb is connected to database:oop
2025:07:02 :: 22:33:38::warn::===== http://localhost:8090 =====
2025:07:02 :: 22:33:38::info::===========development===========
2025:07:02 :: 22:33:38::info::===========port:8090=============
2025:07:02 :: 22:33:38::info::=================================
2025:07:02 :: 22:33:38::info::Mongodb is connected to database:oop
2025:07:02 :: 22:33:55::info::Mongodb is connected to database:oop
2025:07:02 :: 22:34:20::info::Mongodb is connected to database:oop
2025:07:02 :: 22:34:25::warn::===== http://localhost:8090 =====
2025:07:02 :: 22:34:25::info::===========development===========
2025:07:02 :: 22:34:25::info::===========port:8090=============
2025:07:02 :: 22:34:25::info::=================================
2025:07:02 :: 22:34:25::info::Mongodb is connected to database:oop
2025:07:02 :: 22:34:31::warn::===== http://localhost:8090 =====
2025:07:02 :: 22:34:31::info::===========development===========
2025:07:02 :: 22:34:31::info::===========port:8090=============
2025:07:02 :: 22:34:31::info::=================================
2025:07:02 :: 22:34:31::info::Mongodb is connected to database:oop
2025:07:02 :: 22:37:39::warn::===== http://localhost:8090 =====
2025:07:02 :: 22:37:39::info::===========development===========
2025:07:02 :: 22:37:39::info::===========port:8090=============
2025:07:02 :: 22:37:39::info::=================================
2025:07:02 :: 22:37:39::info::Mongodb is connected to database:oop
2025:07:02 :: 22:37:52::warn::===== http://localhost:8090 =====
2025:07:02 :: 22:37:52::info::===========development===========
2025:07:02 :: 22:37:52::info::===========port:8090=============
2025:07:02 :: 22:37:52::info::=================================
2025:07:02 :: 22:37:52::info::Mongodb is connected to database:oop
2025:07:02 :: 22:37:58::warn::===== http://localhost:8090 =====
2025:07:02 :: 22:37:58::info::===========development===========
2025:07:02 :: 22:37:58::info::===========port:8090=============
2025:07:02 :: 22:37:58::info::=================================
2025:07:02 :: 22:37:58::info::Mongodb is connected to database:oop
2025:07:02 :: 22:38:04::warn::===== http://localhost:8090 =====
2025:07:02 :: 22:38:04::info::===========development===========
2025:07:02 :: 22:38:04::info::===========port:8090=============
2025:07:02 :: 22:38:04::info::=================================
2025:07:02 :: 22:38:04::info::Mongodb is connected to database:oop
2025:07:02 :: 22:38:06::warn::===== http://localhost:8090 =====
2025:07:02 :: 22:38:06::info::===========development===========
2025:07:02 :: 22:38:06::info::===========port:8090=============
2025:07:02 :: 22:38:06::info::=================================
2025:07:02 :: 22:38:06::info::Mongodb is connected to database:oop
2025:07:02 :: 22:38:17::warn::===== http://localhost:8090 =====
2025:07:02 :: 22:38:17::info::===========development===========
2025:07:02 :: 22:38:17::info::===========port:8090=============
2025:07:02 :: 22:38:17::info::=================================
2025:07:02 :: 22:38:17::info::Mongodb is connected to database:oop
2025:07:02 :: 22:38:27::warn::===== http://localhost:8090 =====
2025:07:02 :: 22:38:27::info::===========development===========
2025:07:02 :: 22:38:27::info::===========port:8090=============
2025:07:02 :: 22:38:27::info::=================================
2025:07:02 :: 22:38:27::info::Mongodb is connected to database:oop
2025:07:02 :: 22:38:34::warn::===== http://localhost:8090 =====
2025:07:02 :: 22:38:34::info::===========development===========
2025:07:02 :: 22:38:34::info::===========port:8090=============
2025:07:02 :: 22:38:34::info::=================================
2025:07:02 :: 22:38:34::info::Mongodb is connected to database:oop
2025:07:02 :: 22:38:39::warn::===== http://localhost:8090 =====
2025:07:02 :: 22:38:39::info::===========development===========
2025:07:02 :: 22:38:39::info::===========port:8090=============
2025:07:02 :: 22:38:39::info::=================================
2025:07:02 :: 22:38:39::info::Mongodb is connected to database:oop
2025:07:02 :: 22:38:44::warn::===== http://localhost:8090 =====
2025:07:02 :: 22:38:44::info::===========development===========
2025:07:02 :: 22:38:44::info::===========port:8090=============
2025:07:02 :: 22:38:44::info::=================================
2025:07:02 :: 22:38:44::info::Mongodb is connected to database:oop
2025:07:02 :: 22:38:47::warn::===== http://localhost:8090 =====
2025:07:02 :: 22:38:47::info::===========development===========
2025:07:02 :: 22:38:47::info::===========port:8090=============
2025:07:02 :: 22:38:47::info::=================================
2025:07:02 :: 22:38:47::info::Mongodb is connected to database:oop
2025:07:02 :: 22:38:53::warn::===== http://localhost:8090 =====
2025:07:02 :: 22:38:53::info::===========development===========
2025:07:02 :: 22:38:53::info::===========port:8090=============
2025:07:02 :: 22:38:53::info::=================================
2025:07:02 :: 22:38:53::info::Mongodb is connected to database:oop
2025:07:02 :: 22:39:07::warn::===== http://localhost:8090 =====
2025:07:02 :: 22:39:07::info::===========development===========
2025:07:02 :: 22:39:07::info::===========port:8090=============
2025:07:02 :: 22:39:07::info::=================================
2025:07:02 :: 22:39:07::info::Mongodb is connected to database:oop
2025:07:02 :: 22:39:14::warn::===== http://localhost:8090 =====
2025:07:02 :: 22:39:14::info::===========development===========
2025:07:02 :: 22:39:14::info::===========port:8090=============
2025:07:02 :: 22:39:14::info::=================================
2025:07:02 :: 22:39:14::info::Mongodb is connected to database:oop
2025:07:02 :: 22:39:19::warn::===== http://localhost:8090 =====
2025:07:02 :: 22:39:19::info::===========development===========
2025:07:02 :: 22:39:19::info::===========port:8090=============
2025:07:02 :: 22:39:19::info::=================================
2025:07:02 :: 22:39:19::info::Mongodb is connected to database:oop
2025:07:02 :: 22:39:21::warn::===== http://localhost:8090 =====
2025:07:02 :: 22:39:21::info::===========development===========
2025:07:02 :: 22:39:21::info::===========port:8090=============
2025:07:02 :: 22:39:21::info::=================================
2025:07:02 :: 22:39:21::info::Mongodb is connected to database:oop
2025:07:02 :: 22:39:24::warn::===== http://localhost:8090 =====
2025:07:02 :: 22:39:24::info::===========development===========
2025:07:02 :: 22:39:24::info::===========port:8090=============
2025:07:02 :: 22:39:24::info::=================================
2025:07:02 :: 22:39:24::info::Mongodb is connected to database:oop
2025:07:02 :: 22:39:46::warn::===== http://localhost:8090 =====
2025:07:02 :: 22:39:46::info::===========development===========
2025:07:02 :: 22:39:46::info::===========port:8090=============
2025:07:02 :: 22:39:46::info::=================================
2025:07:02 :: 22:39:46::info::Mongodb is connected to database:oop
2025:07:02 :: 22:39:52::warn::===== http://localhost:8090 =====
2025:07:02 :: 22:39:52::info::===========development===========
2025:07:02 :: 22:39:52::info::===========port:8090=============
2025:07:02 :: 22:39:52::info::=================================
2025:07:02 :: 22:39:52::info::Mongodb is connected to database:oop
2025:07:02 :: 22:39:57::warn::===== http://localhost:8090 =====
2025:07:02 :: 22:39:57::info::===========development===========
2025:07:02 :: 22:39:57::info::===========port:8090=============
2025:07:02 :: 22:39:57::info::=================================
2025:07:02 :: 22:39:57::info::Mongodb is connected to database:oop
2025:07:02 :: 22:40:07::warn::===== http://localhost:8090 =====
2025:07:02 :: 22:40:07::info::===========development===========
2025:07:02 :: 22:40:07::info::===========port:8090=============
2025:07:02 :: 22:40:07::info::=================================
2025:07:02 :: 22:40:07::info::Mongodb is connected to database:oop
2025:07:02 :: 22:40:35::warn::===== http://localhost:8090 =====
2025:07:02 :: 22:40:35::info::===========development===========
2025:07:02 :: 22:40:35::info::===========port:8090=============
2025:07:02 :: 22:40:35::info::=================================
2025:07:02 :: 22:40:35::info::Mongodb is connected to database:oop
2025:07:02 :: 22:40:46::warn::===== http://localhost:8090 =====
2025:07:02 :: 22:40:46::info::===========development===========
2025:07:02 :: 22:40:46::info::===========port:8090=============
2025:07:02 :: 22:40:46::info::=================================
2025:07:02 :: 22:40:46::info::Mongodb is connected to database:oop
2025:07:02 :: 22:40:54::warn::===== http://localhost:8090 =====
2025:07:02 :: 22:40:54::info::===========development===========
2025:07:02 :: 22:40:54::info::===========port:8090=============
2025:07:02 :: 22:40:54::info::=================================
2025:07:02 :: 22:40:54::info::Mongodb is connected to database:oop
2025:07:02 :: 22:40:56::warn::===== http://localhost:8090 =====
2025:07:02 :: 22:40:56::info::===========development===========
2025:07:02 :: 22:40:56::info::===========port:8090=============
2025:07:02 :: 22:40:56::info::=================================
2025:07:02 :: 22:40:56::info::Mongodb is connected to database:oop
2025:07:02 :: 22:41:13::warn::===== http://localhost:8090 =====
2025:07:02 :: 22:41:13::info::===========development===========
2025:07:02 :: 22:41:13::info::===========port:8090=============
2025:07:02 :: 22:41:13::info::=================================
2025:07:02 :: 22:41:13::info::Mongodb is connected to database:oop
2025:07:02 :: 22:41:27::warn::===== http://localhost:8090 =====
2025:07:02 :: 22:41:27::info::===========development===========
2025:07:02 :: 22:41:27::info::===========port:8090=============
2025:07:02 :: 22:41:27::info::=================================
2025:07:02 :: 22:41:27::info::Mongodb is connected to database:oop
2025:07:02 :: 22:41:33::warn::===== http://localhost:8090 =====
2025:07:02 :: 22:41:33::info::===========development===========
2025:07:02 :: 22:41:33::info::===========port:8090=============
2025:07:02 :: 22:41:33::info::=================================
2025:07:02 :: 22:41:33::info::Mongodb is connected to database:oop
2025:07:02 :: 22:41:52::warn::===== http://localhost:8090 =====
2025:07:02 :: 22:41:52::info::===========development===========
2025:07:02 :: 22:41:52::info::===========port:8090=============
2025:07:02 :: 22:41:52::info::=================================
2025:07:02 :: 22:41:52::info::Mongodb is connected to database:oop
2025:07:02 :: 22:41:57::warn::===== http://localhost:8090 =====
2025:07:02 :: 22:41:57::info::===========development===========
2025:07:02 :: 22:41:57::info::===========port:8090=============
2025:07:02 :: 22:41:57::info::=================================
2025:07:02 :: 22:41:57::info::Mongodb is connected to database:oop
2025:07:02 :: 22:42:06::warn::===== http://localhost:8090 =====
2025:07:02 :: 22:42:06::info::===========development===========
2025:07:02 :: 22:42:06::info::===========port:8090=============
2025:07:02 :: 22:42:06::info::=================================
2025:07:02 :: 22:42:06::info::Mongodb is connected to database:oop
2025:07:02 :: 22:42:26::info::[0mGET /api/cars/686524d6dc2fdf3bb73ff4e0 [32m200[0m 19.580 ms - 233[0m
2025:07:02 :: 22:42:32::error::Unhandled Error: Cast to ObjectId failed for value "686524d6dc2fdf3bb73ff4e3d" (type string) at path "_id" for model "car"
2025:07:02 :: 22:42:32::info::[0mGET /api/cars/686524d6dc2fdf3bb73ff4e3d [31m500[0m 8.889 ms - -[0m
2025:07:02 :: 22:43:12::warn::===== http://localhost:8090 =====
2025:07:02 :: 22:43:12::info::===========development===========
2025:07:02 :: 22:43:12::info::===========port:8090=============
2025:07:02 :: 22:43:12::info::=================================
2025:07:02 :: 22:43:12::info::Mongodb is connected to database:oop
2025:07:02 :: 22:43:23::warn::===== http://localhost:8090 =====
2025:07:02 :: 22:43:23::info::===========development===========
2025:07:02 :: 22:43:23::info::===========port:8090=============
2025:07:02 :: 22:43:23::info::=================================
2025:07:02 :: 22:43:23::info::Mongodb is connected to database:oop
2025:07:02 :: 22:43:32::warn::===== http://localhost:8090 =====
2025:07:02 :: 22:43:32::info::===========development===========
2025:07:02 :: 22:43:32::info::===========port:8090=============
2025:07:02 :: 22:43:32::info::=================================
2025:07:02 :: 22:43:32::info::Mongodb is connected to database:oop
2025:07:02 :: 22:43:45::warn::===== http://localhost:8090 =====
2025:07:02 :: 22:43:45::info::===========development===========
2025:07:02 :: 22:43:45::info::===========port:8090=============
2025:07:02 :: 22:43:45::info::=================================
2025:07:02 :: 22:43:45::info::Mongodb is connected to database:oop
2025:07:02 :: 22:43:49::warn::===== http://localhost:8090 =====
2025:07:02 :: 22:43:49::info::===========development===========
2025:07:02 :: 22:43:49::info::===========port:8090=============
2025:07:02 :: 22:43:49::info::=================================
2025:07:02 :: 22:43:49::info::Mongodb is connected to database:oop
2025:07:02 :: 22:43:52::warn::===== http://localhost:8090 =====
2025:07:02 :: 22:43:52::info::===========development===========
2025:07:02 :: 22:43:52::info::===========port:8090=============
2025:07:02 :: 22:43:52::info::=================================
2025:07:02 :: 22:43:52::info::Mongodb is connected to database:oop
2025:07:02 :: 22:44:05::warn::===== http://localhost:8090 =====
2025:07:02 :: 22:44:05::info::===========development===========
2025:07:02 :: 22:44:05::info::===========port:8090=============
2025:07:02 :: 22:44:05::info::=================================
2025:07:02 :: 22:44:05::info::Mongodb is connected to database:oop
2025:07:02 :: 22:44:10::warn::===== http://localhost:8090 =====
2025:07:02 :: 22:44:10::info::===========development===========
2025:07:02 :: 22:44:10::info::===========port:8090=============
2025:07:02 :: 22:44:10::info::=================================
2025:07:02 :: 22:44:10::info::Mongodb is connected to database:oop
2025:07:02 :: 22:44:14::info::[0mGET /api/cars/686524d6dc2fdf3bb73ff4e3d [33m400[0m 10.235 ms - 154[0m
2025:07:02 :: 22:44:35::warn::===== http://localhost:8090 =====
2025:07:02 :: 22:44:35::info::===========development===========
2025:07:02 :: 22:44:35::info::===========port:8090=============
2025:07:02 :: 22:44:35::info::=================================
2025:07:02 :: 22:44:35::info::Mongodb is connected to database:oop
2025:07:02 :: 22:44:40::warn::===== http://localhost:8090 =====
2025:07:02 :: 22:44:40::info::===========development===========
2025:07:02 :: 22:44:40::info::===========port:8090=============
2025:07:02 :: 22:44:41::info::=================================
2025:07:02 :: 22:44:41::info::Mongodb is connected to database:oop
2025:07:02 :: 22:44:43::warn::===== http://localhost:8090 =====
2025:07:02 :: 22:44:43::info::===========development===========
2025:07:02 :: 22:44:43::info::===========port:8090=============
2025:07:02 :: 22:44:43::info::=================================
2025:07:02 :: 22:44:43::info::Mongodb is connected to database:oop
2025:07:02 :: 22:44:45::info::[0mGET /api/cars/686524d6dc2fdf3bb73ff4e3d [33m400[0m 7.145 ms - 125[0m
2025:07:02 :: 22:44:59::info::[0mGET /api/cars/686524d6dc2fdf3bb73ff4e0 [32m200[0m 8.200 ms - 233[0m
2025:07:02 :: 23:01:11::warn::===== http://localhost:8090 =====
2025:07:02 :: 23:01:11::info::===========test===========
2025:07:02 :: 23:01:11::info::===========port:8090=============
2025:07:02 :: 23:01:11::info::=================================
2025:07:02 :: 23:01:11::info::[0mGET /cars/car-1 [33m404[0m 2.672 ms - 149[0m
2025:07:02 :: 23:02:31::warn::===== http://localhost:8090 =====
2025:07:02 :: 23:02:31::info::===========development===========
2025:07:02 :: 23:02:31::info::===========port:8090=============
2025:07:02 :: 23:02:31::info::=================================
2025:07:02 :: 23:02:31::info::Mongodb is connected to database:oop
2025:07:02 :: 23:02:46::warn::===== http://localhost:8090 =====
2025:07:02 :: 23:02:46::info::===========test===========
2025:07:02 :: 23:02:46::info::===========port:8090=============
2025:07:02 :: 23:02:46::info::=================================
2025:07:02 :: 23:02:46::info::[0mGET /cars/car-1 [33m404[0m 8.191 ms - 149[0m
