2025:07:05 :: 01:58:23::warn::===== http://localhost:8090 =====
2025:07:05 :: 01:58:23::info::===========development===========
2025:07:05 :: 01:58:23::info::===========port:8090=============
2025:07:05 :: 01:58:23::info::=================================
2025:07:05 :: 01:58:23::info::Mongodb is connected to database:oop
2025:07:05 :: 01:58:31::warn::===== http://localhost:8090 =====
2025:07:05 :: 01:58:31::info::===========development===========
2025:07:05 :: 01:58:31::info::===========port:8090=============
2025:07:05 :: 01:58:31::info::=================================
2025:07:05 :: 01:58:31::info::Mongodb is connected to database:oop
2025:07:05 :: 01:58:35::warn::===== http://localhost:8090 =====
2025:07:05 :: 01:58:35::info::===========development===========
2025:07:05 :: 01:58:35::info::===========port:8090=============
2025:07:05 :: 01:58:35::info::=================================
2025:07:05 :: 01:58:35::info::Mongodb is connected to database:oop
2025:07:05 :: 01:58:38::warn::===== http://localhost:8090 =====
2025:07:05 :: 01:58:38::info::===========development===========
2025:07:05 :: 01:58:38::info::===========port:8090=============
2025:07:05 :: 01:58:38::info::=================================
2025:07:05 :: 01:58:38::info::Mongodb is connected to database:oop
2025:07:05 :: 01:58:43::warn::===== http://localhost:8090 =====
2025:07:05 :: 01:58:43::info::===========development===========
2025:07:05 :: 01:58:43::info::===========port:8090=============
2025:07:05 :: 01:58:43::info::=================================
2025:07:05 :: 01:58:43::info::Mongodb is connected to database:oop
2025:07:05 :: 01:58:55::warn::===== http://localhost:8090 =====
2025:07:05 :: 01:58:55::info::===========development===========
2025:07:05 :: 01:58:55::info::===========port:8090=============
2025:07:05 :: 01:58:55::info::=================================
2025:07:05 :: 01:58:55::info::Mongodb is connected to database:oop
2025:07:05 :: 01:59:03::warn::===== http://localhost:8090 =====
2025:07:05 :: 01:59:03::info::===========development===========
2025:07:05 :: 01:59:03::info::===========port:8090=============
2025:07:05 :: 01:59:03::info::=================================
2025:07:05 :: 01:59:03::info::Mongodb is connected to database:oop
2025:07:05 :: 01:59:16::warn::===== http://localhost:8090 =====
2025:07:05 :: 01:59:16::info::===========development===========
2025:07:05 :: 01:59:16::info::===========port:8090=============
2025:07:05 :: 01:59:16::info::=================================
2025:07:05 :: 01:59:16::info::Mongodb is connected to database:oop
2025:07:05 :: 01:59:35::warn::===== http://localhost:8090 =====
2025:07:05 :: 01:59:36::info::===========development===========
2025:07:05 :: 01:59:36::info::===========port:8090=============
2025:07:05 :: 01:59:36::info::=================================
2025:07:05 :: 01:59:36::info::Mongodb is connected to database:oop
2025:07:05 :: 01:59:48::warn::===== http://localhost:8090 =====
2025:07:05 :: 01:59:48::info::===========development===========
2025:07:05 :: 01:59:48::info::===========port:8090=============
2025:07:05 :: 01:59:48::info::=================================
2025:07:05 :: 01:59:49::info::Mongodb is connected to database:oop
2025:07:05 :: 01:59:51::warn::===== http://localhost:8090 =====
2025:07:05 :: 01:59:51::info::===========development===========
2025:07:05 :: 01:59:51::info::===========port:8090=============
2025:07:05 :: 01:59:51::info::=================================
2025:07:05 :: 01:59:51::info::Mongodb is connected to database:oop
2025:07:05 :: 02:01:50::warn::===== http://localhost:8090 =====
2025:07:05 :: 02:01:50::info::===========development===========
2025:07:05 :: 02:01:50::info::===========port:8090=============
2025:07:05 :: 02:01:50::info::=================================
2025:07:05 :: 02:01:50::info::Mongodb is connected to database:oop
2025:07:05 :: 02:01:53::warn::===== http://localhost:8090 =====
2025:07:05 :: 02:01:53::info::===========development===========
2025:07:05 :: 02:01:53::info::===========port:8090=============
2025:07:05 :: 02:01:53::info::=================================
2025:07:05 :: 02:01:53::info::Mongodb is connected to database:oop
2025:07:05 :: 02:02:12::warn::===== http://localhost:8090 =====
2025:07:05 :: 02:02:12::info::===========development===========
2025:07:05 :: 02:02:12::info::===========port:8090=============
2025:07:05 :: 02:02:12::info::=================================
2025:07:05 :: 02:02:12::info::Mongodb is connected to database:oop
2025:07:05 :: 02:02:21::warn::===== http://localhost:8090 =====
2025:07:05 :: 02:02:22::info::===========development===========
2025:07:05 :: 02:02:22::info::===========port:8090=============
2025:07:05 :: 02:02:22::info::=================================
2025:07:05 :: 02:02:22::info::Mongodb is connected to database:oop
2025:07:05 :: 02:02:27::warn::===== http://localhost:8090 =====
2025:07:05 :: 02:02:27::info::===========development===========
2025:07:05 :: 02:02:27::info::===========port:8090=============
2025:07:05 :: 02:02:27::info::=================================
2025:07:05 :: 02:02:27::info::Mongodb is connected to database:oop
2025:07:05 :: 02:02:39::warn::===== http://localhost:8090 =====
2025:07:05 :: 02:02:40::info::===========development===========
2025:07:05 :: 02:02:40::info::===========port:8090=============
2025:07:05 :: 02:02:40::info::=================================
2025:07:05 :: 02:02:40::info::Mongodb is connected to database:oop
2025:07:05 :: 02:02:53::warn::===== http://localhost:8090 =====
2025:07:05 :: 02:02:54::info::===========development===========
2025:07:05 :: 02:02:54::info::===========port:8090=============
2025:07:05 :: 02:02:54::info::=================================
2025:07:05 :: 02:02:54::info::Mongodb is connected to database:oop
2025:07:05 :: 02:03:12::warn::===== http://localhost:8090 =====
2025:07:05 :: 02:03:12::info::===========development===========
2025:07:05 :: 02:03:12::info::===========port:8090=============
2025:07:05 :: 02:03:12::info::=================================
2025:07:05 :: 02:03:12::info::Mongodb is connected to database:oop
2025:07:05 :: 02:03:26::warn::===== http://localhost:8090 =====
2025:07:05 :: 02:03:26::info::===========development===========
2025:07:05 :: 02:03:26::info::===========port:8090=============
2025:07:05 :: 02:03:26::info::=================================
2025:07:05 :: 02:03:26::info::Mongodb is connected to database:oop
2025:07:05 :: 02:03:34::warn::===== http://localhost:8090 =====
2025:07:05 :: 02:03:34::info::===========development===========
2025:07:05 :: 02:03:34::info::===========port:8090=============
2025:07:05 :: 02:03:34::info::=================================
2025:07:05 :: 02:03:34::info::Mongodb is connected to database:oop
2025:07:05 :: 02:03:42::warn::===== http://localhost:8090 =====
2025:07:05 :: 02:03:42::info::===========development===========
2025:07:05 :: 02:03:42::info::===========port:8090=============
2025:07:05 :: 02:03:42::info::=================================
2025:07:05 :: 02:03:42::info::Mongodb is connected to database:oop
2025:07:05 :: 02:04:02::warn::===== http://localhost:8090 =====
2025:07:05 :: 02:04:02::info::===========development===========
2025:07:05 :: 02:04:02::info::===========port:8090=============
2025:07:05 :: 02:04:02::info::=================================
2025:07:05 :: 02:04:02::info::Mongodb is connected to database:oop
2025:07:05 :: 02:04:19::warn::===== http://localhost:8090 =====
2025:07:05 :: 02:04:19::info::===========development===========
2025:07:05 :: 02:04:19::info::===========port:8090=============
2025:07:05 :: 02:04:19::info::=================================
2025:07:05 :: 02:04:19::info::Mongodb is connected to database:oop
2025:07:05 :: 02:04:23::warn::===== http://localhost:8090 =====
2025:07:05 :: 02:04:23::info::===========development===========
2025:07:05 :: 02:04:23::info::===========port:8090=============
2025:07:05 :: 02:04:23::info::=================================
2025:07:05 :: 02:04:23::info::Mongodb is connected to database:oop
2025:07:05 :: 02:04:26::warn::===== http://localhost:8090 =====
2025:07:05 :: 02:04:26::info::===========development===========
2025:07:05 :: 02:04:26::info::===========port:8090=============
2025:07:05 :: 02:04:26::info::=================================
2025:07:05 :: 02:04:26::info::Mongodb is connected to database:oop
2025:07:05 :: 02:04:32::warn::===== http://localhost:8090 =====
2025:07:05 :: 02:04:32::info::===========development===========
2025:07:05 :: 02:04:32::info::===========port:8090=============
2025:07:05 :: 02:04:32::info::=================================
2025:07:05 :: 02:04:32::info::Mongodb is connected to database:oop
2025:07:05 :: 02:04:38::warn::===== http://localhost:8090 =====
2025:07:05 :: 02:04:38::info::===========development===========
2025:07:05 :: 02:04:38::info::===========port:8090=============
2025:07:05 :: 02:04:38::info::=================================
2025:07:05 :: 02:04:38::info::Mongodb is connected to database:oop
2025:07:05 :: 02:04:45::warn::===== http://localhost:8090 =====
2025:07:05 :: 02:04:45::info::===========development===========
2025:07:05 :: 02:04:45::info::===========port:8090=============
2025:07:05 :: 02:04:45::info::=================================
2025:07:05 :: 02:04:45::info::Mongodb is connected to database:oop
2025:07:05 :: 02:04:55::warn::===== http://localhost:8090 =====
2025:07:05 :: 02:04:55::info::===========development===========
2025:07:05 :: 02:04:55::info::===========port:8090=============
2025:07:05 :: 02:04:55::info::=================================
2025:07:05 :: 02:04:55::info::Mongodb is connected to database:oop
2025:07:05 :: 02:04:59::warn::===== http://localhost:8090 =====
2025:07:05 :: 02:04:59::info::===========development===========
2025:07:05 :: 02:04:59::info::===========port:8090=============
2025:07:05 :: 02:04:59::info::=================================
2025:07:05 :: 02:04:59::info::Mongodb is connected to database:oop
2025:07:05 :: 02:05:07::warn::===== http://localhost:8090 =====
2025:07:05 :: 02:05:07::info::===========development===========
2025:07:05 :: 02:05:07::info::===========port:8090=============
2025:07:05 :: 02:05:07::info::=================================
2025:07:05 :: 02:05:07::info::Mongodb is connected to database:oop
2025:07:05 :: 02:05:15::warn::===== http://localhost:8090 =====
2025:07:05 :: 02:05:15::info::===========development===========
2025:07:05 :: 02:05:15::info::===========port:8090=============
2025:07:05 :: 02:05:15::info::=================================
2025:07:05 :: 02:05:15::info::Mongodb is connected to database:oop
2025:07:05 :: 02:05:20::warn::===== http://localhost:8090 =====
2025:07:05 :: 02:05:20::info::===========development===========
2025:07:05 :: 02:05:20::info::===========port:8090=============
2025:07:05 :: 02:05:20::info::=================================
2025:07:05 :: 02:05:20::info::Mongodb is connected to database:oop
2025:07:05 :: 02:05:23::warn::===== http://localhost:8090 =====
2025:07:05 :: 02:05:23::info::===========development===========
2025:07:05 :: 02:05:23::info::===========port:8090=============
2025:07:05 :: 02:05:23::info::=================================
2025:07:05 :: 02:05:23::info::Mongodb is connected to database:oop
2025:07:05 :: 02:05:36::warn::===== http://localhost:8090 =====
2025:07:05 :: 02:05:36::info::===========development===========
2025:07:05 :: 02:05:36::info::===========port:8090=============
2025:07:05 :: 02:05:36::info::=================================
2025:07:05 :: 02:05:36::info::Mongodb is connected to database:oop
2025:07:05 :: 02:06:03::warn::===== http://localhost:8090 =====
2025:07:05 :: 02:06:03::info::===========development===========
2025:07:05 :: 02:06:03::info::===========port:8090=============
2025:07:05 :: 02:06:03::info::=================================
2025:07:05 :: 02:06:03::info::Mongodb is connected to database:oop
2025:07:05 :: 02:07:12::warn::===== http://localhost:8090 =====
2025:07:05 :: 02:07:12::info::===========development===========
2025:07:05 :: 02:07:12::info::===========port:8090=============
2025:07:05 :: 02:07:12::info::=================================
2025:07:05 :: 02:07:12::info::Mongodb is connected to database:oop
2025:07:05 :: 02:07:20::warn::===== http://localhost:8090 =====
2025:07:05 :: 02:07:20::info::===========development===========
2025:07:05 :: 02:07:20::info::===========port:8090=============
2025:07:05 :: 02:07:20::info::=================================
2025:07:05 :: 02:07:20::info::Mongodb is connected to database:oop
2025:07:05 :: 02:07:27::warn::===== http://localhost:8090 =====
2025:07:05 :: 02:07:27::info::===========development===========
2025:07:05 :: 02:07:27::info::===========port:8090=============
2025:07:05 :: 02:07:27::info::=================================
2025:07:05 :: 02:07:27::info::Mongodb is connected to database:oop
2025:07:05 :: 02:07:30::warn::===== http://localhost:8090 =====
2025:07:05 :: 02:07:30::info::===========development===========
2025:07:05 :: 02:07:30::info::===========port:8090=============
2025:07:05 :: 02:07:30::info::=================================
2025:07:05 :: 02:07:30::info::Mongodb is connected to database:oop
2025:07:05 :: 02:16:34::warn::===== http://localhost:8090 =====
2025:07:05 :: 02:16:34::info::===========development===========
2025:07:05 :: 02:16:34::info::===========port:8090=============
2025:07:05 :: 02:16:34::info::=================================
2025:07:05 :: 02:16:34::info::Mongodb is connected to database:oop
2025:07:05 :: 02:16:48::warn::===== http://localhost:8090 =====
2025:07:05 :: 02:16:48::info::===========development===========
2025:07:05 :: 02:16:48::info::===========port:8090=============
2025:07:05 :: 02:16:48::info::=================================
2025:07:05 :: 02:16:48::info::Mongodb is connected to database:oop
2025:07:05 :: 02:17:00::warn::===== http://localhost:8090 =====
2025:07:05 :: 02:17:00::info::===========development===========
2025:07:05 :: 02:17:00::info::===========port:8090=============
2025:07:05 :: 02:17:00::info::=================================
2025:07:05 :: 02:17:00::info::Mongodb is connected to database:oop
2025:07:05 :: 02:17:05::warn::===== http://localhost:8090 =====
2025:07:05 :: 02:17:05::info::===========development===========
2025:07:05 :: 02:17:05::info::===========port:8090=============
2025:07:05 :: 02:17:05::info::=================================
2025:07:05 :: 02:17:05::info::Mongodb is connected to database:oop
2025:07:05 :: 02:18:52::warn::===== http://localhost:8090 =====
2025:07:05 :: 02:18:52::info::===========development===========
2025:07:05 :: 02:18:52::info::===========port:8090=============
2025:07:05 :: 02:18:52::info::=================================
2025:07:05 :: 02:18:52::info::Mongodb is connected to database:oop
2025:07:05 :: 02:18:55::warn::===== http://localhost:8090 =====
2025:07:05 :: 02:18:55::info::===========development===========
2025:07:05 :: 02:18:55::info::===========port:8090=============
2025:07:05 :: 02:18:55::info::=================================
2025:07:05 :: 02:18:55::info::Mongodb is connected to database:oop
2025:07:05 :: 02:19:13::warn::===== http://localhost:8090 =====
2025:07:05 :: 02:19:13::info::===========development===========
2025:07:05 :: 02:19:13::info::===========port:8090=============
2025:07:05 :: 02:19:13::info::=================================
2025:07:05 :: 02:19:13::info::Mongodb is connected to database:oop
2025:07:05 :: 02:19:19::warn::===== http://localhost:8090 =====
2025:07:05 :: 02:19:19::info::===========development===========
2025:07:05 :: 02:19:19::info::===========port:8090=============
2025:07:05 :: 02:19:19::info::=================================
2025:07:05 :: 02:19:19::info::Mongodb is connected to database:oop
2025:07:05 :: 02:19:31::warn::===== http://localhost:8090 =====
2025:07:05 :: 02:19:31::info::===========development===========
2025:07:05 :: 02:19:31::info::===========port:8090=============
2025:07:05 :: 02:19:31::info::=================================
2025:07:05 :: 02:19:31::info::Mongodb is connected to database:oop
2025:07:05 :: 02:19:36::warn::===== http://localhost:8090 =====
2025:07:05 :: 02:19:36::info::===========development===========
2025:07:05 :: 02:19:36::info::===========port:8090=============
2025:07:05 :: 02:19:36::info::=================================
2025:07:05 :: 02:19:36::info::Mongodb is connected to database:oop
2025:07:05 :: 02:19:42::warn::===== http://localhost:8090 =====
2025:07:05 :: 02:19:42::info::===========development===========
2025:07:05 :: 02:19:42::info::===========port:8090=============
2025:07:05 :: 02:19:42::info::=================================
2025:07:05 :: 02:19:43::info::Mongodb is connected to database:oop
2025:07:05 :: 02:19:45::warn::===== http://localhost:8090 =====
2025:07:05 :: 02:19:45::info::===========development===========
2025:07:05 :: 02:19:45::info::===========port:8090=============
2025:07:05 :: 02:19:45::info::=================================
2025:07:05 :: 02:19:46::info::Mongodb is connected to database:oop
2025:07:05 :: 02:20:06::warn::===== http://localhost:8090 =====
2025:07:05 :: 02:20:06::info::===========development===========
2025:07:05 :: 02:20:06::info::===========port:8090=============
2025:07:05 :: 02:20:06::info::=================================
2025:07:05 :: 02:20:06::info::Mongodb is connected to database:oop
2025:07:05 :: 02:20:12::warn::===== http://localhost:8090 =====
2025:07:05 :: 02:20:12::info::===========development===========
2025:07:05 :: 02:20:12::info::===========port:8090=============
2025:07:05 :: 02:20:12::info::=================================
2025:07:05 :: 02:20:12::info::Mongodb is connected to database:oop
2025:07:05 :: 02:20:16::warn::===== http://localhost:8090 =====
2025:07:05 :: 02:20:16::info::===========development===========
2025:07:05 :: 02:20:16::info::===========port:8090=============
2025:07:05 :: 02:20:16::info::=================================
2025:07:05 :: 02:20:16::info::Mongodb is connected to database:oop
2025:07:05 :: 02:20:23::warn::===== http://localhost:8090 =====
2025:07:05 :: 02:20:23::info::===========development===========
2025:07:05 :: 02:20:23::info::===========port:8090=============
2025:07:05 :: 02:20:23::info::=================================
2025:07:05 :: 02:20:24::info::Mongodb is connected to database:oop
2025:07:05 :: 02:20:27::warn::===== http://localhost:8090 =====
2025:07:05 :: 02:20:27::info::===========development===========
2025:07:05 :: 02:20:27::info::===========port:8090=============
2025:07:05 :: 02:20:27::info::=================================
2025:07:05 :: 02:20:27::info::Mongodb is connected to database:oop
2025:07:05 :: 02:20:30::warn::===== http://localhost:8090 =====
2025:07:05 :: 02:20:30::info::===========development===========
2025:07:05 :: 02:20:30::info::===========port:8090=============
2025:07:05 :: 02:20:30::info::=================================
2025:07:05 :: 02:20:30::info::Mongodb is connected to database:oop
2025:07:05 :: 02:20:38::warn::===== http://localhost:8090 =====
2025:07:05 :: 02:20:38::info::===========development===========
2025:07:05 :: 02:20:38::info::===========port:8090=============
2025:07:05 :: 02:20:38::info::=================================
2025:07:05 :: 02:20:38::info::Mongodb is connected to database:oop
2025:07:05 :: 02:20:41::warn::===== http://localhost:8090 =====
2025:07:05 :: 02:20:41::info::===========development===========
2025:07:05 :: 02:20:41::info::===========port:8090=============
2025:07:05 :: 02:20:41::info::=================================
2025:07:05 :: 02:20:41::info::Mongodb is connected to database:oop
2025:07:05 :: 02:20:52::warn::===== http://localhost:8090 =====
2025:07:05 :: 02:20:52::info::===========development===========
2025:07:05 :: 02:20:52::info::===========port:8090=============
2025:07:05 :: 02:20:52::info::=================================
2025:07:05 :: 02:20:53::info::Mongodb is connected to database:oop
2025:07:05 :: 02:20:59::warn::===== http://localhost:8090 =====
2025:07:05 :: 02:20:59::info::===========development===========
2025:07:05 :: 02:20:59::info::===========port:8090=============
2025:07:05 :: 02:20:59::info::=================================
2025:07:05 :: 02:20:59::info::Mongodb is connected to database:oop
2025:07:05 :: 02:21:07::warn::===== http://localhost:8090 =====
2025:07:05 :: 02:21:07::info::===========development===========
2025:07:05 :: 02:21:07::info::===========port:8090=============
2025:07:05 :: 02:21:07::info::=================================
2025:07:05 :: 02:21:07::info::Mongodb is connected to database:oop
2025:07:05 :: 02:21:12::warn::===== http://localhost:8090 =====
2025:07:05 :: 02:21:12::info::===========development===========
2025:07:05 :: 02:21:12::info::===========port:8090=============
2025:07:05 :: 02:21:12::info::=================================
2025:07:05 :: 02:21:12::info::Mongodb is connected to database:oop
2025:07:05 :: 02:21:15::warn::===== http://localhost:8090 =====
2025:07:05 :: 02:21:15::info::===========development===========
2025:07:05 :: 02:21:15::info::===========port:8090=============
2025:07:05 :: 02:21:15::info::=================================
2025:07:05 :: 02:21:15::info::Mongodb is connected to database:oop
2025:07:05 :: 02:21:23::warn::===== http://localhost:8090 =====
2025:07:05 :: 02:21:23::info::===========development===========
2025:07:05 :: 02:21:23::info::===========port:8090=============
2025:07:05 :: 02:21:23::info::=================================
2025:07:05 :: 02:21:23::info::Mongodb is connected to database:oop
2025:07:05 :: 02:21:28::warn::===== http://localhost:8090 =====
2025:07:05 :: 02:21:28::info::===========development===========
2025:07:05 :: 02:21:28::info::===========port:8090=============
2025:07:05 :: 02:21:28::info::=================================
2025:07:05 :: 02:21:28::info::Mongodb is connected to database:oop
2025:07:05 :: 02:21:32::warn::===== http://localhost:8090 =====
2025:07:05 :: 02:21:32::info::===========development===========
2025:07:05 :: 02:21:32::info::===========port:8090=============
2025:07:05 :: 02:21:32::info::=================================
2025:07:05 :: 02:21:32::info::Mongodb is connected to database:oop
2025:07:05 :: 02:21:38::warn::===== http://localhost:8090 =====
2025:07:05 :: 02:21:38::info::===========development===========
2025:07:05 :: 02:21:38::info::===========port:8090=============
2025:07:05 :: 02:21:38::info::=================================
2025:07:05 :: 02:21:38::info::Mongodb is connected to database:oop
2025:07:05 :: 02:21:42::warn::===== http://localhost:8090 =====
2025:07:05 :: 02:21:42::info::===========development===========
2025:07:05 :: 02:21:42::info::===========port:8090=============
2025:07:05 :: 02:21:42::info::=================================
2025:07:05 :: 02:21:42::info::Mongodb is connected to database:oop
2025:07:05 :: 02:21:48::warn::===== http://localhost:8090 =====
2025:07:05 :: 02:21:48::info::===========development===========
2025:07:05 :: 02:21:48::info::===========port:8090=============
2025:07:05 :: 02:21:48::info::=================================
2025:07:05 :: 02:21:48::info::Mongodb is connected to database:oop
2025:07:05 :: 02:21:54::warn::===== http://localhost:8090 =====
2025:07:05 :: 02:21:54::info::===========development===========
2025:07:05 :: 02:21:54::info::===========port:8090=============
2025:07:05 :: 02:21:54::info::=================================
2025:07:05 :: 02:21:54::info::Mongodb is connected to database:oop
2025:07:05 :: 02:22:02::warn::===== http://localhost:8090 =====
2025:07:05 :: 02:22:02::info::===========development===========
2025:07:05 :: 02:22:02::info::===========port:8090=============
2025:07:05 :: 02:22:02::info::=================================
2025:07:05 :: 02:22:02::info::Mongodb is connected to database:oop
2025:07:05 :: 02:22:13::warn::===== http://localhost:8090 =====
2025:07:05 :: 02:22:13::info::===========development===========
2025:07:05 :: 02:22:14::info::===========port:8090=============
2025:07:05 :: 02:22:14::info::=================================
2025:07:05 :: 02:22:14::info::Mongodb is connected to database:oop
2025:07:05 :: 02:22:22::warn::===== http://localhost:8090 =====
2025:07:05 :: 02:22:22::info::===========development===========
2025:07:05 :: 02:22:22::info::===========port:8090=============
2025:07:05 :: 02:22:22::info::=================================
2025:07:05 :: 02:22:22::info::Mongodb is connected to database:oop
2025:07:05 :: 02:22:31::warn::===== http://localhost:8090 =====
2025:07:05 :: 02:22:31::info::===========development===========
2025:07:05 :: 02:22:31::info::===========port:8090=============
2025:07:05 :: 02:22:31::info::=================================
2025:07:05 :: 02:22:31::info::Mongodb is connected to database:oop
2025:07:05 :: 02:22:37::warn::===== http://localhost:8090 =====
2025:07:05 :: 02:22:37::info::===========development===========
2025:07:05 :: 02:22:37::info::===========port:8090=============
2025:07:05 :: 02:22:37::info::=================================
2025:07:05 :: 02:22:37::info::Mongodb is connected to database:oop
2025:07:05 :: 02:22:44::warn::===== http://localhost:8090 =====
2025:07:05 :: 02:22:44::info::===========development===========
2025:07:05 :: 02:22:44::info::===========port:8090=============
2025:07:05 :: 02:22:44::info::=================================
2025:07:05 :: 02:22:44::info::Mongodb is connected to database:oop
2025:07:05 :: 02:23:02::warn::===== http://localhost:8090 =====
2025:07:05 :: 02:23:02::info::===========development===========
2025:07:05 :: 02:23:02::info::===========port:8090=============
2025:07:05 :: 02:23:02::info::=================================
2025:07:05 :: 02:23:02::info::Mongodb is connected to database:oop
2025:07:05 :: 02:23:06::warn::===== http://localhost:8090 =====
2025:07:05 :: 02:23:06::info::===========development===========
2025:07:05 :: 02:23:06::info::===========port:8090=============
2025:07:05 :: 02:23:06::info::=================================
2025:07:05 :: 02:23:06::info::Mongodb is connected to database:oop
2025:07:05 :: 02:23:14::warn::===== http://localhost:8090 =====
2025:07:05 :: 02:23:14::info::===========development===========
2025:07:05 :: 02:23:14::info::===========port:8090=============
2025:07:05 :: 02:23:14::info::=================================
2025:07:05 :: 02:23:14::info::Mongodb is connected to database:oop
2025:07:05 :: 02:23:18::warn::===== http://localhost:8090 =====
2025:07:05 :: 02:23:18::info::===========development===========
2025:07:05 :: 02:23:18::info::===========port:8090=============
2025:07:05 :: 02:23:18::info::=================================
2025:07:05 :: 02:23:18::info::Mongodb is connected to database:oop
2025:07:05 :: 02:23:40::warn::===== http://localhost:8090 =====
2025:07:05 :: 02:23:40::info::===========development===========
2025:07:05 :: 02:23:40::info::===========port:8090=============
2025:07:05 :: 02:23:40::info::=================================
2025:07:05 :: 02:23:40::info::Mongodb is connected to database:oop
2025:07:05 :: 02:24:22::warn::===== http://localhost:8090 =====
2025:07:05 :: 02:24:22::info::===========development===========
2025:07:05 :: 02:24:22::info::===========port:8090=============
2025:07:05 :: 02:24:22::info::=================================
2025:07:05 :: 02:24:22::info::Mongodb is connected to database:oop
2025:07:05 :: 02:24:28::warn::===== http://localhost:8090 =====
2025:07:05 :: 02:24:28::info::===========development===========
2025:07:05 :: 02:24:28::info::===========port:8090=============
2025:07:05 :: 02:24:28::info::=================================
2025:07:05 :: 02:24:28::info::Mongodb is connected to database:oop
2025:07:05 :: 02:28:14::warn::===== http://localhost:8090 =====
2025:07:05 :: 02:28:14::info::===========development===========
2025:07:05 :: 02:28:14::info::===========port:8090=============
2025:07:05 :: 02:28:14::info::=================================
2025:07:05 :: 02:28:14::info::Mongodb is connected to database:oop
2025:07:05 :: 02:28:24::warn::===== http://localhost:8090 =====
2025:07:05 :: 02:28:24::info::===========development===========
2025:07:05 :: 02:28:24::info::===========port:8090=============
2025:07:05 :: 02:28:24::info::=================================
2025:07:05 :: 02:28:24::info::Mongodb is connected to database:oop
2025:07:05 :: 02:29:01::warn::===== http://localhost:8090 =====
2025:07:05 :: 02:29:01::info::===========development===========
2025:07:05 :: 02:29:01::info::===========port:8090=============
2025:07:05 :: 02:29:01::info::=================================
2025:07:05 :: 02:29:01::info::Mongodb is connected to database:oop
2025:07:05 :: 02:31:01::warn::===== http://localhost:8090 =====
2025:07:05 :: 02:31:01::info::===========development===========
2025:07:05 :: 02:31:01::info::===========port:8090=============
2025:07:05 :: 02:31:01::info::=================================
2025:07:05 :: 02:31:01::info::Mongodb is connected to database:oop
2025:07:05 :: 02:52:46::warn::===== http://localhost:8090 =====
2025:07:05 :: 02:52:46::info::===========development===========
2025:07:05 :: 02:52:46::info::===========port:8090=============
2025:07:05 :: 02:52:46::info::=================================
2025:07:05 :: 02:52:46::info::Mongodb is connected to database:oop
2025:07:05 :: 02:52:50::warn::===== http://localhost:8090 =====
2025:07:05 :: 02:52:50::info::===========development===========
2025:07:05 :: 02:52:50::info::===========port:8090=============
2025:07:05 :: 02:52:50::info::=================================
2025:07:05 :: 02:52:50::info::Mongodb is connected to database:oop
2025:07:05 :: 02:52:58::warn::===== http://localhost:8090 =====
2025:07:05 :: 02:52:58::info::===========development===========
2025:07:05 :: 02:52:58::info::===========port:8090=============
2025:07:05 :: 02:52:58::info::=================================
2025:07:05 :: 02:52:58::info::Mongodb is connected to database:oop
2025:07:05 :: 02:53:11::warn::===== http://localhost:8090 =====
2025:07:05 :: 02:53:11::info::===========development===========
2025:07:05 :: 02:53:11::info::===========port:8090=============
2025:07:05 :: 02:53:11::info::=================================
2025:07:05 :: 02:53:11::info::Mongodb is connected to database:oop
2025:07:05 :: 02:53:14::warn::===== http://localhost:8090 =====
2025:07:05 :: 02:53:14::info::===========development===========
2025:07:05 :: 02:53:14::info::===========port:8090=============
2025:07:05 :: 02:53:14::info::=================================
2025:07:05 :: 02:53:14::info::Mongodb is connected to database:oop
2025:07:05 :: 02:53:30::warn::===== http://localhost:8090 =====
2025:07:05 :: 02:53:30::info::===========development===========
2025:07:05 :: 02:53:30::info::===========port:8090=============
2025:07:05 :: 02:53:30::info::=================================
2025:07:05 :: 02:53:30::info::Mongodb is connected to database:oop
2025:07:05 :: 02:53:40::warn::===== http://localhost:8090 =====
2025:07:05 :: 02:53:40::info::===========development===========
2025:07:05 :: 02:53:40::info::===========port:8090=============
2025:07:05 :: 02:53:40::info::=================================
2025:07:05 :: 02:53:40::info::Mongodb is connected to database:oop
2025:07:05 :: 02:53:50::warn::===== http://localhost:8090 =====
2025:07:05 :: 02:53:50::info::===========development===========
2025:07:05 :: 02:53:50::info::===========port:8090=============
2025:07:05 :: 02:53:50::info::=================================
2025:07:05 :: 02:53:50::info::Mongodb is connected to database:oop
2025:07:05 :: 02:53:56::warn::===== http://localhost:8090 =====
2025:07:05 :: 02:53:56::info::===========development===========
2025:07:05 :: 02:53:56::info::===========port:8090=============
2025:07:05 :: 02:53:56::info::=================================
2025:07:05 :: 02:53:56::info::Mongodb is connected to database:oop
2025:07:05 :: 02:54:01::warn::===== http://localhost:8090 =====
2025:07:05 :: 02:54:01::info::===========development===========
2025:07:05 :: 02:54:01::info::===========port:8090=============
2025:07:05 :: 02:54:01::info::=================================
2025:07:05 :: 02:54:01::info::Mongodb is connected to database:oop
2025:07:05 :: 02:54:05::warn::===== http://localhost:8090 =====
2025:07:05 :: 02:54:05::info::===========development===========
2025:07:05 :: 02:54:05::info::===========port:8090=============
2025:07:05 :: 02:54:05::info::=================================
2025:07:05 :: 02:54:05::info::Mongodb is connected to database:oop
2025:07:05 :: 02:54:10::warn::===== http://localhost:8090 =====
2025:07:05 :: 02:54:10::info::===========development===========
2025:07:05 :: 02:54:10::info::===========port:8090=============
2025:07:05 :: 02:54:10::info::=================================
2025:07:05 :: 02:54:10::info::Mongodb is connected to database:oop
2025:07:05 :: 02:54:13::warn::===== http://localhost:8090 =====
2025:07:05 :: 02:54:13::info::===========development===========
2025:07:05 :: 02:54:13::info::===========port:8090=============
2025:07:05 :: 02:54:13::info::=================================
2025:07:05 :: 02:54:13::info::Mongodb is connected to database:oop
2025:07:05 :: 02:54:17::warn::===== http://localhost:8090 =====
2025:07:05 :: 02:54:17::info::===========development===========
2025:07:05 :: 02:54:17::info::===========port:8090=============
2025:07:05 :: 02:54:17::info::=================================
2025:07:05 :: 02:54:17::info::Mongodb is connected to database:oop
2025:07:05 :: 02:54:20::warn::===== http://localhost:8090 =====
2025:07:05 :: 02:54:20::info::===========development===========
2025:07:05 :: 02:54:20::info::===========port:8090=============
2025:07:05 :: 02:54:20::info::=================================
2025:07:05 :: 02:54:20::info::Mongodb is connected to database:oop
2025:07:05 :: 02:54:37::warn::===== http://localhost:8090 =====
2025:07:05 :: 02:54:37::info::===========development===========
2025:07:05 :: 02:54:37::info::===========port:8090=============
2025:07:05 :: 02:54:37::info::=================================
2025:07:05 :: 02:54:37::info::Mongodb is connected to database:oop
2025:07:05 :: 02:55:00::warn::===== http://localhost:8090 =====
2025:07:05 :: 02:55:00::info::===========development===========
2025:07:05 :: 02:55:00::info::===========port:8090=============
2025:07:05 :: 02:55:00::info::=================================
2025:07:05 :: 02:55:00::info::Mongodb is connected to database:oop
2025:07:05 :: 02:55:10::warn::===== http://localhost:8090 =====
2025:07:05 :: 02:55:10::info::===========development===========
2025:07:05 :: 02:55:10::info::===========port:8090=============
2025:07:05 :: 02:55:10::info::=================================
2025:07:05 :: 02:55:10::info::Mongodb is connected to database:oop
2025:07:05 :: 02:55:13::warn::===== http://localhost:8090 =====
2025:07:05 :: 02:55:13::info::===========development===========
2025:07:05 :: 02:55:13::info::===========port:8090=============
2025:07:05 :: 02:55:13::info::=================================
2025:07:05 :: 02:55:13::info::Mongodb is connected to database:oop
2025:07:05 :: 02:55:27::warn::===== http://localhost:8090 =====
2025:07:05 :: 02:55:27::info::===========development===========
2025:07:05 :: 02:55:27::info::===========port:8090=============
2025:07:05 :: 02:55:27::info::=================================
2025:07:05 :: 02:55:27::info::Mongodb is connected to database:oop
2025:07:05 :: 02:55:35::warn::===== http://localhost:8090 =====
2025:07:05 :: 02:55:35::info::===========development===========
2025:07:05 :: 02:55:35::info::===========port:8090=============
2025:07:05 :: 02:55:35::info::=================================
2025:07:05 :: 02:55:35::info::Mongodb is connected to database:oop
2025:07:05 :: 02:55:44::warn::===== http://localhost:8090 =====
2025:07:05 :: 02:55:44::info::===========development===========
2025:07:05 :: 02:55:44::info::===========port:8090=============
2025:07:05 :: 02:55:44::info::=================================
2025:07:05 :: 02:55:44::info::Mongodb is connected to database:oop
2025:07:05 :: 02:55:54::warn::===== http://localhost:8090 =====
2025:07:05 :: 02:55:54::info::===========development===========
2025:07:05 :: 02:55:54::info::===========port:8090=============
2025:07:05 :: 02:55:54::info::=================================
2025:07:05 :: 02:55:54::info::Mongodb is connected to database:oop
2025:07:05 :: 02:55:58::warn::===== http://localhost:8090 =====
2025:07:05 :: 02:55:58::info::===========development===========
2025:07:05 :: 02:55:58::info::===========port:8090=============
2025:07:05 :: 02:55:58::info::=================================
2025:07:05 :: 02:55:58::info::Mongodb is connected to database:oop
2025:07:05 :: 02:56:13::warn::===== http://localhost:8090 =====
2025:07:05 :: 02:56:13::info::===========development===========
2025:07:05 :: 02:56:13::info::===========port:8090=============
2025:07:05 :: 02:56:13::info::=================================
2025:07:05 :: 02:56:13::info::Mongodb is connected to database:oop
2025:07:05 :: 02:56:21::warn::===== http://localhost:8090 =====
2025:07:05 :: 02:56:21::info::===========development===========
2025:07:05 :: 02:56:21::info::===========port:8090=============
2025:07:05 :: 02:56:21::info::=================================
2025:07:05 :: 02:56:21::info::Mongodb is connected to database:oop
2025:07:05 :: 02:56:24::warn::===== http://localhost:8090 =====
2025:07:05 :: 02:56:24::info::===========development===========
2025:07:05 :: 02:56:24::info::===========port:8090=============
2025:07:05 :: 02:56:24::info::=================================
2025:07:05 :: 02:56:24::info::Mongodb is connected to database:oop
2025:07:05 :: 02:56:40::warn::===== http://localhost:8090 =====
2025:07:05 :: 02:56:40::info::===========development===========
2025:07:05 :: 02:56:40::info::===========port:8090=============
2025:07:05 :: 02:56:40::info::=================================
2025:07:05 :: 02:56:40::info::Mongodb is connected to database:oop
2025:07:05 :: 02:56:56::warn::===== http://localhost:8090 =====
2025:07:05 :: 02:56:56::info::===========development===========
2025:07:05 :: 02:56:56::info::===========port:8090=============
2025:07:05 :: 02:56:56::info::=================================
2025:07:05 :: 02:56:56::info::Mongodb is connected to database:oop
2025:07:05 :: 02:57:07::warn::===== http://localhost:8090 =====
2025:07:05 :: 02:57:07::info::===========development===========
2025:07:05 :: 02:57:07::info::===========port:8090=============
2025:07:05 :: 02:57:07::info::=================================
2025:07:05 :: 02:57:07::info::Mongodb is connected to database:oop
2025:07:05 :: 02:58:08::warn::===== http://localhost:8090 =====
2025:07:05 :: 02:58:08::info::===========development===========
2025:07:05 :: 02:58:08::info::===========port:8090=============
2025:07:05 :: 02:58:08::info::=================================
2025:07:05 :: 02:58:08::info::Mongodb is connected to database:oop
2025:07:05 :: 02:58:41::warn::===== http://localhost:8090 =====
2025:07:05 :: 02:58:41::info::===========development===========
2025:07:05 :: 02:58:41::info::===========port:8090=============
2025:07:05 :: 02:58:41::info::=================================
2025:07:05 :: 02:58:41::info::Mongodb is connected to database:oop
2025:07:05 :: 02:58:51::warn::===== http://localhost:8090 =====
2025:07:05 :: 02:58:51::info::===========development===========
2025:07:05 :: 02:58:51::info::===========port:8090=============
2025:07:05 :: 02:58:51::info::=================================
2025:07:05 :: 02:58:51::info::Mongodb is connected to database:undefined
2025:07:05 :: 02:58:51::info::Mongodb is connected to database:oop
2025:07:05 :: 02:59:48::warn::===== http://localhost:8090 =====
2025:07:05 :: 02:59:48::info::===========development===========
2025:07:05 :: 02:59:48::info::===========port:8090=============
2025:07:05 :: 02:59:48::info::=================================
2025:07:05 :: 02:59:48::info::Mongodb is connected to database:undefined
2025:07:05 :: 02:59:49::info::Mongodb is connected to database:oop
2025:07:05 :: 03:00:01::warn::===== http://localhost:8090 =====
2025:07:05 :: 03:00:01::info::===========development===========
2025:07:05 :: 03:00:01::info::===========port:8090=============
2025:07:05 :: 03:00:01::info::=================================
2025:07:05 :: 03:00:01::info::Mongodb is connected to database:undefined
2025:07:05 :: 03:00:01::info::Mongodb is connected to database:test
2025:07:05 :: 03:00:13::warn::===== http://localhost:8090 =====
2025:07:05 :: 03:00:13::info::===========development===========
2025:07:05 :: 03:00:13::info::===========port:8090=============
2025:07:05 :: 03:00:13::info::=================================
2025:07:05 :: 03:00:13::info::Mongodb is connected to database:undefined
2025:07:05 :: 03:00:13::info::Mongodb is connected to database:oop
2025:07:05 :: 03:00:25::warn::===== http://localhost:8090 =====
2025:07:05 :: 03:00:25::info::===========development===========
2025:07:05 :: 03:00:25::info::===========port:8090=============
2025:07:05 :: 03:00:25::info::=================================
2025:07:05 :: 03:00:25::info::Mongodb is connected to database:undefined
2025:07:05 :: 03:00:25::info::Mongodb is connected to database:oop
2025:07:05 :: 03:01:17::warn::===== http://localhost:8090 =====
2025:07:05 :: 03:01:17::info::===========development===========
2025:07:05 :: 03:01:17::info::===========port:8090=============
2025:07:05 :: 03:01:17::info::=================================
2025:07:05 :: 03:01:17::info::Mongodb is connected to database:undefined
2025:07:05 :: 03:01:17::info::Mongodb is connected to database:oop
2025:07:05 :: 03:01:30::warn::===== http://localhost:8090 =====
2025:07:05 :: 03:01:30::info::===========development===========
2025:07:05 :: 03:01:30::info::===========port:8090=============
2025:07:05 :: 03:01:30::info::=================================
2025:07:05 :: 03:01:30::info::Mongodb is connected to database:undefined
2025:07:05 :: 03:01:30::info::Mongodb is connected to database:oop
2025:07:05 :: 03:02:05::warn::===== http://localhost:8090 =====
2025:07:05 :: 03:02:05::info::===========development===========
2025:07:05 :: 03:02:05::info::===========port:8090=============
2025:07:05 :: 03:02:05::info::=================================
2025:07:05 :: 03:02:05::info::Mongodb is connected to database:undefined
2025:07:05 :: 03:02:05::info::Mongodb is connected to database:oop
2025:07:05 :: 03:02:11::warn::===== http://localhost:8090 =====
2025:07:05 :: 03:02:11::info::===========development===========
2025:07:05 :: 03:02:11::info::===========port:8090=============
2025:07:05 :: 03:02:11::info::=================================
2025:07:05 :: 03:02:11::info::Mongodb is connected to database:undefined
2025:07:05 :: 03:02:11::info::Mongodb is connected to database:oop
2025:07:05 :: 03:02:18::warn::===== http://localhost:8090 =====
2025:07:05 :: 03:02:18::info::===========development===========
2025:07:05 :: 03:02:18::info::===========port:8090=============
2025:07:05 :: 03:02:18::info::=================================
2025:07:05 :: 03:02:18::info::Mongodb is connected to database:undefined
2025:07:05 :: 03:02:18::info::Mongodb is connected to database:oop
2025:07:05 :: 03:02:24::warn::===== http://localhost:8090 =====
2025:07:05 :: 03:02:24::info::===========development===========
2025:07:05 :: 03:02:24::info::===========port:8090=============
2025:07:05 :: 03:02:24::info::=================================
2025:07:05 :: 03:02:24::info::Mongodb is connected to database:undefined
2025:07:05 :: 03:02:24::info::Mongodb is connected to database:oop
2025:07:05 :: 03:03:27::warn::===== http://localhost:8090 =====
2025:07:05 :: 03:03:27::info::===========development===========
2025:07:05 :: 03:03:27::info::===========port:8090=============
2025:07:05 :: 03:03:27::info::=================================
2025:07:05 :: 03:03:27::info::Mongodb is connected to database:undefined
2025:07:05 :: 03:03:27::info::Mongodb is connected to database:undefined
2025:07:05 :: 03:03:27::info::Mongodb is connected to database:oop
2025:07:05 :: 03:03:41::info::Mongodb is connected to database:undefined
2025:07:05 :: 03:03:45::warn::===== http://localhost:8090 =====
2025:07:05 :: 03:03:45::info::===========development===========
2025:07:05 :: 03:03:45::info::===========port:8090=============
2025:07:05 :: 03:03:45::info::=================================
2025:07:05 :: 03:03:45::info::Mongodb is connected to database:undefined
2025:07:05 :: 03:03:45::info::Mongodb is connected to database:oop
2025:07:05 :: 03:03:53::warn::===== http://localhost:8090 =====
2025:07:05 :: 03:03:53::info::===========development===========
2025:07:05 :: 03:03:53::info::===========port:8090=============
2025:07:05 :: 03:03:53::info::=================================
2025:07:05 :: 03:03:53::error::unhandledRejection: this.mongoConnection.initializeConnection is not a function
TypeError: this.mongoConnection.initializeConnection is not a function
    at App.initializeMongoConnection (C:\Users\omar\Documents\OOP\src\app.ts:46:30)
    at new App (C:\Users\omar\Documents\OOP\src\app.ts:30:14)
    at Function.createInstance (C:\Users\omar\Documents\OOP\src\app.ts:73:16)
    at Object.<anonymous> (C:\Users\omar\Documents\OOP\src\server.ts:4:17)
    at Module.<anonymous> (node:internal/modules/cjs/loader:1554:14)
    at Module._compile (C:\Users\omar\Documents\OOP\node_modules\source-map-support\source-map-support.js:568:25)
    at Module.m._compile (C:\Users\omar\AppData\Local\Temp\ts-node-dev-hook-6760774822456026.js:69:33)
    at node:internal/modules/cjs/loader:1706:10
    at require.extensions..jsx.require.extensions..js (C:\Users\omar\AppData\Local\Temp\ts-node-dev-hook-6760774822456026.js:114:20)
    at require.extensions.<computed> (C:\Users\omar\AppData\Local\Temp\ts-node-dev-hook-6760774822456026.js:71:20)
2025:07:05 :: 03:04:00::warn::===== http://localhost:8090 =====
2025:07:05 :: 03:04:00::info::===========development===========
2025:07:05 :: 03:04:00::info::===========port:8090=============
2025:07:05 :: 03:04:00::info::=================================
2025:07:05 :: 03:04:00::error::unhandledRejection: this.mongoConnection.initializeConnection is not a function
TypeError: this.mongoConnection.initializeConnection is not a function
    at App.initializeMongoConnection (C:\Users\omar\Documents\OOP\src\app.ts:46:30)
    at new App (C:\Users\omar\Documents\OOP\src\app.ts:30:14)
    at Function.createInstance (C:\Users\omar\Documents\OOP\src\app.ts:73:16)
    at Object.<anonymous> (C:\Users\omar\Documents\OOP\src\server.ts:4:17)
    at Module.<anonymous> (node:internal/modules/cjs/loader:1554:14)
    at Module._compile (C:\Users\omar\Documents\OOP\node_modules\source-map-support\source-map-support.js:568:25)
    at Module.m._compile (C:\Users\omar\AppData\Local\Temp\ts-node-dev-hook-6760774822456026.js:69:33)
    at node:internal/modules/cjs/loader:1706:10
    at require.extensions..jsx.require.extensions..js (C:\Users\omar\AppData\Local\Temp\ts-node-dev-hook-6760774822456026.js:114:20)
    at require.extensions.<computed> (C:\Users\omar\AppData\Local\Temp\ts-node-dev-hook-6760774822456026.js:71:20)
2025:07:05 :: 03:04:09::warn::===== http://localhost:8090 =====
2025:07:05 :: 03:04:09::info::===========development===========
2025:07:05 :: 03:04:09::info::===========port:8090=============
2025:07:05 :: 03:04:09::info::=================================
2025:07:05 :: 03:04:09::info::Mongodb is connected to database:undefined
2025:07:05 :: 03:04:09::info::Mongodb is connected to database:oop
2025:07:05 :: 03:04:44::warn::===== http://localhost:8090 =====
2025:07:05 :: 03:04:44::info::===========development===========
2025:07:05 :: 03:04:44::info::===========port:8090=============
2025:07:05 :: 03:04:44::info::=================================
2025:07:05 :: 03:04:44::info::Mongodb is connected to database:oop
2025:07:05 :: 03:04:51::warn::===== http://localhost:8090 =====
2025:07:05 :: 03:04:51::info::===========development===========
2025:07:05 :: 03:04:51::info::===========port:8090=============
2025:07:05 :: 03:04:51::info::=================================
2025:07:05 :: 03:04:51::info::Mongodb is connected to database:oop
2025:07:05 :: 03:04:57::warn::===== http://localhost:8090 =====
2025:07:05 :: 03:04:57::info::===========development===========
2025:07:05 :: 03:04:57::info::===========port:8090=============
2025:07:05 :: 03:04:57::info::=================================
2025:07:05 :: 03:04:57::info::Mongodb is connected to database:oop
2025:07:05 :: 03:05:08::warn::===== http://localhost:8090 =====
2025:07:05 :: 03:05:08::info::===========development===========
2025:07:05 :: 03:05:08::info::===========port:8090=============
2025:07:05 :: 03:05:08::info::=================================
2025:07:05 :: 03:05:08::info::Mongodb is connected to database:oop
2025:07:05 :: 03:05:12::warn::===== http://localhost:8090 =====
2025:07:05 :: 03:05:12::info::===========development===========
2025:07:05 :: 03:05:12::info::===========port:8090=============
2025:07:05 :: 03:05:12::info::=================================
2025:07:05 :: 03:05:12::info::Mongodb is connected to database:oop
2025:07:05 :: 03:05:17::warn::===== http://localhost:8090 =====
2025:07:05 :: 03:05:17::info::===========development===========
2025:07:05 :: 03:05:17::info::===========port:8090=============
2025:07:05 :: 03:05:17::info::=================================
2025:07:05 :: 03:05:24::warn::===== http://localhost:8090 =====
2025:07:05 :: 03:05:24::info::===========development===========
2025:07:05 :: 03:05:24::info::===========port:8090=============
2025:07:05 :: 03:05:24::info::=================================
2025:07:05 :: 03:05:24::info::Mongodb is connected to database:oop
2025:07:05 :: 03:06:00::warn::===== http://localhost:8090 =====
2025:07:05 :: 03:06:00::info::===========development===========
2025:07:05 :: 03:06:00::info::===========port:8090=============
2025:07:05 :: 03:06:00::info::=================================
2025:07:05 :: 03:06:00::info::Mongodb is connected to database:oop
2025:07:05 :: 03:06:13::warn::===== http://localhost:8090 =====
2025:07:05 :: 03:06:13::info::===========development===========
2025:07:05 :: 03:06:13::info::===========port:8090=============
2025:07:05 :: 03:06:13::info::=================================
2025:07:05 :: 03:06:28::warn::===== http://localhost:8090 =====
2025:07:05 :: 03:06:28::info::===========development===========
2025:07:05 :: 03:06:28::info::===========port:8090=============
2025:07:05 :: 03:06:28::info::=================================
2025:07:05 :: 03:06:51::warn::===== http://localhost:8090 =====
2025:07:05 :: 03:06:51::info::===========development===========
2025:07:05 :: 03:06:51::info::===========port:8090=============
2025:07:05 :: 03:06:51::info::=================================
2025:07:05 :: 03:06:53::warn::===== http://localhost:8090 =====
2025:07:05 :: 03:06:53::info::===========development===========
2025:07:05 :: 03:06:53::info::===========port:8090=============
2025:07:05 :: 03:06:53::info::=================================
2025:07:05 :: 03:06:58::warn::===== http://localhost:8090 =====
2025:07:05 :: 03:06:58::info::===========development===========
2025:07:05 :: 03:06:58::info::===========port:8090=============
2025:07:05 :: 03:06:58::info::=================================
2025:07:05 :: 03:07:06::warn::===== http://localhost:8090 =====
2025:07:05 :: 03:07:06::info::===========development===========
2025:07:05 :: 03:07:06::info::===========port:8090=============
2025:07:05 :: 03:07:06::info::=================================
2025:07:05 :: 03:07:14::warn::===== http://localhost:8090 =====
2025:07:05 :: 03:07:14::info::===========development===========
2025:07:05 :: 03:07:14::info::===========port:8090=============
2025:07:05 :: 03:07:14::info::=================================
2025:07:05 :: 03:07:19::warn::===== http://localhost:8090 =====
2025:07:05 :: 03:07:19::info::===========development===========
2025:07:05 :: 03:07:19::info::===========port:8090=============
2025:07:05 :: 03:07:19::info::=================================
2025:07:05 :: 03:07:23::warn::===== http://localhost:8090 =====
2025:07:05 :: 03:07:23::info::===========development===========
2025:07:05 :: 03:07:23::info::===========port:8090=============
2025:07:05 :: 03:07:23::info::=================================
2025:07:05 :: 03:07:46::info::Mongodb is connected to database:
2025:07:05 :: 03:07:46::warn::===== http://localhost:8090 =====
2025:07:05 :: 03:07:46::info::===========development===========
2025:07:05 :: 03:07:46::info::===========port:8090=============
2025:07:05 :: 03:07:46::info::=================================
2025:07:05 :: 03:08:30::warn::===== http://localhost:8090 =====
2025:07:05 :: 03:08:30::info::===========development===========
2025:07:05 :: 03:08:30::info::===========port:8090=============
2025:07:05 :: 03:08:30::info::=================================
2025:07:05 :: 03:08:33::warn::===== http://localhost:8090 =====
2025:07:05 :: 03:08:33::info::===========development===========
2025:07:05 :: 03:08:33::info::===========port:8090=============
2025:07:05 :: 03:08:33::info::=================================
2025:07:05 :: 03:08:47::warn::===== http://localhost:8090 =====
2025:07:05 :: 03:08:47::info::===========development===========
2025:07:05 :: 03:08:47::info::===========port:8090=============
2025:07:05 :: 03:08:47::info::=================================
2025:07:05 :: 03:08:47::info::Mongodb is connected to database:oop
2025:07:05 :: 03:09:07::warn::===== http://localhost:8090 =====
2025:07:05 :: 03:09:07::info::===========development===========
2025:07:05 :: 03:09:07::info::===========port:8090=============
2025:07:05 :: 03:09:07::info::=================================
2025:07:05 :: 03:09:07::info::Mongodb is connected to database:oop
2025:07:05 :: 03:09:13::info::[0mPUT /api/books?title=network%20plus [32m200[0m 22.545 ms - 42[0m
2025:07:05 :: 03:09:19::info::[0mPOST /api/books [32m201[0m 11.792 ms - 289[0m
2025:07:05 :: 03:09:27::info::[0mPOST /api/books [32m201[0m 14.032 ms - 227[0m
2025:07:05 :: 03:10:06::warn::===== http://localhost:8090 =====
2025:07:05 :: 03:10:06::info::===========development===========
2025:07:05 :: 03:10:06::info::===========port:8090=============
2025:07:05 :: 03:10:06::info::=================================
2025:07:05 :: 03:10:06::info::Mongodb is connected to database:oop
2025:07:05 :: 03:10:40::warn::===== http://localhost:8090 =====
2025:07:05 :: 03:10:40::info::===========development===========
2025:07:05 :: 03:10:40::info::===========port:8090=============
2025:07:05 :: 03:10:40::info::=================================
2025:07:05 :: 03:10:40::info::Mongodb is connected to database:oop
2025:07:05 :: 03:10:45::warn::===== http://localhost:8090 =====
2025:07:05 :: 03:10:45::info::===========development===========
2025:07:05 :: 03:10:45::info::===========port:8090=============
2025:07:05 :: 03:10:45::info::=================================
2025:07:05 :: 03:10:45::info::Mongodb is connected to database:oop
2025:07:05 :: 03:10:56::warn::===== http://localhost:8090 =====
2025:07:05 :: 03:10:56::info::===========development===========
2025:07:05 :: 03:10:56::info::===========port:8090=============
2025:07:05 :: 03:10:56::info::=================================
2025:07:05 :: 03:10:57::info::Mongodb is connected to database:oop
2025:07:05 :: 03:14:50::warn::===== http://localhost:8090 =====
2025:07:05 :: 03:14:50::info::===========development===========
2025:07:05 :: 03:14:50::info::===========port:8090=============
2025:07:05 :: 03:14:50::info::=================================
2025:07:05 :: 03:14:50::info::Mongodb is connected to database:oop
2025:07:05 :: 03:17:21::warn::===== http://localhost:8090 =====
2025:07:05 :: 03:17:21::info::===========development===========
2025:07:05 :: 03:17:21::info::===========port:8090=============
2025:07:05 :: 03:17:21::info::=================================
2025:07:05 :: 03:17:21::info::Mongodb is connected to database:oop
2025:07:05 :: 03:17:25::warn::===== http://localhost:8090 =====
2025:07:05 :: 03:17:25::info::===========development===========
2025:07:05 :: 03:17:25::info::===========port:8090=============
2025:07:05 :: 03:17:25::info::=================================
2025:07:05 :: 03:17:25::info::Mongodb is connected to database:oop
2025:07:05 :: 03:19:09::warn::===== http://localhost:8090 =====
2025:07:05 :: 03:19:09::info::===========development===========
2025:07:05 :: 03:19:09::info::===========port:8090=============
2025:07:05 :: 03:19:09::info::=================================
2025:07:05 :: 03:19:09::info::Mongodb is connected to database:oop
2025:07:05 :: 03:19:21::warn::===== http://localhost:8090 =====
2025:07:05 :: 03:19:21::info::===========development===========
2025:07:05 :: 03:19:21::info::===========port:8090=============
2025:07:05 :: 03:19:21::info::=================================
2025:07:05 :: 03:19:21::info::Mongodb is connected to database:oop
2025:07:05 :: 03:31:38::warn::===== http://localhost:8090 =====
2025:07:05 :: 03:31:38::info::===========development===========
2025:07:05 :: 03:31:38::info::===========port:8090=============
2025:07:05 :: 03:31:38::info::=================================
2025:07:05 :: 03:31:39::info::Mongodb is connected to database:oop
2025:07:05 :: 17:10:07::warn::===== http://localhost:8090 =====
2025:07:05 :: 17:10:07::info::===========development===========
2025:07:05 :: 17:10:07::info::===========port:8090=============
2025:07:05 :: 17:10:07::info::=================================
2025:07:05 :: 17:10:07::info::Mongodb is connected to database:oop
2025:07:05 :: 17:16:59::warn::===== http://localhost:8090 =====
2025:07:05 :: 17:16:59::info::===========development===========
2025:07:05 :: 17:16:59::info::===========port:8090=============
2025:07:05 :: 17:16:59::info::=================================
2025:07:05 :: 17:16:59::info::Mongodb is connected to database:oop
2025:07:05 :: 17:17:12::warn::===== http://localhost:8090 =====
2025:07:05 :: 17:17:12::info::===========development===========
2025:07:05 :: 17:17:12::info::===========port:8090=============
2025:07:05 :: 17:17:12::info::=================================
2025:07:05 :: 17:17:12::info::Mongodb is connected to database:oop
2025:07:05 :: 17:17:35::warn::===== http://localhost:8090 =====
2025:07:05 :: 17:17:35::info::===========development===========
2025:07:05 :: 17:17:35::info::===========port:8090=============
2025:07:05 :: 17:17:35::info::=================================
2025:07:05 :: 17:17:35::error::unhandledRejection: hsts is not defined
ReferenceError: hsts is not defined
    at App.initializeMiddlewares (C:\Users\omar\Documents\OOP\src\app.ts:53:30)
    at new App (C:\Users\omar\Documents\OOP\src\app.ts:29:14)
    at Function.createInstance (C:\Users\omar\Documents\OOP\src\app.ts:65:16)
    at Object.<anonymous> (C:\Users\omar\Documents\OOP\src\server.ts:4:17)
    at Module.<anonymous> (node:internal/modules/cjs/loader:1554:14)
    at Module._compile (C:\Users\omar\Documents\OOP\node_modules\source-map-support\source-map-support.js:568:25)
    at Module.m._compile (C:\Users\omar\AppData\Local\Temp\ts-node-dev-hook-6760774822456026.js:69:33)
    at node:internal/modules/cjs/loader:1706:10
    at require.extensions..jsx.require.extensions..js (C:\Users\omar\AppData\Local\Temp\ts-node-dev-hook-6760774822456026.js:114:20)
    at require.extensions.<computed> (C:\Users\omar\AppData\Local\Temp\ts-node-dev-hook-6760774822456026.js:71:20)
2025:07:05 :: 17:17:40::warn::===== http://localhost:8090 =====
2025:07:05 :: 17:17:40::info::===========development===========
2025:07:05 :: 17:17:40::info::===========port:8090=============
2025:07:05 :: 17:17:40::info::=================================
2025:07:05 :: 17:17:40::info::Mongodb is connected to database:oop
2025:07:05 :: 17:20:41::warn::===== http://localhost:8090 =====
2025:07:05 :: 17:20:41::info::===========development===========
2025:07:05 :: 17:20:41::info::===========port:8090=============
2025:07:05 :: 17:20:41::info::=================================
2025:07:05 :: 17:20:41::info::Mongodb is connected to database:oop
2025:07:05 :: 17:21:17::warn::===== http://localhost:8090 =====
2025:07:05 :: 17:21:17::info::===========development===========
2025:07:05 :: 17:21:17::info::===========port:8090=============
2025:07:05 :: 17:21:17::info::=================================
2025:07:05 :: 17:21:17::error::unhandledRejection: app.use() requires a middleware function
TypeError: app.use() requires a middleware function
    at Function.use (C:\Users\omar\Documents\OOP\node_modules\express\lib\application.js:217:11)
    at App.initializeMiddlewares (C:\Users\omar\Documents\OOP\src\app.ts:59:18)
    at new App (C:\Users\omar\Documents\OOP\src\app.ts:30:14)
    at Function.createInstance (C:\Users\omar\Documents\OOP\src\app.ts:67:16)
    at Object.<anonymous> (C:\Users\omar\Documents\OOP\src\server.ts:4:17)
    at Module.<anonymous> (node:internal/modules/cjs/loader:1554:14)
    at Module._compile (C:\Users\omar\Documents\OOP\node_modules\source-map-support\source-map-support.js:568:25)
    at Module.m._compile (C:\Users\omar\AppData\Local\Temp\ts-node-dev-hook-6760774822456026.js:69:33)
    at node:internal/modules/cjs/loader:1706:10
    at require.extensions..jsx.require.extensions..js (C:\Users\omar\AppData\Local\Temp\ts-node-dev-hook-6760774822456026.js:114:20)
2025:07:05 :: 17:21:22::warn::===== http://localhost:8090 =====
2025:07:05 :: 17:21:22::info::===========development===========
2025:07:05 :: 17:21:22::info::===========port:8090=============
2025:07:05 :: 17:21:22::info::=================================
2025:07:05 :: 17:21:22::error::unhandledRejection: Sen is not defined
ReferenceError: Sen is not defined
    at App.initializeMiddlewares (C:\Users\omar\Documents\OOP\src\app.ts:58:22)
    at new App (C:\Users\omar\Documents\OOP\src\app.ts:29:14)
    at Function.createInstance (C:\Users\omar\Documents\OOP\src\app.ts:66:16)
    at Object.<anonymous> (C:\Users\omar\Documents\OOP\src\server.ts:4:17)
    at Module.<anonymous> (node:internal/modules/cjs/loader:1554:14)
    at Module._compile (C:\Users\omar\Documents\OOP\node_modules\source-map-support\source-map-support.js:568:25)
    at Module.m._compile (C:\Users\omar\AppData\Local\Temp\ts-node-dev-hook-6760774822456026.js:69:33)
    at node:internal/modules/cjs/loader:1706:10
    at require.extensions..jsx.require.extensions..js (C:\Users\omar\AppData\Local\Temp\ts-node-dev-hook-6760774822456026.js:114:20)
    at require.extensions.<computed> (C:\Users\omar\AppData\Local\Temp\ts-node-dev-hook-6760774822456026.js:71:20)
2025:07:05 :: 17:21:31::warn::===== http://localhost:8090 =====
2025:07:05 :: 17:21:31::info::===========development===========
2025:07:05 :: 17:21:31::info::===========port:8090=============
2025:07:05 :: 17:21:31::info::=================================
2025:07:05 :: 17:21:31::error::unhandledRejection: sant is not defined
ReferenceError: sant is not defined
    at App.initializeMiddlewares (C:\Users\omar\Documents\OOP\src\app.ts:58:22)
    at new App (C:\Users\omar\Documents\OOP\src\app.ts:29:14)
    at Function.createInstance (C:\Users\omar\Documents\OOP\src\app.ts:66:16)
    at Object.<anonymous> (C:\Users\omar\Documents\OOP\src\server.ts:4:17)
    at Module.<anonymous> (node:internal/modules/cjs/loader:1554:14)
    at Module._compile (C:\Users\omar\Documents\OOP\node_modules\source-map-support\source-map-support.js:568:25)
    at Module.m._compile (C:\Users\omar\AppData\Local\Temp\ts-node-dev-hook-6760774822456026.js:69:33)
    at node:internal/modules/cjs/loader:1706:10
    at require.extensions..jsx.require.extensions..js (C:\Users\omar\AppData\Local\Temp\ts-node-dev-hook-6760774822456026.js:114:20)
    at require.extensions.<computed> (C:\Users\omar\AppData\Local\Temp\ts-node-dev-hook-6760774822456026.js:71:20)
2025:07:05 :: 17:21:35::warn::===== http://localhost:8090 =====
2025:07:05 :: 17:21:35::info::===========development===========
2025:07:05 :: 17:21:35::info::===========port:8090=============
2025:07:05 :: 17:21:35::info::=================================
2025:07:05 :: 17:21:35::info::Mongodb is connected to database:oop
2025:07:05 :: 17:21:49::warn::===== http://localhost:8090 =====
2025:07:05 :: 17:21:49::info::===========development===========
2025:07:05 :: 17:21:49::info::===========port:8090=============
2025:07:05 :: 17:21:49::info::=================================
2025:07:05 :: 17:21:49::info::Mongodb is connected to database:oop
2025:07:05 :: 17:21:52::warn::===== http://localhost:8090 =====
2025:07:05 :: 17:21:52::info::===========development===========
2025:07:05 :: 17:21:52::info::===========port:8090=============
2025:07:05 :: 17:21:52::info::=================================
2025:07:05 :: 17:21:52::info::Mongodb is connected to database:oop
2025:07:05 :: 17:21:58::warn::===== http://localhost:8090 =====
2025:07:05 :: 17:21:58::info::===========development===========
2025:07:05 :: 17:21:58::info::===========port:8090=============
2025:07:05 :: 17:21:58::info::=================================
2025:07:05 :: 17:21:59::info::Mongodb is connected to database:oop
2025:07:05 :: 17:22:01::warn::===== http://localhost:8090 =====
2025:07:05 :: 17:22:01::info::===========development===========
2025:07:05 :: 17:22:01::info::===========port:8090=============
2025:07:05 :: 17:22:01::info::=================================
2025:07:05 :: 17:22:01::info::Mongodb is connected to database:oop
2025:07:05 :: 17:22:07::warn::===== http://localhost:8090 =====
2025:07:05 :: 17:22:07::info::===========development===========
2025:07:05 :: 17:22:07::info::===========port:8090=============
2025:07:05 :: 17:22:07::info::=================================
2025:07:05 :: 17:22:07::info::Mongodb is connected to database:oop
2025:07:05 :: 17:22:11::warn::===== http://localhost:8090 =====
2025:07:05 :: 17:22:11::info::===========development===========
2025:07:05 :: 17:22:11::info::===========port:8090=============
2025:07:05 :: 17:22:11::info::=================================
2025:07:05 :: 17:22:11::info::Mongodb is connected to database:oop
2025:07:05 :: 17:22:17::warn::===== http://localhost:8090 =====
2025:07:05 :: 17:22:17::info::===========development===========
2025:07:05 :: 17:22:17::info::===========port:8090=============
2025:07:05 :: 17:22:17::info::=================================
2025:07:05 :: 17:22:17::info::Mongodb is connected to database:oop
2025:07:05 :: 17:22:25::info::xss log: network plus
2025:07:05 :: 17:22:25::info::[0mPUT /api/books?title=network%20plus [32m200[0m 24.656 ms - 42[0m
2025:07:05 :: 17:22:53::warn::===== http://localhost:8090 =====
2025:07:05 :: 17:22:53::info::===========development===========
2025:07:05 :: 17:22:53::info::===========port:8090=============
2025:07:05 :: 17:22:53::info::=================================
2025:07:05 :: 17:22:53::info::Mongodb is connected to database:oop
2025:07:05 :: 17:23:01::warn::===== http://localhost:8090 =====
2025:07:05 :: 17:23:01::info::===========development===========
2025:07:05 :: 17:23:01::info::===========port:8090=============
2025:07:05 :: 17:23:01::info::=================================
2025:07:05 :: 17:23:01::info::Mongodb is connected to database:oop
2025:07:05 :: 17:23:11::warn::===== http://localhost:8090 =====
2025:07:05 :: 17:23:11::info::===========development===========
2025:07:05 :: 17:23:11::info::===========port:8090=============
2025:07:05 :: 17:23:11::info::=================================
2025:07:05 :: 17:23:11::info::Mongodb is connected to database:oop
2025:07:05 :: 17:23:18::warn::===== http://localhost:8090 =====
2025:07:05 :: 17:23:18::info::===========development===========
2025:07:05 :: 17:23:18::info::===========port:8090=============
2025:07:05 :: 17:23:18::info::=================================
2025:07:05 :: 17:23:18::info::Mongodb is connected to database:oop
2025:07:05 :: 17:23:20::info::xss log: value network plus is of type: string
2025:07:05 :: 17:23:20::info::[0mPUT /api/books?title=network%20plus [32m200[0m 25.837 ms - 42[0m
2025:07:05 :: 17:23:31::warn::===== http://localhost:8090 =====
2025:07:05 :: 17:23:31::info::===========development===========
2025:07:05 :: 17:23:31::info::===========port:8090=============
2025:07:05 :: 17:23:31::info::=================================
2025:07:05 :: 17:23:32::info::Mongodb is connected to database:oop
2025:07:05 :: 17:23:34::info::xss log: value (network plus) is of type: string
2025:07:05 :: 17:23:34::info::[0mPUT /api/books?title=network%20plus [32m200[0m 29.807 ms - 42[0m
2025:07:05 :: 17:24:24::warn::===== http://localhost:8090 =====
2025:07:05 :: 17:24:24::info::===========development===========
2025:07:05 :: 17:24:24::info::===========port:8090=============
2025:07:05 :: 17:24:24::info::=================================
2025:07:05 :: 17:24:24::info::Mongodb is connected to database:oop
2025:07:05 :: 17:24:34::warn::===== http://localhost:8090 =====
2025:07:05 :: 17:24:34::info::===========development===========
2025:07:05 :: 17:24:34::info::===========port:8090=============
2025:07:05 :: 17:24:34::info::=================================
2025:07:05 :: 17:24:34::info::Mongodb is connected to database:oop
2025:07:05 :: 17:24:39::warn::===== http://localhost:8090 =====
2025:07:05 :: 17:24:39::info::===========development===========
2025:07:05 :: 17:24:39::info::===========port:8090=============
2025:07:05 :: 17:24:39::info::=================================
2025:07:05 :: 17:24:39::info::Mongodb is connected to database:oop
2025:07:05 :: 17:24:41::info::xss log: value (network plus) is of type: string
2025:07:05 :: 17:24:41::info::network plus
2025:07:05 :: 17:24:41::info::[0mPUT /api/books?title=network%20plus [32m200[0m 27.107 ms - 42[0m
2025:07:05 :: 17:24:57::warn::===== http://localhost:8090 =====
2025:07:05 :: 17:24:57::info::===========development===========
2025:07:05 :: 17:24:57::info::===========port:8090=============
2025:07:05 :: 17:24:57::info::=================================
2025:07:05 :: 17:24:57::info::Mongodb is connected to database:oop
2025:07:05 :: 17:25:00::info::xss log: value (network plus) is of type: string
2025:07:05 :: 17:25:00::info::[0mPUT /api/books?title=network%20plus [32m200[0m 28.708 ms - 42[0m
2025:07:05 :: 17:25:15::info::[0mPOST /api/books [32m201[0m 13.112 ms - 280[0m
2025:07:05 :: 17:25:22::info::[0mPOST /api/books [32m201[0m 7.803 ms - 280[0m
2025:07:05 :: 17:25:35::info::[0mPOST /api/books [32m201[0m 15.951 ms - 225[0m
2025:07:05 :: 17:25:49::warn::===== http://localhost:8090 =====
2025:07:05 :: 17:25:49::info::===========development===========
2025:07:05 :: 17:25:49::info::===========port:8090=============
2025:07:05 :: 17:25:49::info::=================================
2025:07:05 :: 17:25:49::info::Mongodb is connected to database:oop
2025:07:05 :: 17:25:52::warn::===== http://localhost:8090 =====
2025:07:05 :: 17:25:52::info::===========development===========
2025:07:05 :: 17:25:52::info::===========port:8090=============
2025:07:05 :: 17:25:52::info::=================================
2025:07:05 :: 17:25:52::info::Mongodb is connected to database:oop
2025:07:05 :: 17:25:58::warn::===== http://localhost:8090 =====
2025:07:05 :: 17:25:58::info::===========development===========
2025:07:05 :: 17:25:58::info::===========port:8090=============
2025:07:05 :: 17:25:58::info::=================================
2025:07:05 :: 17:25:58::info::Mongodb is connected to database:oop
2025:07:05 :: 17:41:05::warn::===== http://localhost:8090 =====
2025:07:05 :: 17:41:05::info::===========development===========
2025:07:05 :: 17:41:05::info::===========port:8090=============
2025:07:05 :: 17:41:05::info::=================================
2025:07:05 :: 17:41:05::info::Mongodb is connected to database:oop
2025:07:05 :: 17:41:09::warn::===== http://localhost:8090 =====
2025:07:05 :: 17:41:09::info::===========development===========
2025:07:05 :: 17:41:09::info::===========port:8090=============
2025:07:05 :: 17:41:09::info::=================================
2025:07:05 :: 17:41:09::info::Mongodb is connected to database:oop
2025:07:05 :: 17:41:14::warn::===== http://localhost:8090 =====
2025:07:05 :: 17:41:14::info::===========development===========
2025:07:05 :: 17:41:14::info::===========port:8090=============
2025:07:05 :: 17:41:14::info::=================================
2025:07:05 :: 17:41:14::info::Mongodb is connected to database:oop
2025:07:05 :: 17:41:17::warn::===== http://localhost:8090 =====
2025:07:05 :: 17:41:17::info::===========development===========
2025:07:05 :: 17:41:17::info::===========port:8090=============
2025:07:05 :: 17:41:17::info::=================================
2025:07:05 :: 17:41:17::info::Mongodb is connected to database:oop
2025:07:05 :: 17:41:19::info::[0mPOST /api/books [32m201[0m 28.744 ms - 276[0m
2025:07:05 :: 17:41:24::info::[0mPOST /api/books [32m201[0m 6.616 ms - 276[0m
2025:07:05 :: 17:41:59::warn::===== http://localhost:8090 =====
2025:07:05 :: 17:41:59::info::===========development===========
2025:07:05 :: 17:41:59::info::===========port:8090=============
2025:07:05 :: 17:41:59::info::=================================
2025:07:05 :: 17:41:59::info::Mongodb is connected to database:oop
2025:07:05 :: 17:42:04::warn::===== http://localhost:8090 =====
2025:07:05 :: 17:42:04::info::===========development===========
2025:07:05 :: 17:42:04::info::===========port:8090=============
2025:07:05 :: 17:42:04::info::=================================
2025:07:05 :: 17:42:04::info::Mongodb is connected to database:oop
2025:07:05 :: 17:42:06::info::[object Object]
2025:07:05 :: 17:42:06::info::[object Object]
2025:07:05 :: 17:42:06::info::[object Object]
2025:07:05 :: 17:42:06::info::[0mPOST /api/books [32m201[0m 36.653 ms - 276[0m
2025:07:05 :: 17:42:16::warn::===== http://localhost:8090 =====
2025:07:05 :: 17:42:16::info::===========development===========
2025:07:05 :: 17:42:16::info::===========port:8090=============
2025:07:05 :: 17:42:16::info::=================================
2025:07:05 :: 17:42:16::info::Mongodb is connected to database:oop
2025:07:05 :: 17:42:18::error::[POST] /api/books >> StatusCode:: 500, Message:: obj.keys is not a function
2025:07:05 :: 17:42:18::info::[0mPOST /api/books [31m500[0m 9.951 ms - 40[0m
2025:07:05 :: 17:42:31::warn::===== http://localhost:8090 =====
2025:07:05 :: 17:42:31::info::===========development===========
2025:07:05 :: 17:42:31::info::===========port:8090=============
2025:07:05 :: 17:42:31::info::=================================
2025:07:05 :: 17:42:31::info::Mongodb is connected to database:oop
2025:07:05 :: 17:42:32::info::undefined
2025:07:05 :: 17:42:32::info::undefined
2025:07:05 :: 17:42:32::info::undefined
2025:07:05 :: 17:42:32::info::[0mPOST /api/books [32m201[0m 43.961 ms - 276[0m
2025:07:05 :: 17:42:40::warn::===== http://localhost:8090 =====
2025:07:05 :: 17:42:40::info::===========development===========
2025:07:05 :: 17:42:40::info::===========port:8090=============
2025:07:05 :: 17:42:40::info::=================================
2025:07:05 :: 17:42:40::info::Mongodb is connected to database:oop
2025:07:05 :: 17:42:55::warn::===== http://localhost:8090 =====
2025:07:05 :: 17:42:55::info::===========development===========
2025:07:05 :: 17:42:55::info::===========port:8090=============
2025:07:05 :: 17:42:55::info::=================================
2025:07:05 :: 17:42:55::info::Mongodb is connected to database:oop
2025:07:05 :: 17:42:55::info::[0mPOST /api/books [32m201[0m 43.666 ms - 276[0m
2025:07:05 :: 17:43:05::warn::===== http://localhost:8090 =====
2025:07:05 :: 17:43:05::info::===========development===========
2025:07:05 :: 17:43:05::info::===========port:8090=============
2025:07:05 :: 17:43:05::info::=================================
2025:07:05 :: 17:43:06::info::Mongodb is connected to database:oop
2025:07:05 :: 17:43:20::warn::===== http://localhost:8090 =====
2025:07:05 :: 17:43:20::info::===========development===========
2025:07:05 :: 17:43:20::info::===========port:8090=============
2025:07:05 :: 17:43:20::info::=================================
2025:07:05 :: 17:43:20::info::Mongodb is connected to database:oop
2025:07:05 :: 17:43:21::info::object
2025:07:05 :: 17:43:21::info::object
2025:07:05 :: 17:43:21::info::object
2025:07:05 :: 17:43:21::info::[0mPOST /api/books [32m201[0m 30.316 ms - 276[0m
2025:07:05 :: 17:43:36::warn::===== http://localhost:8090 =====
2025:07:05 :: 17:43:36::info::===========development===========
2025:07:05 :: 17:43:36::info::===========port:8090=============
2025:07:05 :: 17:43:36::info::=================================
2025:07:05 :: 17:43:36::info::Mongodb is connected to database:oop
2025:07:05 :: 17:43:46::warn::===== http://localhost:8090 =====
2025:07:05 :: 17:43:46::info::===========development===========
2025:07:05 :: 17:43:46::info::===========port:8090=============
2025:07:05 :: 17:43:46::info::=================================
2025:07:05 :: 17:43:46::info::Mongodb is connected to database:oop
2025:07:05 :: 17:43:51::warn::===== http://localhost:8090 =====
2025:07:05 :: 17:43:52::info::===========development===========
2025:07:05 :: 17:43:52::info::===========port:8090=============
2025:07:05 :: 17:43:52::info::=================================
2025:07:05 :: 17:43:52::info::Mongodb is connected to database:oop
2025:07:05 :: 17:43:53::info::[object Object]
2025:07:05 :: 17:43:53::info::[object Object]
2025:07:05 :: 17:43:53::info::[object Object]
2025:07:05 :: 17:43:53::info::[0mPOST /api/books [32m201[0m 34.811 ms - 276[0m
2025:07:05 :: 17:45:12::info::[object Object]
2025:07:05 :: 17:45:12::info::xss log: value (new) is of type: string
2025:07:05 :: 17:45:12::info::[object Object]
2025:07:05 :: 17:45:12::info::[object Object]
2025:07:05 :: 17:45:12::info::[0mPOST /api/books [33m400[0m 30.390 ms - 133[0m
2025:07:05 :: 17:45:24::info::[object Object]
2025:07:05 :: 17:45:24::info::xss log: value (new) is of type: string
2025:07:05 :: 17:45:24::info::xss log: value (10) is of type: string
2025:07:05 :: 17:45:24::info::xss log: value (12) is of type: string
2025:07:05 :: 17:45:24::info::[object Object]
2025:07:05 :: 17:45:24::info::[object Object]
2025:07:05 :: 17:45:24::info::[0mPOST /api/books [32m201[0m 16.097 ms - 224[0m
2025:07:05 :: 17:46:09::info::[object Object]
2025:07:05 :: 17:46:09::info::xss log: value (omar) is of type: string
2025:07:05 :: 17:46:09::info::xss log: value (50) is of type: string
2025:07:05 :: 17:46:09::info::xss log: value (3) is of type: string
2025:07:05 :: 17:46:09::info::[object Object]
2025:07:05 :: 17:46:09::info::[object Object]
2025:07:05 :: 17:46:09::info::[0mPOST /api/books [32m201[0m 9.753 ms - 224[0m
2025:07:05 :: 17:47:08::warn::===== http://localhost:8090 =====
2025:07:05 :: 17:47:08::info::===========development===========
2025:07:05 :: 17:47:08::info::===========port:8090=============
2025:07:05 :: 17:47:08::info::=================================
2025:07:05 :: 17:47:08::error::unhandledRejection: Cannot read properties of undefined (reading 'app')
TypeError: Cannot read properties of undefined (reading 'app')
    at App.initializeMiddlewares (C:\Users\omar\Documents\OOP\src\app.ts:59:14)
    at new App (C:\Users\omar\Documents\OOP\src\app.ts:30:14)
    at Function.createInstance (C:\Users\omar\Documents\OOP\src\app.ts:68:16)
    at Object.<anonymous> (C:\Users\omar\Documents\OOP\src\server.ts:4:17)
    at Module.<anonymous> (node:internal/modules/cjs/loader:1554:14)
    at Module._compile (C:\Users\omar\Documents\OOP\node_modules\source-map-support\source-map-support.js:568:25)
    at Module.m._compile (C:\Users\omar\AppData\Local\Temp\ts-node-dev-hook-6760774822456026.js:69:33)
    at node:internal/modules/cjs/loader:1706:10
    at require.extensions..jsx.require.extensions..js (C:\Users\omar\AppData\Local\Temp\ts-node-dev-hook-6760774822456026.js:114:20)
    at require.extensions.<computed> (C:\Users\omar\AppData\Local\Temp\ts-node-dev-hook-6760774822456026.js:71:20)
2025:07:05 :: 17:47:36::warn::===== http://localhost:8090 =====
2025:07:05 :: 17:47:36::info::===========development===========
2025:07:05 :: 17:47:36::info::===========port:8090=============
2025:07:05 :: 17:47:36::info::=================================
2025:07:05 :: 17:47:36::info::Mongodb is connected to database:oop
2025:07:05 :: 17:48:52::warn::===== http://localhost:8090 =====
2025:07:05 :: 17:48:52::info::===========development===========
2025:07:05 :: 17:48:52::info::===========port:8090=============
2025:07:05 :: 17:48:52::info::=================================
2025:07:05 :: 17:48:52::info::Mongodb is connected to database:oop
2025:07:05 :: 17:49:02::warn::===== http://localhost:8090 =====
2025:07:05 :: 17:49:02::info::===========development===========
2025:07:05 :: 17:49:02::info::===========port:8090=============
2025:07:05 :: 17:49:02::info::=================================
2025:07:05 :: 17:49:02::info::Mongodb is connected to database:oop
2025:07:05 :: 17:49:06::warn::===== http://localhost:8090 =====
2025:07:05 :: 17:49:06::info::===========development===========
2025:07:05 :: 17:49:06::info::===========port:8090=============
2025:07:05 :: 17:49:06::info::=================================
2025:07:05 :: 17:49:06::info::Mongodb is connected to database:oop
2025:07:05 :: 17:49:24::info::[object Object]
2025:07:05 :: 17:49:24::info::[object Object]
2025:07:05 :: 17:49:24::info::[object Object]
2025:07:05 :: 17:49:24::error::[POST] /api/books >> StatusCode:: 500, Message:: Cannot convert object to primitive value
2025:07:05 :: 17:49:24::info::[0mPOST /api/books [31m500[0m 9.696 ms - 54[0m
2025:07:05 :: 17:49:49::warn::===== http://localhost:8090 =====
2025:07:05 :: 17:49:49::info::===========development===========
2025:07:05 :: 17:49:49::info::===========port:8090=============
2025:07:05 :: 17:49:49::info::=================================
2025:07:05 :: 17:49:49::info::Mongodb is connected to database:oop
2025:07:05 :: 17:49:51::info::[object Object]
2025:07:05 :: 17:49:51::info::[object Object]
2025:07:05 :: 17:49:51::info::[object Object]
2025:07:05 :: 17:49:51::error::[POST] /api/books >> StatusCode:: 500, Message:: Cannot convert object to primitive value
2025:07:05 :: 17:49:51::info::[0mPOST /api/books [31m500[0m 9.862 ms - 54[0m
2025:07:05 :: 17:49:59::warn::===== http://localhost:8090 =====
2025:07:05 :: 17:49:59::info::===========development===========
2025:07:05 :: 17:49:59::info::===========port:8090=============
2025:07:05 :: 17:49:59::info::=================================
2025:07:05 :: 17:49:59::info::Mongodb is connected to database:oop
2025:07:05 :: 17:50:06::warn::===== http://localhost:8090 =====
2025:07:05 :: 17:50:06::info::===========development===========
2025:07:05 :: 17:50:06::info::===========port:8090=============
2025:07:05 :: 17:50:06::info::=================================
2025:07:05 :: 17:50:06::info::Mongodb is connected to database:oop
