2025:07:09 :: 21:22:05::warn::===== http://localhost:8090 =====
2025:07:09 :: 21:22:05::info::===========development===========
2025:07:09 :: 21:22:05::info::===========port:8090=============
2025:07:09 :: 21:22:05::info::=================================
2025:07:09 :: 21:22:05::info::Mongodb is connected to database:oop
2025:07:09 :: 21:27:13::warn::===== http://localhost:8090 =====
2025:07:09 :: 21:27:13::info::===========development===========
2025:07:09 :: 21:27:13::info::===========port:8090=============
2025:07:09 :: 21:27:13::info::=================================
2025:07:09 :: 21:27:14::info::Mongodb is connected to database:oop
2025:07:09 :: 21:46:26::warn::===== http://localhost:8090 =====
2025:07:09 :: 21:46:26::info::===========development===========
2025:07:09 :: 21:46:26::info::===========port:8090=============
2025:07:09 :: 21:46:26::info::=================================
2025:07:09 :: 21:46:26::info::Mongodb is connected to database:oop
2025:07:09 :: 21:49:08::warn::===== http://localhost:8090 =====
2025:07:09 :: 21:49:08::info::===========development===========
2025:07:09 :: 21:49:08::info::===========port:8090=============
2025:07:09 :: 21:49:08::info::=================================
2025:07:09 :: 21:49:08::info::Mongodb is connected to database:oop
2025:07:09 :: 21:53:46::warn::===== http://localhost:8090 =====
2025:07:09 :: 21:53:46::info::===========development===========
2025:07:09 :: 21:53:46::info::===========port:8090=============
2025:07:09 :: 21:53:47::info::=================================
2025:07:09 :: 21:53:47::info::Mongodb is connected to database:oop
2025:07:09 :: 21:53:58::warn::===== http://localhost:8090 =====
2025:07:09 :: 21:53:58::info::===========development===========
2025:07:09 :: 21:53:58::info::===========port:8090=============
2025:07:09 :: 21:53:58::info::=================================
2025:07:09 :: 21:53:58::info::Mongodb is connected to database:oop
2025:07:09 :: 21:54:36::warn::===== http://localhost:8090 =====
2025:07:09 :: 21:54:36::info::===========development===========
2025:07:09 :: 21:54:36::info::===========port:8090=============
2025:07:09 :: 21:54:36::info::=================================
2025:07:09 :: 21:54:36::info::Mongodb is connected to database:oop
2025:07:09 :: 21:54:41::warn::===== http://localhost:8090 =====
2025:07:09 :: 21:54:41::info::===========development===========
2025:07:09 :: 21:54:41::info::===========port:8090=============
2025:07:09 :: 21:54:41::info::=================================
2025:07:09 :: 21:54:41::info::Mongodb is connected to database:oop
2025:07:09 :: 21:55:03::warn::===== http://localhost:8090 =====
2025:07:09 :: 21:55:03::info::===========development===========
2025:07:09 :: 21:55:03::info::===========port:8090=============
2025:07:09 :: 21:55:03::info::=================================
2025:07:09 :: 21:55:03::info::Mongodb is connected to database:oop
2025:07:09 :: 21:55:16::warn::===== http://localhost:8090 =====
2025:07:09 :: 21:55:16::info::===========development===========
2025:07:09 :: 21:55:16::info::===========port:8090=============
2025:07:09 :: 21:55:16::info::=================================
2025:07:09 :: 21:55:16::info::Mongodb is connected to database:oop
2025:07:09 :: 21:55:18::warn::===== http://localhost:8090 =====
2025:07:09 :: 21:55:18::info::===========development===========
2025:07:09 :: 21:55:18::info::===========port:8090=============
2025:07:09 :: 21:55:18::info::=================================
2025:07:09 :: 21:55:18::info::Mongodb is connected to database:oop
2025:07:09 :: 21:55:27::warn::===== http://localhost:8090 =====
2025:07:09 :: 21:55:27::info::===========development===========
2025:07:09 :: 21:55:27::info::===========port:8090=============
2025:07:09 :: 21:55:27::info::=================================
2025:07:09 :: 21:55:27::info::Mongodb is connected to database:oop
2025:07:09 :: 21:55:39::warn::===== http://localhost:8090 =====
2025:07:09 :: 21:55:39::info::===========development===========
2025:07:09 :: 21:55:39::info::===========port:8090=============
2025:07:09 :: 21:55:39::info::=================================
2025:07:09 :: 21:55:39::info::Mongodb is connected to database:oop
2025:07:09 :: 21:55:42::warn::===== http://localhost:8090 =====
2025:07:09 :: 21:55:42::info::===========development===========
2025:07:09 :: 21:55:42::info::===========port:8090=============
2025:07:09 :: 21:55:42::info::=================================
2025:07:09 :: 21:55:42::info::Mongodb is connected to database:oop
2025:07:09 :: 21:55:46::warn::===== http://localhost:8090 =====
2025:07:09 :: 21:55:46::info::===========development===========
2025:07:09 :: 21:55:46::info::===========port:8090=============
2025:07:09 :: 21:55:46::info::=================================
2025:07:09 :: 21:55:47::info::Mongodb is connected to database:oop
2025:07:09 :: 21:55:50::warn::===== http://localhost:8090 =====
2025:07:09 :: 21:55:50::info::===========development===========
2025:07:09 :: 21:55:50::info::===========port:8090=============
2025:07:09 :: 21:55:50::info::=================================
2025:07:09 :: 21:55:50::info::Mongodb is connected to database:oop
2025:07:09 :: 21:55:56::warn::===== http://localhost:8090 =====
2025:07:09 :: 21:55:56::info::===========development===========
2025:07:09 :: 21:55:56::info::===========port:8090=============
2025:07:09 :: 21:55:56::info::=================================
2025:07:09 :: 21:55:56::info::Mongodb is connected to database:oop
2025:07:09 :: 21:56:24::warn::===== http://localhost:8090 =====
2025:07:09 :: 21:56:24::info::===========development===========
2025:07:09 :: 21:56:24::info::===========port:8090=============
2025:07:09 :: 21:56:24::info::=================================
2025:07:09 :: 21:56:24::info::Mongodb is connected to database:oop
2025:07:09 :: 21:56:41::warn::===== http://localhost:8090 =====
2025:07:09 :: 21:56:41::info::===========development===========
2025:07:09 :: 21:56:41::info::===========port:8090=============
2025:07:09 :: 21:56:41::info::=================================
2025:07:09 :: 21:56:41::info::Mongodb is connected to database:oop
2025:07:09 :: 21:56:48::warn::===== http://localhost:8090 =====
2025:07:09 :: 21:56:48::info::===========development===========
2025:07:09 :: 21:56:48::info::===========port:8090=============
2025:07:09 :: 21:56:48::info::=================================
2025:07:09 :: 21:56:48::info::Mongodb is connected to database:oop
2025:07:09 :: 21:56:59::warn::===== http://localhost:8090 =====
2025:07:09 :: 21:56:59::info::===========development===========
2025:07:09 :: 21:56:59::info::===========port:8090=============
2025:07:09 :: 21:56:59::info::=================================
2025:07:09 :: 21:56:59::info::Mongodb is connected to database:oop
2025:07:09 :: 21:57:06::warn::===== http://localhost:8090 =====
2025:07:09 :: 21:57:06::info::===========development===========
2025:07:09 :: 21:57:06::info::===========port:8090=============
2025:07:09 :: 21:57:06::info::=================================
2025:07:09 :: 21:57:06::info::Mongodb is connected to database:oop
2025:07:09 :: 21:57:11::warn::===== http://localhost:8090 =====
2025:07:09 :: 21:57:11::info::===========development===========
2025:07:09 :: 21:57:11::info::===========port:8090=============
2025:07:09 :: 21:57:11::info::=================================
2025:07:09 :: 21:57:11::info::Mongodb is connected to database:oop
2025:07:09 :: 21:57:17::warn::===== http://localhost:8090 =====
2025:07:09 :: 21:57:17::info::===========development===========
2025:07:09 :: 21:57:17::info::===========port:8090=============
2025:07:09 :: 21:57:17::info::=================================
2025:07:09 :: 21:57:17::info::Mongodb is connected to database:oop
2025:07:09 :: 21:57:40::warn::===== http://localhost:8090 =====
2025:07:09 :: 21:57:40::info::===========development===========
2025:07:09 :: 21:57:40::info::===========port:8090=============
2025:07:09 :: 21:57:40::info::=================================
2025:07:09 :: 21:57:40::info::Mongodb is connected to database:oop
2025:07:09 :: 21:57:53::warn::===== http://localhost:8090 =====
2025:07:09 :: 21:57:53::info::===========development===========
2025:07:09 :: 21:57:53::info::===========port:8090=============
2025:07:09 :: 21:57:53::info::=================================
2025:07:09 :: 21:57:53::info::Mongodb is connected to database:oop
2025:07:09 :: 22:04:51::warn::===== http://localhost:8090 =====
2025:07:09 :: 22:04:51::info::===========development===========
2025:07:09 :: 22:04:51::info::===========port:8090=============
2025:07:09 :: 22:04:51::info::=================================
2025:07:09 :: 22:04:51::info::Mongodb is connected to database:oop
2025:07:09 :: 22:04:58::warn::===== http://localhost:8090 =====
2025:07:09 :: 22:04:58::info::===========development===========
2025:07:09 :: 22:04:58::info::===========port:8090=============
2025:07:09 :: 22:04:58::info::=================================
2025:07:09 :: 22:04:58::info::Mongodb is connected to database:oop
2025:07:09 :: 22:05:15::warn::===== http://localhost:8090 =====
2025:07:09 :: 22:05:15::info::===========development===========
2025:07:09 :: 22:05:15::info::===========port:8090=============
2025:07:09 :: 22:05:15::info::=================================
2025:07:09 :: 22:05:15::info::Mongodb is connected to database:oop
2025:07:09 :: 22:05:25::warn::===== http://localhost:8090 =====
2025:07:09 :: 22:05:25::info::===========development===========
2025:07:09 :: 22:05:25::info::===========port:8090=============
2025:07:09 :: 22:05:25::info::=================================
2025:07:09 :: 22:05:25::info::Mongodb is connected to database:oop
2025:07:09 :: 22:05:28::warn::===== http://localhost:8090 =====
2025:07:09 :: 22:05:28::info::===========development===========
2025:07:09 :: 22:05:28::info::===========port:8090=============
2025:07:09 :: 22:05:28::info::=================================
2025:07:09 :: 22:05:28::info::Mongodb is connected to database:oop
2025:07:09 :: 22:05:33::warn::===== http://localhost:8090 =====
2025:07:09 :: 22:05:33::info::===========development===========
2025:07:09 :: 22:05:33::info::===========port:8090=============
2025:07:09 :: 22:05:33::info::=================================
2025:07:09 :: 22:05:33::info::Mongodb is connected to database:oop
2025:07:09 :: 22:05:39::warn::===== http://localhost:8090 =====
2025:07:09 :: 22:05:39::info::===========development===========
2025:07:09 :: 22:05:39::info::===========port:8090=============
2025:07:09 :: 22:05:39::info::=================================
2025:07:09 :: 22:05:39::info::Mongodb is connected to database:oop
2025:07:09 :: 22:05:42::warn::===== http://localhost:8090 =====
2025:07:09 :: 22:05:42::info::===========development===========
2025:07:09 :: 22:05:42::info::===========port:8090=============
2025:07:09 :: 22:05:42::info::=================================
2025:07:09 :: 22:05:42::info::Mongodb is connected to database:oop
2025:07:09 :: 22:05:55::warn::===== http://localhost:8090 =====
2025:07:09 :: 22:05:55::info::===========development===========
2025:07:09 :: 22:05:55::info::===========port:8090=============
2025:07:09 :: 22:05:55::info::=================================
2025:07:09 :: 22:05:55::info::Mongodb is connected to database:oop
2025:07:09 :: 22:05:59::warn::===== http://localhost:8090 =====
2025:07:09 :: 22:05:59::info::===========development===========
2025:07:09 :: 22:05:59::info::===========port:8090=============
2025:07:09 :: 22:05:59::info::=================================
2025:07:09 :: 22:05:59::info::Mongodb is connected to database:oop
2025:07:09 :: 22:06:17::warn::===== http://localhost:8090 =====
2025:07:09 :: 22:06:17::info::===========development===========
2025:07:09 :: 22:06:17::info::===========port:8090=============
2025:07:09 :: 22:06:17::info::=================================
2025:07:09 :: 22:06:17::info::Mongodb is connected to database:oop
2025:07:09 :: 22:06:34::warn::===== http://localhost:8090 =====
2025:07:09 :: 22:06:34::info::===========development===========
2025:07:09 :: 22:06:34::info::===========port:8090=============
2025:07:09 :: 22:06:34::info::=================================
2025:07:09 :: 22:06:34::info::Mongodb is connected to database:oop
2025:07:09 :: 22:07:33::warn::===== http://localhost:8090 =====
2025:07:09 :: 22:07:33::info::===========development===========
2025:07:09 :: 22:07:33::info::===========port:8090=============
2025:07:09 :: 22:07:33::info::=================================
2025:07:09 :: 22:07:33::info::Mongodb is connected to database:oop
2025:07:09 :: 22:07:37::warn::===== http://localhost:8090 =====
2025:07:09 :: 22:07:37::info::===========development===========
2025:07:09 :: 22:07:37::info::===========port:8090=============
2025:07:09 :: 22:07:37::info::=================================
2025:07:09 :: 22:07:37::info::Mongodb is connected to database:oop
2025:07:09 :: 22:07:45::warn::===== http://localhost:8090 =====
2025:07:09 :: 22:07:45::info::===========development===========
2025:07:09 :: 22:07:45::info::===========port:8090=============
2025:07:09 :: 22:07:45::info::=================================
2025:07:09 :: 22:07:45::info::Mongodb is connected to database:oop
2025:07:09 :: 22:08:06::warn::===== http://localhost:8090 =====
2025:07:09 :: 22:08:06::info::===========development===========
2025:07:09 :: 22:08:06::info::===========port:8090=============
2025:07:09 :: 22:08:06::info::=================================
2025:07:09 :: 22:08:06::info::Mongodb is connected to database:oop
2025:07:09 :: 22:08:23::info::from base class
2025:07:09 :: 22:08:23::warn::===== http://localhost:8090 =====
2025:07:09 :: 22:08:23::info::===========development===========
2025:07:09 :: 22:08:23::info::===========port:8090=============
2025:07:09 :: 22:08:23::info::=================================
2025:07:09 :: 22:08:23::info::Mongodb is connected to database:oop
2025:07:09 :: 22:08:47::info::from base class
2025:07:09 :: 22:08:47::warn::===== http://localhost:8090 =====
2025:07:09 :: 22:08:47::info::===========development===========
2025:07:09 :: 22:08:47::info::===========port:8090=============
2025:07:09 :: 22:08:47::info::=================================
2025:07:09 :: 22:08:47::info::Mongodb is connected to database:oop
2025:07:09 :: 22:08:53::warn::===== http://localhost:8090 =====
2025:07:09 :: 22:08:53::info::===========development===========
2025:07:09 :: 22:08:53::info::===========port:8090=============
2025:07:09 :: 22:08:53::info::=================================
2025:07:09 :: 22:08:55::info::from base class
2025:07:09 :: 22:08:55::warn::===== http://localhost:8090 =====
2025:07:09 :: 22:08:55::info::===========development===========
2025:07:09 :: 22:08:55::info::===========port:8090=============
2025:07:09 :: 22:08:55::info::=================================
2025:07:09 :: 22:08:55::info::Mongodb is connected to database:oop
2025:07:09 :: 22:08:58::info::from base class
2025:07:09 :: 22:08:58::warn::===== http://localhost:8090 =====
2025:07:09 :: 22:08:58::info::===========development===========
2025:07:09 :: 22:08:58::info::===========port:8090=============
2025:07:09 :: 22:08:58::info::=================================
2025:07:09 :: 22:08:58::info::Mongodb is connected to database:oop
2025:07:09 :: 22:09:03::info::from base class
2025:07:09 :: 22:09:03::warn::===== http://localhost:8090 =====
2025:07:09 :: 22:09:03::info::===========development===========
2025:07:09 :: 22:09:03::info::===========port:8090=============
2025:07:09 :: 22:09:03::info::=================================
2025:07:09 :: 22:09:03::info::Mongodb is connected to database:oop
2025:07:09 :: 22:09:13::info::from base class
2025:07:09 :: 22:09:13::warn::===== http://localhost:8090 =====
2025:07:09 :: 22:09:13::info::===========development===========
2025:07:09 :: 22:09:13::info::===========port:8090=============
2025:07:09 :: 22:09:13::info::=================================
2025:07:09 :: 22:09:13::info::Mongodb is connected to database:oop
2025:07:09 :: 22:09:18::info::Base Class For Classes Folder Has Been Initiated
2025:07:09 :: 22:09:18::warn::===== http://localhost:8090 =====
2025:07:09 :: 22:09:18::info::===========development===========
2025:07:09 :: 22:09:18::info::===========port:8090=============
2025:07:09 :: 22:09:18::info::=================================
2025:07:09 :: 22:09:18::info::Mongodb is connected to database:oop
2025:07:09 :: 22:09:24::info::Base Class For Classes Folder Has Been Initiated
2025:07:09 :: 22:09:24::warn::===== http://localhost:8090 =====
2025:07:09 :: 22:09:24::info::===========development===========
2025:07:09 :: 22:09:24::info::===========port:8090=============
2025:07:09 :: 22:09:24::info::=================================
2025:07:09 :: 22:09:24::info::Mongodb is connected to database:oop
2025:07:09 :: 22:10:46::info::undefined
2025:07:09 :: 22:10:46::warn::===== http://localhost:8090 =====
2025:07:09 :: 22:10:46::info::===========development===========
2025:07:09 :: 22:10:46::info::===========port:8090=============
2025:07:09 :: 22:10:46::info::=================================
2025:07:09 :: 22:10:46::info::Mongodb is connected to database:oop
2025:07:09 :: 22:10:49::info::undefined
2025:07:09 :: 22:10:49::warn::===== http://localhost:8090 =====
2025:07:09 :: 22:10:49::info::===========development===========
2025:07:09 :: 22:10:49::info::===========port:8090=============
2025:07:09 :: 22:10:49::info::=================================
2025:07:09 :: 22:10:49::info::Mongodb is connected to database:oop
2025:07:09 :: 22:10:57::warn::===== http://localhost:8090 =====
2025:07:09 :: 22:10:57::info::===========development===========
2025:07:09 :: 22:10:57::info::===========port:8090=============
2025:07:09 :: 22:10:57::info::=================================
2025:07:09 :: 22:10:57::info::Mongodb is connected to database:oop
2025:07:09 :: 22:11:04::warn::===== http://localhost:8090 =====
2025:07:09 :: 22:11:04::info::===========development===========
2025:07:09 :: 22:11:04::info::===========port:8090=============
2025:07:09 :: 22:11:04::info::=================================
2025:07:09 :: 22:11:08::warn::===== http://localhost:8090 =====
2025:07:09 :: 22:11:08::info::===========development===========
2025:07:09 :: 22:11:08::info::===========port:8090=============
2025:07:09 :: 22:11:08::info::=================================
2025:07:09 :: 22:11:15::info::undefined
2025:07:09 :: 22:11:15::warn::===== http://localhost:8090 =====
2025:07:09 :: 22:11:15::info::===========development===========
2025:07:09 :: 22:11:15::info::===========port:8090=============
2025:07:09 :: 22:11:15::info::=================================
2025:07:09 :: 22:11:15::info::Mongodb is connected to database:oop
2025:07:09 :: 22:11:19::info::Base Class For Classes Folder Has Been Initiated
2025:07:09 :: 22:11:19::warn::===== http://localhost:8090 =====
2025:07:09 :: 22:11:19::info::===========development===========
2025:07:09 :: 22:11:19::info::===========port:8090=============
2025:07:09 :: 22:11:19::info::=================================
2025:07:09 :: 22:11:19::info::Mongodb is connected to database:oop
2025:07:09 :: 22:12:01::warn::===== http://localhost:8090 =====
2025:07:09 :: 22:12:01::info::===========development===========
2025:07:09 :: 22:12:01::info::===========port:8090=============
2025:07:09 :: 22:12:01::info::=================================
2025:07:09 :: 22:12:13::warn::===== http://localhost:8090 =====
2025:07:09 :: 22:12:13::info::===========development===========
2025:07:09 :: 22:12:13::info::===========port:8090=============
2025:07:09 :: 22:12:13::info::=================================
2025:07:09 :: 22:12:15::info::Base Class For Classes Folder Has Been Initiated
2025:07:09 :: 22:12:15::warn::===== http://localhost:8090 =====
2025:07:09 :: 22:12:15::info::===========development===========
2025:07:09 :: 22:12:15::info::===========port:8090=============
2025:07:09 :: 22:12:15::info::=================================
2025:07:09 :: 22:12:16::info::Mongodb is connected to database:oop
2025:07:09 :: 22:12:39::info::Base Class For Classes Folder Has Been Initiated
2025:07:09 :: 22:12:39::warn::===== http://localhost:8090 =====
2025:07:09 :: 22:12:39::info::===========development===========
2025:07:09 :: 22:12:39::info::===========port:8090=============
2025:07:09 :: 22:12:39::info::=================================
2025:07:09 :: 22:12:39::info::Mongodb is connected to database:oop
2025:07:09 :: 22:12:52::warn::===== http://localhost:8090 =====
2025:07:09 :: 22:12:52::info::===========development===========
2025:07:09 :: 22:12:52::info::===========port:8090=============
2025:07:09 :: 22:12:52::info::=================================
2025:07:09 :: 22:12:52::info::Mongodb is connected to database:oop
2025:07:09 :: 22:12:57::warn::===== http://localhost:8090 =====
2025:07:09 :: 22:12:57::info::===========development===========
2025:07:09 :: 22:12:57::info::===========port:8090=============
2025:07:09 :: 22:12:57::info::=================================
2025:07:09 :: 22:12:58::info::Mongodb is connected to database:oop
2025:07:09 :: 22:13:06::info::Base Class For Classes Folder Has Been Initiated
2025:07:09 :: 22:13:06::warn::===== http://localhost:8090 =====
2025:07:09 :: 22:13:06::info::===========development===========
2025:07:09 :: 22:13:06::info::===========port:8090=============
2025:07:09 :: 22:13:06::info::=================================
2025:07:09 :: 22:13:06::info::Mongodb is connected to database:oop
