2025:07:06 :: 15:13:11::warn::===== http://localhost:8090 =====
2025:07:06 :: 15:13:11::info::===========development===========
2025:07:06 :: 15:13:11::info::===========port:8090=============
2025:07:06 :: 15:13:11::info::=================================
2025:07:06 :: 15:13:11::info::Mongodb is connected to database:oop
2025:07:06 :: 15:29:59::warn::===== http://localhost:8090 =====
2025:07:06 :: 15:29:59::info::===========development===========
2025:07:06 :: 15:29:59::info::===========port:8090=============
2025:07:06 :: 15:29:59::info::=================================
2025:07:06 :: 15:29:59::info::Mongodb is connected to database:oop
2025:07:06 :: 15:30:06::warn::===== http://localhost:8090 =====
2025:07:06 :: 15:30:06::info::===========development===========
2025:07:06 :: 15:30:06::info::===========port:8090=============
2025:07:06 :: 15:30:06::info::=================================
2025:07:06 :: 15:30:06::info::Mongodb is connected to database:oop
2025:07:06 :: 15:30:23::warn::===== http://localhost:8090 =====
2025:07:06 :: 15:30:23::info::===========development===========
2025:07:06 :: 15:30:23::info::===========port:8090=============
2025:07:06 :: 15:30:23::info::=================================
2025:07:06 :: 15:30:23::info::Mongodb is connected to database:oop
2025:07:06 :: 15:30:31::warn::===== http://localhost:8090 =====
2025:07:06 :: 15:30:31::info::===========development===========
2025:07:06 :: 15:30:31::info::===========port:8090=============
2025:07:06 :: 15:30:31::info::=================================
2025:07:06 :: 15:30:31::info::Mongodb is connected to database:oop
2025:07:06 :: 15:31:55::warn::===== http://localhost:8090 =====
2025:07:06 :: 15:31:55::info::===========development===========
2025:07:06 :: 15:31:55::info::===========port:8090=============
2025:07:06 :: 15:31:55::info::=================================
2025:07:06 :: 15:31:55::info::Mongodb is connected to database:oop
2025:07:06 :: 15:32:01::warn::===== http://localhost:8090 =====
2025:07:06 :: 15:32:01::info::===========development===========
2025:07:06 :: 15:32:01::info::===========port:8090=============
2025:07:06 :: 15:32:01::info::=================================
2025:07:06 :: 15:32:01::info::Mongodb is connected to database:oop
2025:07:06 :: 15:40:14::warn::===== http://localhost:8090 =====
2025:07:06 :: 15:40:14::info::===========development===========
2025:07:06 :: 15:40:14::info::===========port:8090=============
2025:07:06 :: 15:40:14::info::=================================
2025:07:06 :: 15:40:14::info::Mongodb is connected to database:oop
2025:07:06 :: 15:40:28::warn::===== http://localhost:8090 =====
2025:07:06 :: 15:40:28::info::===========development===========
2025:07:06 :: 15:40:28::info::===========port:8090=============
2025:07:06 :: 15:40:28::info::=================================
2025:07:06 :: 15:40:28::info::Mongodb is connected to database:oop
2025:07:06 :: 15:40:31::warn::===== http://localhost:8090 =====
2025:07:06 :: 15:40:31::info::===========development===========
2025:07:06 :: 15:40:31::info::===========port:8090=============
2025:07:06 :: 15:40:31::info::=================================
2025:07:06 :: 15:40:31::info::Mongodb is connected to database:oop
2025:07:06 :: 15:40:43::warn::===== http://localhost:8090 =====
2025:07:06 :: 15:40:43::info::===========development===========
2025:07:06 :: 15:40:43::info::===========port:8090=============
2025:07:06 :: 15:40:43::info::=================================
2025:07:06 :: 15:40:43::info::Mongodb is connected to database:oop
2025:07:06 :: 15:40:49::warn::===== http://localhost:8090 =====
2025:07:06 :: 15:40:49::info::===========development===========
2025:07:06 :: 15:40:49::info::===========port:8090=============
2025:07:06 :: 15:40:49::info::=================================
2025:07:06 :: 15:40:49::info::Mongodb is connected to database:oop
2025:07:06 :: 15:40:57::warn::===== http://localhost:8090 =====
2025:07:06 :: 15:40:57::info::===========development===========
2025:07:06 :: 15:40:57::info::===========port:8090=============
2025:07:06 :: 15:40:57::info::=================================
2025:07:06 :: 15:40:57::info::Mongodb is connected to database:oop
2025:07:06 :: 15:41:03::warn::===== http://localhost:8090 =====
2025:07:06 :: 15:41:03::info::===========development===========
2025:07:06 :: 15:41:03::info::===========port:8090=============
2025:07:06 :: 15:41:03::info::=================================
2025:07:06 :: 15:41:03::info::Mongodb is connected to database:oop
2025:07:06 :: 15:41:06::warn::===== http://localhost:8090 =====
2025:07:06 :: 15:41:06::info::===========development===========
2025:07:06 :: 15:41:06::info::===========port:8090=============
2025:07:06 :: 15:41:06::info::=================================
2025:07:06 :: 15:41:06::info::Mongodb is connected to database:oop
2025:07:06 :: 15:41:40::warn::===== http://localhost:8090 =====
2025:07:06 :: 15:41:40::info::===========development===========
2025:07:06 :: 15:41:40::info::===========port:8090=============
2025:07:06 :: 15:41:40::info::=================================
2025:07:06 :: 15:41:40::info::Mongodb is connected to database:oop
2025:07:06 :: 15:41:48::warn::===== http://localhost:8090 =====
2025:07:06 :: 15:41:48::info::===========development===========
2025:07:06 :: 15:41:48::info::===========port:8090=============
2025:07:06 :: 15:41:48::info::=================================
2025:07:06 :: 15:41:48::info::Mongodb is connected to database:oop
2025:07:06 :: 15:41:58::warn::===== http://localhost:8090 =====
2025:07:06 :: 15:41:58::info::===========development===========
2025:07:06 :: 15:41:58::info::===========port:8090=============
2025:07:06 :: 15:41:58::info::=================================
2025:07:06 :: 15:41:58::info::Mongodb is connected to database:oop
2025:07:06 :: 15:42:09::warn::===== http://localhost:8090 =====
2025:07:06 :: 15:42:09::info::===========development===========
2025:07:06 :: 15:42:09::info::===========port:8090=============
2025:07:06 :: 15:42:09::info::=================================
2025:07:06 :: 15:42:09::info::Mongodb is connected to database:oop
2025:07:06 :: 15:42:12::warn::===== http://localhost:8090 =====
2025:07:06 :: 15:42:12::info::===========development===========
2025:07:06 :: 15:42:12::info::===========port:8090=============
2025:07:06 :: 15:42:12::info::=================================
2025:07:06 :: 15:42:12::info::Mongodb is connected to database:oop
2025:07:06 :: 15:42:15::warn::===== http://localhost:8090 =====
2025:07:06 :: 15:42:15::info::===========development===========
2025:07:06 :: 15:42:15::info::===========port:8090=============
2025:07:06 :: 15:42:15::info::=================================
2025:07:06 :: 15:42:15::info::Mongodb is connected to database:oop
2025:07:06 :: 15:43:27::warn::===== http://localhost:8090 =====
2025:07:06 :: 15:43:27::info::===========development===========
2025:07:06 :: 15:43:27::info::===========port:8090=============
2025:07:06 :: 15:43:27::info::=================================
2025:07:06 :: 15:43:27::info::Mongodb is connected to database:oop
2025:07:06 :: 15:44:30::warn::===== http://localhost:8090 =====
2025:07:06 :: 15:44:30::info::===========development===========
2025:07:06 :: 15:44:30::info::===========port:8090=============
2025:07:06 :: 15:44:30::info::=================================
2025:07:06 :: 15:44:30::info::Mongodb is connected to database:oop
2025:07:06 :: 15:44:33::warn::===== http://localhost:8090 =====
2025:07:06 :: 15:44:33::info::===========development===========
2025:07:06 :: 15:44:33::info::===========port:8090=============
2025:07:06 :: 15:44:33::info::=================================
2025:07:06 :: 15:44:33::info::Mongodb is connected to database:oop
2025:07:06 :: 15:44:35::warn::===== http://localhost:8090 =====
2025:07:06 :: 15:44:35::info::===========development===========
2025:07:06 :: 15:44:35::info::===========port:8090=============
2025:07:06 :: 15:44:35::info::=================================
2025:07:06 :: 15:44:35::info::Mongodb is connected to database:oop
2025:07:06 :: 15:45:32::warn::===== http://localhost:8090 =====
2025:07:06 :: 15:45:32::info::===========development===========
2025:07:06 :: 15:45:32::info::===========port:8090=============
2025:07:06 :: 15:45:32::info::=================================
2025:07:06 :: 15:45:32::info::Mongodb is connected to database:oop
2025:07:06 :: 15:45:41::warn::===== http://localhost:8090 =====
2025:07:06 :: 15:45:41::info::===========development===========
2025:07:06 :: 15:45:41::info::===========port:8090=============
2025:07:06 :: 15:45:41::info::=================================
2025:07:06 :: 15:45:41::info::Mongodb is connected to database:oop
2025:07:06 :: 15:46:04::warn::===== http://localhost:8090 =====
2025:07:06 :: 15:46:04::info::===========development===========
2025:07:06 :: 15:46:04::info::===========port:8090=============
2025:07:06 :: 15:46:04::info::=================================
2025:07:06 :: 15:46:04::info::Mongodb is connected to database:oop
2025:07:06 :: 15:46:07::warn::===== http://localhost:8090 =====
2025:07:06 :: 15:46:07::info::===========development===========
2025:07:06 :: 15:46:07::info::===========port:8090=============
2025:07:06 :: 15:46:07::info::=================================
2025:07:06 :: 15:46:07::info::Mongodb is connected to database:oop
2025:07:06 :: 15:46:10::warn::===== http://localhost:8090 =====
2025:07:06 :: 15:46:10::info::===========development===========
2025:07:06 :: 15:46:10::info::===========port:8090=============
2025:07:06 :: 15:46:10::info::=================================
2025:07:06 :: 15:46:10::info::Mongodb is connected to database:oop
2025:07:06 :: 15:46:17::warn::===== http://localhost:8090 =====
2025:07:06 :: 15:46:17::info::===========development===========
2025:07:06 :: 15:46:17::info::===========port:8090=============
2025:07:06 :: 15:46:17::info::=================================
2025:07:06 :: 15:46:17::info::Mongodb is connected to database:oop
2025:07:06 :: 15:46:23::warn::===== http://localhost:8090 =====
2025:07:06 :: 15:46:23::info::===========development===========
2025:07:06 :: 15:46:23::info::===========port:8090=============
2025:07:06 :: 15:46:23::info::=================================
2025:07:06 :: 15:46:23::info::Mongodb is connected to database:oop
2025:07:06 :: 15:46:36::warn::===== http://localhost:8090 =====
2025:07:06 :: 15:46:36::info::===========development===========
2025:07:06 :: 15:46:36::info::===========port:8090=============
2025:07:06 :: 15:46:36::info::=================================
2025:07:06 :: 15:46:36::info::Mongodb is connected to database:oop
2025:07:06 :: 15:46:41::warn::===== http://localhost:8090 =====
2025:07:06 :: 15:46:41::info::===========development===========
2025:07:06 :: 15:46:41::info::===========port:8090=============
2025:07:06 :: 15:46:41::info::=================================
2025:07:06 :: 15:46:41::info::Mongodb is connected to database:oop
2025:07:06 :: 15:46:53::warn::===== http://localhost:8090 =====
2025:07:06 :: 15:46:53::info::===========development===========
2025:07:06 :: 15:46:53::info::===========port:8090=============
2025:07:06 :: 15:46:53::info::=================================
2025:07:06 :: 15:46:53::info::Mongodb is connected to database:oop
2025:07:06 :: 15:46:59::warn::===== http://localhost:8090 =====
2025:07:06 :: 15:46:59::info::===========development===========
2025:07:06 :: 15:46:59::info::===========port:8090=============
2025:07:06 :: 15:46:59::info::=================================
2025:07:06 :: 15:47:00::info::Mongodb is connected to database:oop
2025:07:06 :: 15:47:02::warn::===== http://localhost:8090 =====
2025:07:06 :: 15:47:02::info::===========development===========
2025:07:06 :: 15:47:02::info::===========port:8090=============
2025:07:06 :: 15:47:02::info::=================================
2025:07:06 :: 15:47:02::info::Mongodb is connected to database:oop
2025:07:06 :: 15:47:17::warn::===== http://localhost:8090 =====
2025:07:06 :: 15:47:17::info::===========development===========
2025:07:06 :: 15:47:17::info::===========port:8090=============
2025:07:06 :: 15:47:17::info::=================================
2025:07:06 :: 15:47:17::info::Mongodb is connected to database:oop
2025:07:06 :: 15:47:19::warn::===== http://localhost:8090 =====
2025:07:06 :: 15:47:19::info::===========development===========
2025:07:06 :: 15:47:19::info::===========port:8090=============
2025:07:06 :: 15:47:19::info::=================================
2025:07:06 :: 15:47:19::info::Mongodb is connected to database:oop
2025:07:06 :: 15:47:25::warn::===== http://localhost:8090 =====
2025:07:06 :: 15:47:25::info::===========development===========
2025:07:06 :: 15:47:25::info::===========port:8090=============
2025:07:06 :: 15:47:25::info::=================================
2025:07:06 :: 15:47:25::info::Mongodb is connected to database:oop
2025:07:06 :: 15:47:32::warn::===== http://localhost:8090 =====
2025:07:06 :: 15:47:32::info::===========development===========
2025:07:06 :: 15:47:32::info::===========port:8090=============
2025:07:06 :: 15:47:32::info::=================================
2025:07:06 :: 15:47:32::info::Mongodb is connected to database:oop
2025:07:06 :: 15:47:53::warn::===== http://localhost:8090 =====
2025:07:06 :: 15:47:53::info::===========development===========
2025:07:06 :: 15:47:53::info::===========port:8090=============
2025:07:06 :: 15:47:53::info::=================================
2025:07:06 :: 15:47:53::info::Mongodb is connected to database:oop
2025:07:06 :: 15:48:00::warn::===== http://localhost:8090 =====
2025:07:06 :: 15:48:00::info::===========development===========
2025:07:06 :: 15:48:00::info::===========port:8090=============
2025:07:06 :: 15:48:00::info::=================================
2025:07:06 :: 15:48:00::info::Mongodb is connected to database:oop
2025:07:06 :: 15:48:04::warn::===== http://localhost:8090 =====
2025:07:06 :: 15:48:04::info::===========development===========
2025:07:06 :: 15:48:04::info::===========port:8090=============
2025:07:06 :: 15:48:04::info::=================================
2025:07:06 :: 15:48:04::info::Mongodb is connected to database:oop
2025:07:06 :: 15:48:06::warn::===== http://localhost:8090 =====
2025:07:06 :: 15:48:06::info::===========development===========
2025:07:06 :: 15:48:06::info::===========port:8090=============
2025:07:06 :: 15:48:06::info::=================================
2025:07:06 :: 15:48:07::info::Mongodb is connected to database:oop
2025:07:06 :: 15:48:29::warn::===== http://localhost:8090 =====
2025:07:06 :: 15:48:29::info::===========development===========
2025:07:06 :: 15:48:29::info::===========port:8090=============
2025:07:06 :: 15:48:29::info::=================================
2025:07:06 :: 15:48:29::info::Mongodb is connected to database:oop
2025:07:06 :: 15:48:35::warn::===== http://localhost:8090 =====
2025:07:06 :: 15:48:35::info::===========development===========
2025:07:06 :: 15:48:35::info::===========port:8090=============
2025:07:06 :: 15:48:35::info::=================================
2025:07:06 :: 15:48:35::info::Mongodb is connected to database:oop
2025:07:06 :: 15:48:47::warn::===== http://localhost:8090 =====
2025:07:06 :: 15:48:47::info::===========development===========
2025:07:06 :: 15:48:47::info::===========port:8090=============
2025:07:06 :: 15:48:47::info::=================================
2025:07:06 :: 15:48:47::info::Mongodb is connected to database:oop
2025:07:06 :: 15:48:51::warn::===== http://localhost:8090 =====
2025:07:06 :: 15:48:51::info::===========development===========
2025:07:06 :: 15:48:51::info::===========port:8090=============
2025:07:06 :: 15:48:51::info::=================================
2025:07:06 :: 15:48:51::info::Mongodb is connected to database:oop
2025:07:06 :: 15:48:54::warn::===== http://localhost:8090 =====
2025:07:06 :: 15:48:54::info::===========development===========
2025:07:06 :: 15:48:54::info::===========port:8090=============
2025:07:06 :: 15:48:54::info::=================================
2025:07:06 :: 15:48:54::info::Mongodb is connected to database:oop
2025:07:06 :: 16:25:22::warn::===== http://localhost:8090 =====
2025:07:06 :: 16:25:22::info::===========development===========
2025:07:06 :: 16:25:22::info::===========port:8090=============
2025:07:06 :: 16:25:22::info::=================================
2025:07:06 :: 16:25:22::info::Mongodb is connected to database:oop
2025:07:06 :: 16:25:35::warn::===== http://localhost:8090 =====
2025:07:06 :: 16:25:35::info::===========development===========
2025:07:06 :: 16:25:35::info::===========port:8090=============
2025:07:06 :: 16:25:35::info::=================================
2025:07:06 :: 16:25:35::info::Mongodb is connected to database:oop
2025:07:06 :: 16:25:37::warn::===== http://localhost:8090 =====
2025:07:06 :: 16:25:37::info::===========development===========
2025:07:06 :: 16:25:37::info::===========port:8090=============
2025:07:06 :: 16:25:37::info::=================================
2025:07:06 :: 16:25:37::info::Mongodb is connected to database:oop
2025:07:06 :: 16:25:39::warn::===== http://localhost:8090 =====
2025:07:06 :: 16:25:39::info::===========development===========
2025:07:06 :: 16:25:39::info::===========port:8090=============
2025:07:06 :: 16:25:39::info::=================================
2025:07:06 :: 16:25:39::info::Mongodb is connected to database:oop
2025:07:06 :: 16:25:44::warn::===== http://localhost:8090 =====
2025:07:06 :: 16:25:44::info::===========development===========
2025:07:06 :: 16:25:44::info::===========port:8090=============
2025:07:06 :: 16:25:44::info::=================================
2025:07:06 :: 16:25:44::info::Mongodb is connected to database:oop
